<?xml version="1.0" encoding="utf-8"?>
<CoverageSession xmlns:xsd="http://www.w3.org/2001/XMLSchema" xmlns:xsi="http://www.w3.org/2001/XMLSchema-instance" Version="4.7.922.0">
  <Summary numSequencePoints="684" visitedSequencePoints="219" numBranchPoints="292" visitedBranchPoints="95" sequenceCoverage="32.02" branchCoverage="32.53" maxCyclomaticComplexity="22" minCyclomaticComplexity="1" maxCrapScore="506" minCrapScore="1" visitedClasses="17" numClasses="25" visitedMethods="73" numMethods="114" />
  <Modules>
    <Module hash="0C-C2-70-44-FE-05-7E-0F-9D-C6-49-45-A5-6A-2D-18-48-AA-EF-98">
      <Summary numSequencePoints="42" visitedSequencePoints="42" numBranchPoints="7" visitedBranchPoints="7" sequenceCoverage="100" branchCoverage="100" maxCyclomaticComplexity="1" minCyclomaticComplexity="1" maxCrapScore="2" minCrapScore="1" visitedClasses="3" numClasses="3" visitedMethods="7" numMethods="7" />
      <ModulePath>C:\Users\admin\source\repos\CourseWorkVar4\ServicesTests\bin\Debug\fine-code-coverage\build-output\ServicesTests.dll</ModulePath>
      <ModuleTime>2022-01-06T00:52:14.3666833Z</ModuleTime>
      <ModuleName>ServicesTests</ModuleName>
      <Files>
        <File uid="1" fullPath="C:\Users\admin\source\repos\CourseWorkVar4\ServicesTests\EmployeesServicesTests.cs" />
        <File uid="2" fullPath="C:\Users\admin\source\repos\CourseWorkVar4\ServicesTests\PositionsServicesTests.cs" />
        <File uid="3" fullPath="C:\Users\admin\source\repos\CourseWorkVar4\ServicesTests\UnitsServicesTests.cs" />
      </Files>
      <Classes>
        <Class>
          <Summary numSequencePoints="24" visitedSequencePoints="24" numBranchPoints="4" visitedBranchPoints="4" sequenceCoverage="100" branchCoverage="100" maxCyclomaticComplexity="1" minCyclomaticComplexity="1" maxCrapScore="2" minCrapScore="1" visitedClasses="1" numClasses="1" visitedMethods="4" numMethods="4" />
          <FullName>Services.Tests.EmployeesServicesTests</FullName>
          <Methods>
            <Method visited="true" cyclomaticComplexity="1" nPathComplexity="0" sequenceCoverage="100" branchCoverage="100" crapScore="1" isConstructor="false" isStatic="false" isGetter="false" isSetter="false">
              <Summary numSequencePoints="6" visitedSequencePoints="6" numBranchPoints="1" visitedBranchPoints="1" sequenceCoverage="100" branchCoverage="100" maxCyclomaticComplexity="1" minCyclomaticComplexity="1" maxCrapScore="1" minCrapScore="1" visitedClasses="0" numClasses="0" visitedMethods="1" numMethods="1" />
              <MetadataToken>100663297</MetadataToken>
              <Name>System.Void Services.Tests.EmployeesServicesTests::GetEmployeeInfoTest()</Name>
              <FileRef uid="1" />
              <SequencePoints>
                <SequencePoint vc="1" uspid="1" ordinal="0" offset="0" sl="17" sc="9" el="17" ec="10" bec="0" bev="0" fileid="1" />
                <SequencePoint vc="1" uspid="2" ordinal="1" offset="1" sl="19" sc="13" el="19" ec="75" bec="0" bev="0" fileid="1" />
                <SequencePoint vc="1" uspid="3" ordinal="2" offset="7" sl="21" sc="13" el="21" ec="44" bec="0" bev="0" fileid="1" />
                <SequencePoint vc="1" uspid="4" ordinal="3" offset="13" sl="24" sc="13" el="24" ec="70" bec="0" bev="0" fileid="1" />
                <SequencePoint vc="1" uspid="5" ordinal="4" offset="25" sl="27" sc="13" el="27" ec="50" bec="0" bev="0" fileid="1" />
                <SequencePoint vc="1" uspid="6" ordinal="5" offset="33" sl="28" sc="9" el="28" ec="10" bec="0" bev="0" fileid="1" />
              </SequencePoints>
              <BranchPoints />
              <MethodPoint xsi:type="SequencePoint" vc="1" uspid="1" ordinal="0" offset="0" sl="17" sc="9" el="17" ec="10" bec="0" bev="0" fileid="1" />
            </Method>
            <Method visited="true" cyclomaticComplexity="1" nPathComplexity="0" sequenceCoverage="100" branchCoverage="100" crapScore="1" isConstructor="false" isStatic="false" isGetter="false" isSetter="false">
              <Summary numSequencePoints="6" visitedSequencePoints="6" numBranchPoints="1" visitedBranchPoints="1" sequenceCoverage="100" branchCoverage="100" maxCyclomaticComplexity="1" minCyclomaticComplexity="1" maxCrapScore="1" minCrapScore="1" visitedClasses="0" numClasses="0" visitedMethods="1" numMethods="1" />
              <MetadataToken>100663298</MetadataToken>
              <Name>System.Void Services.Tests.EmployeesServicesTests::GetEmployeeProjectsInfoTest()</Name>
              <FileRef uid="1" />
              <SequencePoints>
                <SequencePoint vc="1" uspid="7" ordinal="0" offset="0" sl="32" sc="9" el="32" ec="10" bec="0" bev="0" fileid="1" />
                <SequencePoint vc="1" uspid="8" ordinal="1" offset="1" sl="34" sc="13" el="34" ec="75" bec="0" bev="0" fileid="1" />
                <SequencePoint vc="1" uspid="9" ordinal="2" offset="7" sl="36" sc="13" el="36" ec="44" bec="0" bev="0" fileid="1" />
                <SequencePoint vc="1" uspid="10" ordinal="3" offset="13" sl="39" sc="13" el="39" ec="78" bec="0" bev="0" fileid="1" />
                <SequencePoint vc="1" uspid="11" ordinal="4" offset="25" sl="42" sc="13" el="42" ec="50" bec="0" bev="0" fileid="1" />
                <SequencePoint vc="1" uspid="12" ordinal="5" offset="33" sl="43" sc="9" el="43" ec="10" bec="0" bev="0" fileid="1" />
              </SequencePoints>
              <BranchPoints />
              <MethodPoint xsi:type="SequencePoint" vc="1" uspid="7" ordinal="0" offset="0" sl="32" sc="9" el="32" ec="10" bec="0" bev="0" fileid="1" />
            </Method>
            <Method visited="true" cyclomaticComplexity="1" nPathComplexity="0" sequenceCoverage="100" branchCoverage="100" crapScore="1" isConstructor="false" isStatic="false" isGetter="false" isSetter="false">
              <Summary numSequencePoints="6" visitedSequencePoints="6" numBranchPoints="1" visitedBranchPoints="1" sequenceCoverage="100" branchCoverage="100" maxCyclomaticComplexity="1" minCyclomaticComplexity="1" maxCrapScore="1" minCrapScore="1" visitedClasses="0" numClasses="0" visitedMethods="1" numMethods="1" />
              <MetadataToken>100663299</MetadataToken>
              <Name>System.Void Services.Tests.EmployeesServicesTests::GetSortedEmployeesInfoTest()</Name>
              <FileRef uid="1" />
              <SequencePoints>
                <SequencePoint vc="1" uspid="13" ordinal="0" offset="0" sl="47" sc="9" el="47" ec="10" bec="0" bev="0" fileid="1" />
                <SequencePoint vc="1" uspid="14" ordinal="1" offset="1" sl="49" sc="13" el="49" ec="75" bec="0" bev="0" fileid="1" />
                <SequencePoint vc="1" uspid="15" ordinal="2" offset="7" sl="51" sc="13" el="51" ec="44" bec="0" bev="0" fileid="1" />
                <SequencePoint vc="1" uspid="16" ordinal="3" offset="13" sl="54" sc="13" el="54" ec="71" bec="0" bev="0" fileid="1" />
                <SequencePoint vc="1" uspid="17" ordinal="4" offset="25" sl="57" sc="13" el="57" ec="50" bec="0" bev="0" fileid="1" />
                <SequencePoint vc="1" uspid="18" ordinal="5" offset="33" sl="58" sc="9" el="58" ec="10" bec="0" bev="0" fileid="1" />
              </SequencePoints>
              <BranchPoints />
              <MethodPoint xsi:type="SequencePoint" vc="1" uspid="13" ordinal="0" offset="0" sl="47" sc="9" el="47" ec="10" bec="0" bev="0" fileid="1" />
            </Method>
            <Method visited="true" cyclomaticComplexity="1" nPathComplexity="0" sequenceCoverage="100" branchCoverage="100" crapScore="1" isConstructor="false" isStatic="false" isGetter="false" isSetter="false">
              <Summary numSequencePoints="6" visitedSequencePoints="6" numBranchPoints="1" visitedBranchPoints="1" sequenceCoverage="100" branchCoverage="100" maxCyclomaticComplexity="1" minCyclomaticComplexity="1" maxCrapScore="1" minCrapScore="1" visitedClasses="0" numClasses="0" visitedMethods="1" numMethods="1" />
              <MetadataToken>100663300</MetadataToken>
              <Name>System.Void Services.Tests.EmployeesServicesTests::GetEmployeesInfoTest()</Name>
              <FileRef uid="1" />
              <SequencePoints>
                <SequencePoint vc="1" uspid="19" ordinal="0" offset="0" sl="62" sc="9" el="62" ec="10" bec="0" bev="0" fileid="1" />
                <SequencePoint vc="1" uspid="20" ordinal="1" offset="1" sl="64" sc="13" el="64" ec="75" bec="0" bev="0" fileid="1" />
                <SequencePoint vc="1" uspid="21" ordinal="2" offset="7" sl="66" sc="13" el="66" ec="44" bec="0" bev="0" fileid="1" />
                <SequencePoint vc="1" uspid="22" ordinal="3" offset="13" sl="69" sc="13" el="69" ec="59" bec="0" bev="0" fileid="1" />
                <SequencePoint vc="1" uspid="23" ordinal="4" offset="20" sl="72" sc="13" el="72" ec="50" bec="0" bev="0" fileid="1" />
                <SequencePoint vc="1" uspid="24" ordinal="5" offset="28" sl="73" sc="9" el="73" ec="10" bec="0" bev="0" fileid="1" />
              </SequencePoints>
              <BranchPoints />
              <MethodPoint xsi:type="SequencePoint" vc="1" uspid="19" ordinal="0" offset="0" sl="62" sc="9" el="62" ec="10" bec="0" bev="0" fileid="1" />
            </Method>
            <Method visited="false" cyclomaticComplexity="1" nPathComplexity="0" sequenceCoverage="0" branchCoverage="0" crapScore="2" isConstructor="true" isStatic="false" isGetter="false" isSetter="false">
              <Summary numSequencePoints="0" visitedSequencePoints="0" numBranchPoints="0" visitedBranchPoints="0" sequenceCoverage="0" branchCoverage="0" maxCyclomaticComplexity="1" minCyclomaticComplexity="1" maxCrapScore="2" minCrapScore="2" visitedClasses="0" numClasses="0" visitedMethods="0" numMethods="0" />
              <MetadataToken>100663301</MetadataToken>
              <Name>System.Void Services.Tests.EmployeesServicesTests::.ctor()</Name>
              <SequencePoints />
              <BranchPoints />
              <MethodPoint vc="0" uspid="25" ordinal="0" offset="0" />
            </Method>
          </Methods>
        </Class>
        <Class>
          <Summary numSequencePoints="12" visitedSequencePoints="12" numBranchPoints="2" visitedBranchPoints="2" sequenceCoverage="100" branchCoverage="100" maxCyclomaticComplexity="1" minCyclomaticComplexity="1" maxCrapScore="2" minCrapScore="1" visitedClasses="1" numClasses="1" visitedMethods="2" numMethods="2" />
          <FullName>Services.Tests.PositionsServicesTests</FullName>
          <Methods>
            <Method visited="true" cyclomaticComplexity="1" nPathComplexity="0" sequenceCoverage="100" branchCoverage="100" crapScore="1" isConstructor="false" isStatic="false" isGetter="false" isSetter="false">
              <Summary numSequencePoints="6" visitedSequencePoints="6" numBranchPoints="1" visitedBranchPoints="1" sequenceCoverage="100" branchCoverage="100" maxCyclomaticComplexity="1" minCyclomaticComplexity="1" maxCrapScore="1" minCrapScore="1" visitedClasses="0" numClasses="0" visitedMethods="1" numMethods="1" />
              <MetadataToken>100663302</MetadataToken>
              <Name>System.Void Services.Tests.PositionsServicesTests::GetTopFivePositionTest()</Name>
              <FileRef uid="2" />
              <SequencePoints>
                <SequencePoint vc="1" uspid="26" ordinal="0" offset="0" sl="16" sc="9" el="16" ec="10" bec="0" bev="0" fileid="2" />
                <SequencePoint vc="1" uspid="27" ordinal="1" offset="1" sl="18" sc="13" el="18" ec="75" bec="0" bev="0" fileid="2" />
                <SequencePoint vc="1" uspid="28" ordinal="2" offset="7" sl="20" sc="13" el="20" ec="44" bec="0" bev="0" fileid="2" />
                <SequencePoint vc="1" uspid="29" ordinal="3" offset="13" sl="23" sc="13" el="23" ec="61" bec="0" bev="0" fileid="2" />
                <SequencePoint vc="1" uspid="30" ordinal="4" offset="20" sl="26" sc="13" el="26" ec="50" bec="0" bev="0" fileid="2" />
                <SequencePoint vc="1" uspid="31" ordinal="5" offset="28" sl="27" sc="9" el="27" ec="10" bec="0" bev="0" fileid="2" />
              </SequencePoints>
              <BranchPoints />
              <MethodPoint xsi:type="SequencePoint" vc="1" uspid="26" ordinal="0" offset="0" sl="16" sc="9" el="16" ec="10" bec="0" bev="0" fileid="2" />
            </Method>
            <Method visited="true" cyclomaticComplexity="1" nPathComplexity="0" sequenceCoverage="100" branchCoverage="100" crapScore="1" isConstructor="false" isStatic="false" isGetter="false" isSetter="false">
              <Summary numSequencePoints="6" visitedSequencePoints="6" numBranchPoints="1" visitedBranchPoints="1" sequenceCoverage="100" branchCoverage="100" maxCyclomaticComplexity="1" minCyclomaticComplexity="1" maxCrapScore="1" minCrapScore="1" visitedClasses="0" numClasses="0" visitedMethods="1" numMethods="1" />
              <MetadataToken>100663303</MetadataToken>
              <Name>System.Void Services.Tests.PositionsServicesTests::GetBestEmployeeTest()</Name>
              <FileRef uid="2" />
              <SequencePoints>
                <SequencePoint vc="1" uspid="32" ordinal="0" offset="0" sl="31" sc="9" el="31" ec="10" bec="0" bev="0" fileid="2" />
                <SequencePoint vc="1" uspid="33" ordinal="1" offset="1" sl="33" sc="13" el="33" ec="75" bec="0" bev="0" fileid="2" />
                <SequencePoint vc="1" uspid="34" ordinal="2" offset="7" sl="35" sc="13" el="35" ec="44" bec="0" bev="0" fileid="2" />
                <SequencePoint vc="1" uspid="35" ordinal="3" offset="13" sl="38" sc="13" el="38" ec="64" bec="0" bev="0" fileid="2" />
                <SequencePoint vc="1" uspid="36" ordinal="4" offset="25" sl="41" sc="13" el="41" ec="50" bec="0" bev="0" fileid="2" />
                <SequencePoint vc="1" uspid="37" ordinal="5" offset="33" sl="42" sc="9" el="42" ec="10" bec="0" bev="0" fileid="2" />
              </SequencePoints>
              <BranchPoints />
              <MethodPoint xsi:type="SequencePoint" vc="1" uspid="32" ordinal="0" offset="0" sl="31" sc="9" el="31" ec="10" bec="0" bev="0" fileid="2" />
            </Method>
            <Method visited="false" cyclomaticComplexity="1" nPathComplexity="0" sequenceCoverage="0" branchCoverage="0" crapScore="2" isConstructor="true" isStatic="false" isGetter="false" isSetter="false">
              <Summary numSequencePoints="0" visitedSequencePoints="0" numBranchPoints="0" visitedBranchPoints="0" sequenceCoverage="0" branchCoverage="0" maxCyclomaticComplexity="1" minCyclomaticComplexity="1" maxCrapScore="2" minCrapScore="2" visitedClasses="0" numClasses="0" visitedMethods="0" numMethods="0" />
              <MetadataToken>100663304</MetadataToken>
              <Name>System.Void Services.Tests.PositionsServicesTests::.ctor()</Name>
              <SequencePoints />
              <BranchPoints />
              <MethodPoint vc="0" uspid="38" ordinal="0" offset="0" />
            </Method>
          </Methods>
        </Class>
        <Class>
          <Summary numSequencePoints="6" visitedSequencePoints="6" numBranchPoints="1" visitedBranchPoints="1" sequenceCoverage="100" branchCoverage="100" maxCyclomaticComplexity="1" minCyclomaticComplexity="1" maxCrapScore="2" minCrapScore="1" visitedClasses="1" numClasses="1" visitedMethods="1" numMethods="1" />
          <FullName>Services.Tests.UnitsServicesTests</FullName>
          <Methods>
            <Method visited="true" cyclomaticComplexity="1" nPathComplexity="0" sequenceCoverage="100" branchCoverage="100" crapScore="1" isConstructor="false" isStatic="false" isGetter="false" isSetter="false">
              <Summary numSequencePoints="6" visitedSequencePoints="6" numBranchPoints="1" visitedBranchPoints="1" sequenceCoverage="100" branchCoverage="100" maxCyclomaticComplexity="1" minCyclomaticComplexity="1" maxCrapScore="1" minCrapScore="1" visitedClasses="0" numClasses="0" visitedMethods="1" numMethods="1" />
              <MetadataToken>100663305</MetadataToken>
              <Name>System.Void Services.Tests.UnitsServicesTests::GetUnitInfoTest()</Name>
              <FileRef uid="3" />
              <SequencePoints>
                <SequencePoint vc="1" uspid="39" ordinal="0" offset="0" sl="16" sc="9" el="16" ec="10" bec="0" bev="0" fileid="3" />
                <SequencePoint vc="1" uspid="40" ordinal="1" offset="1" sl="18" sc="13" el="18" ec="63" bec="0" bev="0" fileid="3" />
                <SequencePoint vc="1" uspid="41" ordinal="2" offset="7" sl="20" sc="13" el="20" ec="44" bec="0" bev="0" fileid="3" />
                <SequencePoint vc="1" uspid="42" ordinal="3" offset="13" sl="23" sc="13" el="23" ec="53" bec="0" bev="0" fileid="3" />
                <SequencePoint vc="1" uspid="43" ordinal="4" offset="25" sl="26" sc="13" el="26" ec="50" bec="0" bev="0" fileid="3" />
                <SequencePoint vc="1" uspid="44" ordinal="5" offset="33" sl="27" sc="9" el="27" ec="10" bec="0" bev="0" fileid="3" />
              </SequencePoints>
              <BranchPoints />
              <MethodPoint xsi:type="SequencePoint" vc="1" uspid="39" ordinal="0" offset="0" sl="16" sc="9" el="16" ec="10" bec="0" bev="0" fileid="3" />
            </Method>
            <Method visited="false" cyclomaticComplexity="1" nPathComplexity="0" sequenceCoverage="0" branchCoverage="0" crapScore="2" isConstructor="true" isStatic="false" isGetter="false" isSetter="false">
              <Summary numSequencePoints="0" visitedSequencePoints="0" numBranchPoints="0" visitedBranchPoints="0" sequenceCoverage="0" branchCoverage="0" maxCyclomaticComplexity="1" minCyclomaticComplexity="1" maxCrapScore="2" minCrapScore="2" visitedClasses="0" numClasses="0" visitedMethods="0" numMethods="0" />
              <MetadataToken>100663306</MetadataToken>
              <Name>System.Void Services.Tests.UnitsServicesTests::.ctor()</Name>
              <SequencePoints />
              <BranchPoints />
              <MethodPoint vc="0" uspid="45" ordinal="0" offset="0" />
            </Method>
          </Methods>
        </Class>
      </Classes>
    </Module>
    <Module hash="38-4A-FA-B3-64-5C-98-9D-5C-AA-DF-A3-A3-09-FA-11-39-AC-62-E5">
      <Summary numSequencePoints="461" visitedSequencePoints="111" numBranchPoints="197" visitedBranchPoints="37" sequenceCoverage="24.08" branchCoverage="18.78" maxCyclomaticComplexity="22" minCyclomaticComplexity="1" maxCrapScore="506" minCrapScore="1" visitedClasses="7" numClasses="15" visitedMethods="18" numMethods="43" />
      <ModulePath>C:\Users\admin\source\repos\CourseWorkVar4\ServicesTests\bin\Debug\fine-code-coverage\build-output\Services.dll</ModulePath>
      <ModuleTime>2022-01-06T00:52:11.3514266Z</ModuleTime>
      <ModuleName>Services</ModuleName>
      <Files>
        <File uid="7" fullPath="C:\Users\admin\source\repos\CourseWorkVar4\Services\EmployeesServices.cs" />
        <File uid="12" fullPath="C:\Users\admin\source\repos\CourseWorkVar4\Services\PositionsServices.cs" />
        <File uid="15" fullPath="C:\Users\admin\source\repos\CourseWorkVar4\Services\SearchService.cs" />
        <File uid="18" fullPath="C:\Users\admin\source\repos\CourseWorkVar4\Services\UnitsServices.cs" />
      </Files>
      <Classes>
        <Class>
          <Summary numSequencePoints="191" visitedSequencePoints="67" numBranchPoints="56" visitedBranchPoints="18" sequenceCoverage="35.08" branchCoverage="32.14" maxCyclomaticComplexity="10" minCyclomaticComplexity="1" maxCrapScore="72" minCrapScore="1" visitedClasses="1" numClasses="1" visitedMethods="8" numMethods="12" />
          <FullName>Services.EmployeesServices</FullName>
          <Methods>
            <Method visited="true" cyclomaticComplexity="2" nPathComplexity="2" sequenceCoverage="77.78" branchCoverage="66.67" crapScore="2.04" isConstructor="false" isStatic="false" isGetter="false" isSetter="false">
              <Summary numSequencePoints="9" visitedSequencePoints="7" numBranchPoints="3" visitedBranchPoints="2" sequenceCoverage="77.78" branchCoverage="66.67" maxCyclomaticComplexity="2" minCyclomaticComplexity="2" maxCrapScore="2.04" minCrapScore="2.04" visitedClasses="0" numClasses="0" visitedMethods="1" numMethods="1" />
              <MetadataToken>100663297</MetadataToken>
              <Name>System.String Services.EmployeesServices::GetEmployeeInfo(System.String)</Name>
              <FileRef uid="7" />
              <SequencePoints>
                <SequencePoint vc="3" uspid="46" ordinal="0" offset="0" sl="18" sc="9" el="18" ec="10" bec="0" bev="0" fileid="7" />
                <SequencePoint vc="3" uspid="47" ordinal="1" offset="1" sl="19" sc="13" el="19" ec="57" bec="0" bev="0" fileid="7" />
                <SequencePoint vc="3" uspid="48" ordinal="2" offset="9" sl="21" sc="13" el="21" ec="34" bec="2" bev="1" fileid="7" />
                <SequencePoint vc="0" uspid="49" ordinal="3" offset="17" sl="22" sc="13" el="22" ec="14" bec="0" bev="0" fileid="7" />
                <SequencePoint vc="0" uspid="50" ordinal="4" offset="18" sl="23" sc="17" el="23" ec="83" bec="0" bev="0" fileid="7" />
                <SequencePoint vc="3" uspid="51" ordinal="5" offset="29" sl="26" sc="13" el="26" ec="29" bec="0" bev="0" fileid="7" />
                <SequencePoint vc="3" uspid="52" ordinal="6" offset="35" sl="28" sc="13" el="37" ec="71" bec="0" bev="0" fileid="7" />
                <SequencePoint vc="3" uspid="53" ordinal="7" offset="305" sl="39" sc="13" el="39" ec="24" bec="0" bev="0" fileid="7" />
                <SequencePoint vc="3" uspid="54" ordinal="8" offset="309" sl="40" sc="9" el="40" ec="10" bec="0" bev="0" fileid="7" />
              </SequencePoints>
              <BranchPoints>
                <BranchPoint vc="0" uspid="55" ordinal="0" offset="15" sl="21" path="0" offsetend="17" fileid="7" />
                <BranchPoint vc="3" uspid="56" ordinal="1" offset="15" sl="21" path="1" offsetend="29" fileid="7" />
              </BranchPoints>
              <MethodPoint xsi:type="SequencePoint" vc="3" uspid="46" ordinal="0" offset="0" sl="18" sc="9" el="18" ec="10" bec="0" bev="0" fileid="7" />
            </Method>
            <Method visited="true" cyclomaticComplexity="4" nPathComplexity="4" sequenceCoverage="77.78" branchCoverage="60" crapScore="4.18" isConstructor="false" isStatic="false" isGetter="false" isSetter="false">
              <Summary numSequencePoints="18" visitedSequencePoints="14" numBranchPoints="5" visitedBranchPoints="3" sequenceCoverage="77.78" branchCoverage="60" maxCyclomaticComplexity="4" minCyclomaticComplexity="4" maxCrapScore="4.18" minCrapScore="4.18" visitedClasses="0" numClasses="0" visitedMethods="1" numMethods="1" />
              <MetadataToken>100663298</MetadataToken>
              <Name>System.String Services.EmployeesServices::GetEmployeeProjectsInfo(System.String)</Name>
              <FileRef uid="7" />
              <SequencePoints>
                <SequencePoint vc="1" uspid="57" ordinal="0" offset="0" sl="43" sc="9" el="43" ec="10" bec="0" bev="0" fileid="7" />
                <SequencePoint vc="1" uspid="58" ordinal="1" offset="1" sl="44" sc="13" el="44" ec="57" bec="0" bev="0" fileid="7" />
                <SequencePoint vc="1" uspid="59" ordinal="2" offset="9" sl="46" sc="13" el="46" ec="34" bec="2" bev="1" fileid="7" />
                <SequencePoint vc="0" uspid="60" ordinal="3" offset="17" sl="47" sc="13" el="47" ec="14" bec="0" bev="0" fileid="7" />
                <SequencePoint vc="0" uspid="61" ordinal="4" offset="18" sl="48" sc="17" el="48" ec="83" bec="0" bev="0" fileid="7" />
                <SequencePoint vc="1" uspid="62" ordinal="5" offset="29" sl="51" sc="13" el="51" ec="45" bec="2" bev="1" fileid="7" />
                <SequencePoint vc="0" uspid="63" ordinal="6" offset="49" sl="52" sc="13" el="52" ec="14" bec="0" bev="0" fileid="7" />
                <SequencePoint vc="0" uspid="64" ordinal="7" offset="50" sl="53" sc="17" el="53" ec="63" bec="0" bev="0" fileid="7" />
                <SequencePoint vc="1" uspid="65" ordinal="8" offset="58" sl="56" sc="13" el="56" ec="29" bec="0" bev="0" fileid="7" />
                <SequencePoint vc="1" uspid="66" ordinal="9" offset="64" sl="58" sc="13" el="58" ec="20" bec="0" bev="0" fileid="7" />
                <SequencePoint vc="1" uspid="67" ordinal="10" offset="65" sl="58" sc="36" el="58" ec="53" bec="0" bev="0" fileid="7" />
                <SequencePoint vc="2" uspid="68" ordinal="11" offset="80" sl="58" sc="21" el="58" ec="32" bec="0" bev="0" fileid="7" />
                <SequencePoint vc="2" uspid="69" ordinal="12" offset="89" sl="59" sc="13" el="59" ec="14" bec="0" bev="0" fileid="7" />
                <SequencePoint vc="2" uspid="70" ordinal="13" offset="90" sl="60" sc="17" el="60" ec="93" bec="0" bev="0" fileid="7" />
                <SequencePoint vc="2" uspid="71" ordinal="14" offset="126" sl="61" sc="13" el="61" ec="14" bec="0" bev="0" fileid="7" />
                <SequencePoint vc="3" uspid="72" ordinal="15" offset="127" sl="58" sc="33" el="58" ec="35" bec="0" bev="0" fileid="7" />
                <SequencePoint vc="1" uspid="73" ordinal="16" offset="153" sl="63" sc="13" el="63" ec="24" bec="0" bev="0" fileid="7" />
                <SequencePoint vc="1" uspid="74" ordinal="17" offset="157" sl="64" sc="9" el="64" ec="10" bec="0" bev="0" fileid="7" />
              </SequencePoints>
              <BranchPoints>
                <BranchPoint vc="0" uspid="75" ordinal="0" offset="15" sl="46" path="0" offsetend="17" fileid="7" />
                <BranchPoint vc="1" uspid="76" ordinal="1" offset="15" sl="46" path="1" offsetend="29" fileid="7" />
                <BranchPoint vc="0" uspid="77" ordinal="2" offset="47" sl="51" path="0" offsetend="49" fileid="7" />
                <BranchPoint vc="1" uspid="78" ordinal="3" offset="47" sl="51" path="1" offsetend="58" fileid="7" />
              </BranchPoints>
              <MethodPoint xsi:type="SequencePoint" vc="1" uspid="57" ordinal="0" offset="0" sl="43" sc="9" el="43" ec="10" bec="0" bev="0" fileid="7" />
            </Method>
            <Method visited="true" cyclomaticComplexity="10" nPathComplexity="256" sequenceCoverage="58.06" branchCoverage="29.41" crapScore="17.38" isConstructor="false" isStatic="false" isGetter="false" isSetter="false">
              <Summary numSequencePoints="31" visitedSequencePoints="18" numBranchPoints="17" visitedBranchPoints="5" sequenceCoverage="58.06" branchCoverage="29.41" maxCyclomaticComplexity="10" minCyclomaticComplexity="10" maxCrapScore="17.38" minCrapScore="17.38" visitedClasses="0" numClasses="0" visitedMethods="1" numMethods="1" />
              <MetadataToken>100663299</MetadataToken>
              <Name>System.String Services.EmployeesServices::GetSortedEmployeesInfo(System.String)</Name>
              <FileRef uid="7" />
              <SequencePoints>
                <SequencePoint vc="1" uspid="81" ordinal="0" offset="0" sl="67" sc="9" el="67" ec="10" bec="0" bev="0" fileid="7" />
                <SequencePoint vc="1" uspid="82" ordinal="1" offset="1" sl="68" sc="13" el="68" ec="44" bec="0" bev="0" fileid="7" />
                <SequencePoint vc="1" uspid="83" ordinal="2" offset="13" sl="70" sc="13" el="70" ec="38" bec="2" bev="1" fileid="7" />
                <SequencePoint vc="0" uspid="84" ordinal="3" offset="31" sl="71" sc="13" el="71" ec="14" bec="0" bev="0" fileid="7" />
                <SequencePoint vc="0" uspid="85" ordinal="4" offset="32" sl="72" sc="17" el="72" ec="55" bec="0" bev="0" fileid="7" />
                <SequencePoint vc="1" uspid="86" ordinal="5" offset="43" sl="75" sc="13" el="75" ec="38" bec="2" bev="1" fileid="7" />
                <SequencePoint vc="1" uspid="87" ordinal="6" offset="58" sl="76" sc="13" el="76" ec="14" bec="0" bev="0" fileid="7" />
                <SequencePoint vc="1" uspid="88" ordinal="7" offset="59" sl="77" sc="17" el="77" ec="86" bec="2" bev="1" fileid="7" />
                <SequencePoint vc="1" uspid="89" ordinal="8" offset="102" sl="78" sc="13" el="78" ec="14" bec="0" bev="0" fileid="7" />
                <SequencePoint vc="0" uspid="90" ordinal="9" offset="108" sl="79" sc="18" el="79" ec="46" bec="2" bev="0" fileid="7" />
                <SequencePoint vc="0" uspid="91" ordinal="10" offset="125" sl="80" sc="13" el="80" ec="14" bec="0" bev="0" fileid="7" />
                <SequencePoint vc="0" uspid="92" ordinal="11" offset="126" sl="81" sc="17" el="81" ec="94" bec="2" bev="0" fileid="7" />
                <SequencePoint vc="0" uspid="93" ordinal="12" offset="169" sl="82" sc="13" el="82" ec="14" bec="0" bev="0" fileid="7" />
                <SequencePoint vc="0" uspid="94" ordinal="13" offset="172" sl="83" sc="18" el="83" ec="45" bec="2" bev="0" fileid="7" />
                <SequencePoint vc="0" uspid="95" ordinal="14" offset="189" sl="84" sc="13" el="84" ec="14" bec="0" bev="0" fileid="7" />
                <SequencePoint vc="0" uspid="96" ordinal="15" offset="190" sl="85" sc="17" el="85" ec="108" bec="2" bev="0" fileid="7" />
                <SequencePoint vc="0" uspid="97" ordinal="16" offset="233" sl="86" sc="13" el="86" ec="14" bec="0" bev="0" fileid="7" />
                <SequencePoint vc="0" uspid="98" ordinal="17" offset="236" sl="88" sc="13" el="88" ec="14" bec="0" bev="0" fileid="7" />
                <SequencePoint vc="0" uspid="99" ordinal="18" offset="237" sl="89" sc="17" el="89" ec="51" bec="0" bev="0" fileid="7" />
                <SequencePoint vc="1" uspid="100" ordinal="19" offset="245" sl="92" sc="13" el="92" ec="29" bec="0" bev="0" fileid="7" />
                <SequencePoint vc="1" uspid="101" ordinal="20" offset="251" sl="94" sc="13" el="94" ec="20" bec="0" bev="0" fileid="7" />
                <SequencePoint vc="1" uspid="102" ordinal="21" offset="252" sl="94" sc="38" el="94" ec="47" bec="0" bev="0" fileid="7" />
                <SequencePoint vc="1" uspid="103" ordinal="22" offset="267" sl="94" sc="22" el="94" ec="34" bec="0" bev="0" fileid="7" />
                <SequencePoint vc="1" uspid="104" ordinal="23" offset="276" sl="95" sc="13" el="95" ec="14" bec="0" bev="0" fileid="7" />
                <SequencePoint vc="1" uspid="105" ordinal="24" offset="277" sl="96" sc="17" el="96" ec="31" bec="2" bev="1" fileid="7" />
                <SequencePoint vc="0" uspid="106" ordinal="25" offset="294" sl="97" sc="21" el="97" ec="61" bec="0" bev="0" fileid="7" />
                <SequencePoint vc="1" uspid="107" ordinal="26" offset="306" sl="99" sc="17" el="99" ec="69" bec="0" bev="0" fileid="7" />
                <SequencePoint vc="1" uspid="108" ordinal="27" offset="326" sl="100" sc="13" el="100" ec="14" bec="0" bev="0" fileid="7" />
                <SequencePoint vc="2" uspid="109" ordinal="28" offset="327" sl="94" sc="35" el="94" ec="37" bec="0" bev="0" fileid="7" />
                <SequencePoint vc="1" uspid="110" ordinal="29" offset="353" sl="102" sc="13" el="102" ec="24" bec="0" bev="0" fileid="7" />
                <SequencePoint vc="1" uspid="111" ordinal="30" offset="357" sl="103" sc="9" el="103" ec="10" bec="0" bev="0" fileid="7" />
              </SequencePoints>
              <BranchPoints>
                <BranchPoint vc="0" uspid="112" ordinal="0" offset="29" sl="70" path="0" offsetend="31" fileid="7" />
                <BranchPoint vc="1" uspid="113" ordinal="1" offset="29" sl="70" path="1" offsetend="43" fileid="7" />
                <BranchPoint vc="1" uspid="114" ordinal="2" offset="56" sl="75" path="0" offsetend="58" fileid="7" />
                <BranchPoint vc="0" uspid="115" ordinal="3" offset="56" sl="75" path="1" offsetend="108" fileid="7" />
                <BranchPoint vc="1" uspid="116" ordinal="4" offset="71" sl="77" path="0" offsetend="73" fileid="7" />
                <BranchPoint vc="0" uspid="117" ordinal="5" offset="71" sl="77" path="1" offsetend="96" fileid="7" />
                <BranchPoint vc="0" uspid="118" ordinal="6" offset="123" sl="79" path="0" offsetend="125" fileid="7" />
                <BranchPoint vc="0" uspid="119" ordinal="7" offset="123" sl="79" path="1" offsetend="172" fileid="7" />
                <BranchPoint vc="0" uspid="120" ordinal="8" offset="138" sl="81" path="0" offsetend="140" fileid="7" />
                <BranchPoint vc="0" uspid="121" ordinal="9" offset="138" sl="81" path="1" offsetend="163" fileid="7" />
                <BranchPoint vc="0" uspid="122" ordinal="10" offset="187" sl="83" path="0" offsetend="189" fileid="7" />
                <BranchPoint vc="0" uspid="123" ordinal="11" offset="187" sl="83" path="1" offsetend="236" fileid="7" />
                <BranchPoint vc="0" uspid="124" ordinal="12" offset="202" sl="85" path="0" offsetend="204" fileid="7" />
                <BranchPoint vc="0" uspid="125" ordinal="13" offset="202" sl="85" path="1" offsetend="227" fileid="7" />
                <BranchPoint vc="0" uspid="126" ordinal="14" offset="292" sl="96" path="0" offsetend="294" fileid="7" />
                <BranchPoint vc="1" uspid="127" ordinal="15" offset="292" sl="96" path="1" offsetend="306" fileid="7" />
              </BranchPoints>
              <MethodPoint xsi:type="SequencePoint" vc="1" uspid="81" ordinal="0" offset="0" sl="67" sc="9" el="67" ec="10" bec="0" bev="0" fileid="7" />
            </Method>
            <Method visited="false" cyclomaticComplexity="4" nPathComplexity="4" sequenceCoverage="0" branchCoverage="0" crapScore="20" isConstructor="false" isStatic="false" isGetter="false" isSetter="false">
              <Summary numSequencePoints="16" visitedSequencePoints="0" numBranchPoints="5" visitedBranchPoints="0" sequenceCoverage="0" branchCoverage="0" maxCyclomaticComplexity="4" minCyclomaticComplexity="4" maxCrapScore="20" minCrapScore="20" visitedClasses="0" numClasses="0" visitedMethods="0" numMethods="1" />
              <MetadataToken>100663300</MetadataToken>
              <Name>System.String Services.EmployeesServices::GetEmployeesInfo(System.Collections.Generic.List`1&lt;Entities.Employee&gt;)</Name>
              <FileRef uid="7" />
              <SequencePoints>
                <SequencePoint vc="0" uspid="130" ordinal="0" offset="0" sl="106" sc="9" el="106" ec="10" bec="0" bev="0" fileid="7" />
                <SequencePoint vc="0" uspid="131" ordinal="1" offset="1" sl="107" sc="13" el="107" ec="38" bec="2" bev="0" fileid="7" />
                <SequencePoint vc="0" uspid="132" ordinal="2" offset="14" sl="108" sc="13" el="108" ec="14" bec="0" bev="0" fileid="7" />
                <SequencePoint vc="0" uspid="133" ordinal="3" offset="15" sl="109" sc="17" el="109" ec="52" bec="0" bev="0" fileid="7" />
                <SequencePoint vc="0" uspid="134" ordinal="4" offset="23" sl="112" sc="13" el="112" ec="29" bec="0" bev="0" fileid="7" />
                <SequencePoint vc="0" uspid="135" ordinal="5" offset="29" sl="114" sc="13" el="114" ec="20" bec="0" bev="0" fileid="7" />
                <SequencePoint vc="0" uspid="136" ordinal="6" offset="30" sl="114" sc="38" el="114" ec="47" bec="0" bev="0" fileid="7" />
                <SequencePoint vc="0" uspid="137" ordinal="7" offset="39" sl="114" sc="22" el="114" ec="34" bec="0" bev="0" fileid="7" />
                <SequencePoint vc="0" uspid="138" ordinal="8" offset="48" sl="115" sc="13" el="115" ec="14" bec="0" bev="0" fileid="7" />
                <SequencePoint vc="0" uspid="139" ordinal="9" offset="49" sl="116" sc="17" el="116" ec="31" bec="2" bev="0" fileid="7" />
                <SequencePoint vc="0" uspid="140" ordinal="10" offset="66" sl="117" sc="21" el="117" ec="61" bec="0" bev="0" fileid="7" />
                <SequencePoint vc="0" uspid="141" ordinal="11" offset="78" sl="119" sc="17" el="119" ec="69" bec="0" bev="0" fileid="7" />
                <SequencePoint vc="0" uspid="142" ordinal="12" offset="98" sl="120" sc="13" el="120" ec="14" bec="0" bev="0" fileid="7" />
                <SequencePoint vc="0" uspid="143" ordinal="13" offset="99" sl="114" sc="35" el="114" ec="37" bec="0" bev="0" fileid="7" />
                <SequencePoint vc="0" uspid="144" ordinal="14" offset="125" sl="122" sc="13" el="122" ec="24" bec="0" bev="0" fileid="7" />
                <SequencePoint vc="0" uspid="145" ordinal="15" offset="129" sl="123" sc="9" el="123" ec="10" bec="0" bev="0" fileid="7" />
              </SequencePoints>
              <BranchPoints>
                <BranchPoint vc="0" uspid="146" ordinal="0" offset="12" sl="107" path="0" offsetend="14" fileid="7" />
                <BranchPoint vc="0" uspid="147" ordinal="1" offset="12" sl="107" path="1" offsetend="23" fileid="7" />
                <BranchPoint vc="0" uspid="148" ordinal="2" offset="64" sl="116" path="0" offsetend="66" fileid="7" />
                <BranchPoint vc="0" uspid="149" ordinal="3" offset="64" sl="116" path="1" offsetend="78" fileid="7" />
              </BranchPoints>
              <MethodPoint xsi:type="SequencePoint" vc="0" uspid="130" ordinal="0" offset="0" sl="106" sc="9" el="106" ec="10" bec="0" bev="0" fileid="7" />
            </Method>
            <Method visited="true" cyclomaticComplexity="4" nPathComplexity="4" sequenceCoverage="82.35" branchCoverage="60" crapScore="4.09" isConstructor="false" isStatic="false" isGetter="false" isSetter="false">
              <Summary numSequencePoints="17" visitedSequencePoints="14" numBranchPoints="5" visitedBranchPoints="3" sequenceCoverage="82.35" branchCoverage="60" maxCyclomaticComplexity="4" minCyclomaticComplexity="4" maxCrapScore="4.09" minCrapScore="4.09" visitedClasses="0" numClasses="0" visitedMethods="1" numMethods="1" />
              <MetadataToken>100663301</MetadataToken>
              <Name>System.String Services.EmployeesServices::GetEmployeesInfo()</Name>
              <FileRef uid="7" />
              <SequencePoints>
                <SequencePoint vc="1" uspid="152" ordinal="0" offset="0" sl="126" sc="9" el="126" ec="10" bec="0" bev="0" fileid="7" />
                <SequencePoint vc="1" uspid="153" ordinal="1" offset="1" sl="127" sc="13" el="127" ec="60" bec="0" bev="0" fileid="7" />
                <SequencePoint vc="1" uspid="154" ordinal="2" offset="17" sl="129" sc="13" el="129" ec="38" bec="2" bev="1" fileid="7" />
                <SequencePoint vc="0" uspid="155" ordinal="3" offset="35" sl="130" sc="13" el="130" ec="14" bec="0" bev="0" fileid="7" />
                <SequencePoint vc="0" uspid="156" ordinal="4" offset="36" sl="131" sc="17" el="131" ec="52" bec="0" bev="0" fileid="7" />
                <SequencePoint vc="1" uspid="157" ordinal="5" offset="44" sl="134" sc="13" el="134" ec="29" bec="0" bev="0" fileid="7" />
                <SequencePoint vc="1" uspid="158" ordinal="6" offset="50" sl="136" sc="13" el="136" ec="20" bec="0" bev="0" fileid="7" />
                <SequencePoint vc="1" uspid="159" ordinal="7" offset="51" sl="136" sc="38" el="136" ec="47" bec="0" bev="0" fileid="7" />
                <SequencePoint vc="1" uspid="160" ordinal="8" offset="65" sl="136" sc="22" el="136" ec="34" bec="0" bev="0" fileid="7" />
                <SequencePoint vc="1" uspid="161" ordinal="9" offset="74" sl="137" sc="13" el="137" ec="14" bec="0" bev="0" fileid="7" />
                <SequencePoint vc="1" uspid="162" ordinal="10" offset="75" sl="138" sc="17" el="138" ec="31" bec="2" bev="1" fileid="7" />
                <SequencePoint vc="0" uspid="163" ordinal="11" offset="92" sl="139" sc="21" el="139" ec="61" bec="0" bev="0" fileid="7" />
                <SequencePoint vc="1" uspid="164" ordinal="12" offset="104" sl="141" sc="17" el="141" ec="69" bec="0" bev="0" fileid="7" />
                <SequencePoint vc="1" uspid="165" ordinal="13" offset="124" sl="142" sc="13" el="142" ec="14" bec="0" bev="0" fileid="7" />
                <SequencePoint vc="2" uspid="166" ordinal="14" offset="125" sl="136" sc="35" el="136" ec="37" bec="0" bev="0" fileid="7" />
                <SequencePoint vc="1" uspid="167" ordinal="15" offset="151" sl="144" sc="13" el="144" ec="24" bec="0" bev="0" fileid="7" />
                <SequencePoint vc="1" uspid="168" ordinal="16" offset="155" sl="145" sc="9" el="145" ec="10" bec="0" bev="0" fileid="7" />
              </SequencePoints>
              <BranchPoints>
                <BranchPoint vc="0" uspid="169" ordinal="0" offset="33" sl="129" path="0" offsetend="35" fileid="7" />
                <BranchPoint vc="1" uspid="170" ordinal="1" offset="33" sl="129" path="1" offsetend="44" fileid="7" />
                <BranchPoint vc="0" uspid="171" ordinal="2" offset="90" sl="138" path="0" offsetend="92" fileid="7" />
                <BranchPoint vc="1" uspid="172" ordinal="3" offset="90" sl="138" path="1" offsetend="104" fileid="7" />
              </BranchPoints>
              <MethodPoint xsi:type="SequencePoint" vc="1" uspid="152" ordinal="0" offset="0" sl="126" sc="9" el="126" ec="10" bec="0" bev="0" fileid="7" />
            </Method>
            <Method visited="false" cyclomaticComplexity="8" nPathComplexity="16" sequenceCoverage="0" branchCoverage="0" crapScore="72" isConstructor="false" isStatic="false" isGetter="false" isSetter="false">
              <Summary numSequencePoints="44" visitedSequencePoints="0" numBranchPoints="9" visitedBranchPoints="0" sequenceCoverage="0" branchCoverage="0" maxCyclomaticComplexity="8" minCyclomaticComplexity="8" maxCrapScore="72" minCrapScore="72" visitedClasses="0" numClasses="0" visitedMethods="0" numMethods="1" />
              <MetadataToken>100663302</MetadataToken>
              <Name>System.String Services.EmployeesServices::AddOrUpdateEmployee(System.String,System.String,System.Int32,System.String,System.String,System.Int32,System.String,System.String,System.String)</Name>
              <FileRef uid="7" />
              <SequencePoints>
                <SequencePoint vc="0" uspid="175" ordinal="0" offset="0" sl="148" sc="9" el="148" ec="10" bec="0" bev="0" fileid="7" />
                <SequencePoint vc="0" uspid="176" ordinal="1" offset="1" sl="149" sc="13" el="149" ec="44" bec="0" bev="0" fileid="7" />
                <SequencePoint vc="0" uspid="177" ordinal="2" offset="13" sl="151" sc="13" el="163" ec="15" bec="0" bev="0" fileid="7" />
                <SequencePoint vc="0" uspid="178" ordinal="3" offset="115" sl="165" sc="13" el="165" ec="75" bec="0" bev="0" fileid="7" />
                <SequencePoint vc="0" uspid="179" ordinal="4" offset="126" sl="166" sc="13" el="166" ec="20" bec="0" bev="0" fileid="7" />
                <SequencePoint vc="0" uspid="180" ordinal="5" offset="127" sl="166" sc="38" el="166" ec="47" bec="0" bev="0" fileid="7" />
                <SequencePoint vc="0" uspid="181" ordinal="6" offset="137" sl="166" sc="22" el="166" ec="34" bec="0" bev="0" fileid="7" />
                <SequencePoint vc="0" uspid="182" ordinal="7" offset="146" sl="167" sc="13" el="167" ec="14" bec="0" bev="0" fileid="7" />
                <SequencePoint vc="0" uspid="183" ordinal="8" offset="147" sl="168" sc="17" el="168" ec="51" bec="2" bev="0" fileid="7" />
                <SequencePoint vc="0" uspid="184" ordinal="9" offset="167" sl="169" sc="17" el="169" ec="18" bec="0" bev="0" fileid="7" />
                <SequencePoint vc="0" uspid="185" ordinal="10" offset="168" sl="170" sc="21" el="170" ec="50" bec="0" bev="0" fileid="7" />
                <SequencePoint vc="0" uspid="186" ordinal="11" offset="177" sl="171" sc="21" el="171" ec="27" bec="0" bev="0" fileid="7" />
                <SequencePoint vc="0" uspid="187" ordinal="12" offset="179" sl="173" sc="13" el="173" ec="14" bec="0" bev="0" fileid="7" />
                <SequencePoint vc="0" uspid="188" ordinal="13" offset="180" sl="166" sc="35" el="166" ec="37" bec="0" bev="0" fileid="7" />
                <SequencePoint vc="0" uspid="189" ordinal="14" offset="206" sl="175" sc="13" el="175" ec="57" bec="0" bev="0" fileid="7" />
                <SequencePoint vc="0" uspid="190" ordinal="15" offset="217" sl="177" sc="13" el="177" ec="20" bec="0" bev="0" fileid="7" />
                <SequencePoint vc="0" uspid="191" ordinal="16" offset="218" sl="177" sc="33" el="177" ec="38" bec="0" bev="0" fileid="7" />
                <SequencePoint vc="0" uspid="192" ordinal="17" offset="228" sl="177" sc="21" el="177" ec="29" bec="0" bev="0" fileid="7" />
                <SequencePoint vc="0" uspid="193" ordinal="18" offset="237" sl="178" sc="13" el="178" ec="14" bec="0" bev="0" fileid="7" />
                <SequencePoint vc="0" uspid="194" ordinal="19" offset="238" sl="179" sc="17" el="179" ec="42" bec="2" bev="0" fileid="7" />
                <SequencePoint vc="0" uspid="195" ordinal="20" offset="258" sl="180" sc="17" el="180" ec="18" bec="0" bev="0" fileid="7" />
                <SequencePoint vc="0" uspid="196" ordinal="21" offset="259" sl="181" sc="21" el="181" ec="42" bec="0" bev="0" fileid="7" />
                <SequencePoint vc="0" uspid="197" ordinal="22" offset="268" sl="182" sc="21" el="182" ec="27" bec="0" bev="0" fileid="7" />
                <SequencePoint vc="0" uspid="198" ordinal="23" offset="270" sl="184" sc="13" el="184" ec="14" bec="0" bev="0" fileid="7" />
                <SequencePoint vc="0" uspid="199" ordinal="24" offset="271" sl="177" sc="30" el="177" ec="32" bec="0" bev="0" fileid="7" />
                <SequencePoint vc="0" uspid="200" ordinal="25" offset="297" sl="186" sc="13" el="186" ec="35" bec="0" bev="0" fileid="7" />
                <SequencePoint vc="0" uspid="201" ordinal="26" offset="299" sl="188" sc="13" el="188" ec="20" bec="0" bev="0" fileid="7" />
                <SequencePoint vc="0" uspid="202" ordinal="27" offset="300" sl="188" sc="40" el="188" ec="49" bec="0" bev="0" fileid="7" />
                <SequencePoint vc="0" uspid="203" ordinal="28" offset="315" sl="188" sc="22" el="188" ec="36" bec="0" bev="0" fileid="7" />
                <SequencePoint vc="0" uspid="204" ordinal="29" offset="324" sl="189" sc="13" el="189" ec="14" bec="0" bev="0" fileid="7" />
                <SequencePoint vc="0" uspid="205" ordinal="30" offset="325" sl="190" sc="17" el="190" ec="82" bec="2" bev="0" fileid="7" />
                <SequencePoint vc="0" uspid="206" ordinal="31" offset="349" sl="191" sc="17" el="191" ec="18" bec="0" bev="0" fileid="7" />
                <SequencePoint vc="0" uspid="207" ordinal="32" offset="350" sl="192" sc="21" el="192" ec="37" bec="0" bev="0" fileid="7" />
                <SequencePoint vc="0" uspid="208" ordinal="33" offset="352" sl="193" sc="17" el="193" ec="18" bec="0" bev="0" fileid="7" />
                <SequencePoint vc="0" uspid="209" ordinal="34" offset="353" sl="194" sc="13" el="194" ec="14" bec="0" bev="0" fileid="7" />
                <SequencePoint vc="0" uspid="210" ordinal="35" offset="354" sl="188" sc="37" el="188" ec="39" bec="0" bev="0" fileid="7" />
                <SequencePoint vc="0" uspid="211" ordinal="36" offset="380" sl="196" sc="13" el="196" ec="34" bec="2" bev="0" fileid="7" />
                <SequencePoint vc="0" uspid="212" ordinal="37" offset="387" sl="197" sc="13" el="197" ec="14" bec="0" bev="0" fileid="7" />
                <SequencePoint vc="0" uspid="213" ordinal="38" offset="388" sl="198" sc="17" el="198" ec="62" bec="0" bev="0" fileid="7" />
                <SequencePoint vc="0" uspid="214" ordinal="39" offset="400" sl="199" sc="17" el="199" ec="48" bec="0" bev="0" fileid="7" />
                <SequencePoint vc="0" uspid="215" ordinal="40" offset="409" sl="202" sc="13" el="202" ec="14" bec="0" bev="0" fileid="7" />
                <SequencePoint vc="0" uspid="216" ordinal="41" offset="410" sl="203" sc="17" el="203" ec="59" bec="0" bev="0" fileid="7" />
                <SequencePoint vc="0" uspid="217" ordinal="42" offset="422" sl="204" sc="17" el="204" ec="46" bec="0" bev="0" fileid="7" />
                <SequencePoint vc="0" uspid="218" ordinal="43" offset="431" sl="206" sc="9" el="206" ec="10" bec="0" bev="0" fileid="7" />
              </SequencePoints>
              <BranchPoints>
                <BranchPoint vc="0" uspid="219" ordinal="0" offset="165" sl="168" path="0" offsetend="167" fileid="7" />
                <BranchPoint vc="0" uspid="220" ordinal="1" offset="165" sl="168" path="1" offsetend="179" fileid="7" />
                <BranchPoint vc="0" uspid="223" ordinal="4" offset="256" sl="179" path="0" offsetend="258" fileid="7" />
                <BranchPoint vc="0" uspid="224" ordinal="5" offset="256" sl="179" path="1" offsetend="270" fileid="7" />
                <BranchPoint vc="0" uspid="227" ordinal="8" offset="347" sl="190" path="0" offsetend="349" fileid="7" />
                <BranchPoint vc="0" uspid="228" ordinal="9" offset="347" sl="190" path="1" offsetend="353" fileid="7" />
                <BranchPoint vc="0" uspid="231" ordinal="12" offset="385" sl="196" path="0" offsetend="387" fileid="7" />
                <BranchPoint vc="0" uspid="232" ordinal="13" offset="385" sl="196" path="1" offsetend="409" fileid="7" />
              </BranchPoints>
              <MethodPoint xsi:type="SequencePoint" vc="0" uspid="175" ordinal="0" offset="0" sl="148" sc="9" el="148" ec="10" bec="0" bev="0" fileid="7" />
            </Method>
            <Method visited="false" cyclomaticComplexity="2" nPathComplexity="2" sequenceCoverage="0" branchCoverage="0" crapScore="6" isConstructor="false" isStatic="false" isGetter="false" isSetter="false">
              <Summary numSequencePoints="14" visitedSequencePoints="0" numBranchPoints="3" visitedBranchPoints="0" sequenceCoverage="0" branchCoverage="0" maxCyclomaticComplexity="2" minCyclomaticComplexity="2" maxCrapScore="6" minCrapScore="6" visitedClasses="0" numClasses="0" visitedMethods="0" numMethods="1" />
              <MetadataToken>100663303</MetadataToken>
              <Name>System.String Services.EmployeesServices::DeleteEmployee(System.String)</Name>
              <FileRef uid="7" />
              <SequencePoints>
                <SequencePoint vc="0" uspid="233" ordinal="0" offset="13" sl="209" sc="9" el="209" ec="10" bec="0" bev="0" fileid="7" />
                <SequencePoint vc="0" uspid="234" ordinal="1" offset="14" sl="211" sc="13" el="211" ec="14" bec="0" bev="0" fileid="7" />
                <SequencePoint vc="0" uspid="235" ordinal="2" offset="15" sl="212" sc="17" el="212" ec="48" bec="0" bev="0" fileid="7" />
                <SequencePoint vc="0" uspid="236" ordinal="3" offset="27" sl="214" sc="17" el="214" ec="115" bec="0" bev="0" fileid="7" />
                <SequencePoint vc="0" uspid="237" ordinal="4" offset="51" sl="216" sc="17" el="216" ec="46" bec="2" bev="0" fileid="7" />
                <SequencePoint vc="0" uspid="238" ordinal="5" offset="59" sl="217" sc="17" el="217" ec="18" bec="0" bev="0" fileid="7" />
                <SequencePoint vc="0" uspid="239" ordinal="6" offset="60" sl="218" sc="21" el="218" ec="61" bec="0" bev="0" fileid="7" />
                <SequencePoint vc="0" uspid="240" ordinal="7" offset="71" sl="221" sc="17" el="221" ec="18" bec="0" bev="0" fileid="7" />
                <SequencePoint vc="0" uspid="241" ordinal="8" offset="72" sl="222" sc="21" el="222" ec="74" bec="0" bev="0" fileid="7" />
                <SequencePoint vc="0" uspid="242" ordinal="9" offset="84" sl="223" sc="21" el="223" ec="63" bec="0" bev="0" fileid="7" />
                <SequencePoint vc="0" uspid="243" ordinal="10" offset="92" sl="226" sc="13" el="226" ec="33" bec="0" bev="0" fileid="7" />
                <SequencePoint vc="0" uspid="244" ordinal="11" offset="94" sl="227" sc="13" el="227" ec="14" bec="0" bev="0" fileid="7" />
                <SequencePoint vc="0" uspid="245" ordinal="12" offset="95" sl="228" sc="17" el="228" ec="35" bec="0" bev="0" fileid="7" />
                <SequencePoint vc="0" uspid="246" ordinal="13" offset="105" sl="230" sc="9" el="230" ec="10" bec="0" bev="0" fileid="7" />
              </SequencePoints>
              <BranchPoints>
                <BranchPoint vc="0" uspid="247" ordinal="0" offset="57" sl="216" path="0" offsetend="59" fileid="7" />
                <BranchPoint vc="0" uspid="248" ordinal="1" offset="57" sl="216" path="1" offsetend="71" fileid="7" />
              </BranchPoints>
              <MethodPoint vc="0" uspid="249" ordinal="0" offset="0" />
            </Method>
            <Method visited="false" cyclomaticComplexity="3" nPathComplexity="2" sequenceCoverage="0" branchCoverage="0" crapScore="12" isConstructor="false" isStatic="false" isGetter="false" isSetter="false">
              <Summary numSequencePoints="24" visitedSequencePoints="0" numBranchPoints="3" visitedBranchPoints="0" sequenceCoverage="0" branchCoverage="0" maxCyclomaticComplexity="3" minCyclomaticComplexity="3" maxCrapScore="12" minCrapScore="12" visitedClasses="0" numClasses="0" visitedMethods="0" numMethods="1" />
              <MetadataToken>100663304</MetadataToken>
              <Name>System.String Services.EmployeesServices::AddProject(System.String,System.String,System.String,System.Int32)</Name>
              <FileRef uid="7" />
              <SequencePoints>
                <SequencePoint vc="0" uspid="250" ordinal="0" offset="13" sl="233" sc="9" el="233" ec="10" bec="0" bev="0" fileid="7" />
                <SequencePoint vc="0" uspid="251" ordinal="1" offset="14" sl="235" sc="13" el="235" ec="14" bec="0" bev="0" fileid="7" />
                <SequencePoint vc="0" uspid="252" ordinal="2" offset="15" sl="236" sc="17" el="236" ec="64" bec="0" bev="0" fileid="7" />
                <SequencePoint vc="0" uspid="253" ordinal="3" offset="31" sl="238" sc="17" el="243" ec="19" bec="0" bev="0" fileid="7" />
                <SequencePoint vc="0" uspid="254" ordinal="4" offset="62" sl="245" sc="17" el="245" ec="111" bec="0" bev="0" fileid="7" />
                <SequencePoint vc="0" uspid="255" ordinal="5" offset="86" sl="247" sc="17" el="247" ec="37" bec="2" bev="0" fileid="7" />
                <SequencePoint vc="0" uspid="256" ordinal="6" offset="96" sl="248" sc="17" el="248" ec="18" bec="0" bev="0" fileid="7" />
                <SequencePoint vc="0" uspid="257" ordinal="7" offset="97" sl="249" sc="21" el="249" ec="56" bec="0" bev="0" fileid="7" />
                <SequencePoint vc="0" uspid="258" ordinal="8" offset="106" sl="252" sc="17" el="252" ec="48" bec="0" bev="0" fileid="7" />
                <SequencePoint vc="0" uspid="259" ordinal="9" offset="119" sl="254" sc="17" el="254" ec="43" bec="0" bev="0" fileid="7" />
                <SequencePoint vc="0" uspid="260" ordinal="10" offset="121" sl="256" sc="17" el="256" ec="24" bec="0" bev="0" fileid="7" />
                <SequencePoint vc="0" uspid="261" ordinal="11" offset="122" sl="256" sc="38" el="256" ec="55" bec="0" bev="0" fileid="7" />
                <SequencePoint vc="0" uspid="262" ordinal="12" offset="137" sl="256" sc="26" el="256" ec="34" bec="0" bev="0" fileid="7" />
                <SequencePoint vc="0" uspid="263" ordinal="13" offset="146" sl="257" sc="17" el="257" ec="18" bec="0" bev="0" fileid="7" />
                <SequencePoint vc="0" uspid="264" ordinal="14" offset="147" sl="258" sc="21" el="258" ec="54" bec="0" bev="0" fileid="7" />
                <SequencePoint vc="0" uspid="265" ordinal="15" offset="157" sl="259" sc="17" el="259" ec="18" bec="0" bev="0" fileid="7" />
                <SequencePoint vc="0" uspid="266" ordinal="16" offset="158" sl="256" sc="35" el="256" ec="37" bec="0" bev="0" fileid="7" />
                <SequencePoint vc="0" uspid="267" ordinal="17" offset="184" sl="261" sc="17" el="261" ec="64" bec="0" bev="0" fileid="7" />
                <SequencePoint vc="0" uspid="268" ordinal="18" offset="192" sl="263" sc="17" el="263" ec="62" bec="0" bev="0" fileid="7" />
                <SequencePoint vc="0" uspid="269" ordinal="19" offset="204" sl="265" sc="17" el="265" ec="48" bec="0" bev="0" fileid="7" />
                <SequencePoint vc="0" uspid="270" ordinal="20" offset="213" sl="267" sc="13" el="267" ec="30" bec="0" bev="0" fileid="7" />
                <SequencePoint vc="0" uspid="271" ordinal="21" offset="214" sl="268" sc="13" el="268" ec="14" bec="0" bev="0" fileid="7" />
                <SequencePoint vc="0" uspid="272" ordinal="22" offset="215" sl="269" sc="17" el="269" ec="44" bec="0" bev="0" fileid="7" />
                <SequencePoint vc="0" uspid="273" ordinal="23" offset="224" sl="271" sc="9" el="271" ec="10" bec="0" bev="0" fileid="7" />
              </SequencePoints>
              <BranchPoints>
                <BranchPoint vc="0" uspid="274" ordinal="0" offset="94" sl="247" path="0" offsetend="96" fileid="7" />
                <BranchPoint vc="0" uspid="275" ordinal="1" offset="94" sl="247" path="1" offsetend="106" fileid="7" />
              </BranchPoints>
              <MethodPoint vc="0" uspid="278" ordinal="0" offset="0" />
            </Method>
            <Method visited="true" cyclomaticComplexity="2" nPathComplexity="2" sequenceCoverage="63.64" branchCoverage="66.67" crapScore="2.19" isConstructor="false" isStatic="false" isGetter="false" isSetter="false">
              <Summary numSequencePoints="11" visitedSequencePoints="7" numBranchPoints="3" visitedBranchPoints="2" sequenceCoverage="63.64" branchCoverage="66.67" maxCyclomaticComplexity="2" minCyclomaticComplexity="2" maxCrapScore="2.19" minCrapScore="2.19" visitedClasses="0" numClasses="0" visitedMethods="1" numMethods="1" />
              <MetadataToken>100663305</MetadataToken>
              <Name>Entities.Employee Services.EmployeesServices::GetEmployee(System.String)</Name>
              <FileRef uid="7" />
              <SequencePoints>
                <SequencePoint vc="4" uspid="279" ordinal="0" offset="13" sl="274" sc="9" el="274" ec="10" bec="0" bev="0" fileid="7" />
                <SequencePoint vc="4" uspid="280" ordinal="1" offset="14" sl="276" sc="13" el="276" ec="14" bec="0" bev="0" fileid="7" />
                <SequencePoint vc="4" uspid="281" ordinal="2" offset="15" sl="277" sc="17" el="277" ec="48" bec="0" bev="0" fileid="7" />
                <SequencePoint vc="4" uspid="282" ordinal="3" offset="27" sl="279" sc="17" el="279" ec="113" bec="0" bev="0" fileid="7" />
                <SequencePoint vc="4" uspid="283" ordinal="4" offset="51" sl="281" sc="17" el="281" ec="44" bec="2" bev="1" fileid="7" />
                <SequencePoint vc="0" uspid="284" ordinal="5" offset="59" sl="282" sc="21" el="282" ec="61" bec="0" bev="0" fileid="7" />
                <SequencePoint vc="4" uspid="285" ordinal="6" offset="70" sl="284" sc="21" el="284" ec="43" bec="0" bev="0" fileid="7" />
                <SequencePoint vc="0" uspid="286" ordinal="7" offset="74" sl="286" sc="13" el="286" ec="30" bec="0" bev="0" fileid="7" />
                <SequencePoint vc="0" uspid="287" ordinal="8" offset="75" sl="287" sc="13" el="287" ec="14" bec="0" bev="0" fileid="7" />
                <SequencePoint vc="0" uspid="288" ordinal="9" offset="76" sl="288" sc="17" el="288" ec="29" bec="0" bev="0" fileid="7" />
                <SequencePoint vc="4" uspid="289" ordinal="10" offset="80" sl="290" sc="9" el="290" ec="10" bec="0" bev="0" fileid="7" />
              </SequencePoints>
              <BranchPoints>
                <BranchPoint vc="0" uspid="290" ordinal="0" offset="57" sl="281" path="0" offsetend="59" fileid="7" />
                <BranchPoint vc="4" uspid="291" ordinal="1" offset="57" sl="281" path="1" offsetend="70" fileid="7" />
              </BranchPoints>
              <MethodPoint vc="4" uspid="292" ordinal="0" offset="0" />
            </Method>
            <Method visited="true" cyclomaticComplexity="1" nPathComplexity="0" sequenceCoverage="100" branchCoverage="100" crapScore="1" isConstructor="false" isStatic="false" isGetter="false" isSetter="false">
              <Summary numSequencePoints="3" visitedSequencePoints="3" numBranchPoints="1" visitedBranchPoints="1" sequenceCoverage="100" branchCoverage="100" maxCyclomaticComplexity="1" minCyclomaticComplexity="1" maxCrapScore="1" minCrapScore="1" visitedClasses="0" numClasses="0" visitedMethods="1" numMethods="1" />
              <MetadataToken>100663306</MetadataToken>
              <Name>System.Collections.Generic.List`1&lt;Entities.Employee&gt; Services.EmployeesServices::GetEmployeesList()</Name>
              <FileRef uid="7" />
              <SequencePoints>
                <SequencePoint vc="6" uspid="293" ordinal="0" offset="0" sl="293" sc="9" el="293" ec="10" bec="0" bev="0" fileid="7" />
                <SequencePoint vc="6" uspid="294" ordinal="1" offset="1" sl="294" sc="13" el="294" ec="55" bec="0" bev="0" fileid="7" />
                <SequencePoint vc="6" uspid="295" ordinal="2" offset="14" sl="295" sc="9" el="295" ec="10" bec="0" bev="0" fileid="7" />
              </SequencePoints>
              <BranchPoints />
              <MethodPoint xsi:type="SequencePoint" vc="6" uspid="293" ordinal="0" offset="0" sl="293" sc="9" el="293" ec="10" bec="0" bev="0" fileid="7" />
            </Method>
            <Method visited="true" cyclomaticComplexity="1" nPathComplexity="0" sequenceCoverage="100" branchCoverage="100" crapScore="1" isConstructor="true" isStatic="false" isGetter="false" isSetter="false">
              <Summary numSequencePoints="1" visitedSequencePoints="1" numBranchPoints="1" visitedBranchPoints="1" sequenceCoverage="100" branchCoverage="100" maxCyclomaticComplexity="1" minCyclomaticComplexity="1" maxCrapScore="1" minCrapScore="1" visitedClasses="0" numClasses="0" visitedMethods="1" numMethods="1" />
              <MetadataToken>100663307</MetadataToken>
              <Name>System.Void Services.EmployeesServices::.ctor()</Name>
              <FileRef uid="7" />
              <SequencePoints>
                <SequencePoint vc="6" uspid="296" ordinal="0" offset="0" sl="12" sc="9" el="12" ec="79" bec="0" bev="0" fileid="7" />
              </SequencePoints>
              <BranchPoints />
              <MethodPoint xsi:type="SequencePoint" vc="6" uspid="296" ordinal="0" offset="0" sl="12" sc="9" el="12" ec="79" bec="0" bev="0" fileid="7" />
            </Method>
            <Method visited="true" cyclomaticComplexity="1" nPathComplexity="0" sequenceCoverage="100" branchCoverage="100" crapScore="1" isConstructor="true" isStatic="true" isGetter="false" isSetter="false">
              <Summary numSequencePoints="3" visitedSequencePoints="3" numBranchPoints="1" visitedBranchPoints="1" sequenceCoverage="100" branchCoverage="100" maxCyclomaticComplexity="1" minCyclomaticComplexity="1" maxCrapScore="1" minCrapScore="1" visitedClasses="0" numClasses="0" visitedMethods="1" numMethods="1" />
              <MetadataToken>100663308</MetadataToken>
              <Name>System.Void Services.EmployeesServices::.cctor()</Name>
              <FileRef uid="7" />
              <SequencePoints>
                <SequencePoint vc="1" uspid="297" ordinal="0" offset="0" sl="11" sc="9" el="11" ec="101" bec="0" bev="0" fileid="7" />
                <SequencePoint vc="1" uspid="298" ordinal="1" offset="10" sl="14" sc="9" el="14" ec="83" bec="0" bev="0" fileid="7" />
                <SequencePoint vc="1" uspid="299" ordinal="2" offset="20" sl="15" sc="9" el="15" ec="101" bec="0" bev="0" fileid="7" />
              </SequencePoints>
              <BranchPoints />
              <MethodPoint xsi:type="SequencePoint" vc="1" uspid="297" ordinal="0" offset="0" sl="11" sc="9" el="11" ec="101" bec="0" bev="0" fileid="7" />
            </Method>
          </Methods>
        </Class>
        <Class>
          <Summary numSequencePoints="3" visitedSequencePoints="0" numBranchPoints="3" visitedBranchPoints="0" sequenceCoverage="0" branchCoverage="0" maxCyclomaticComplexity="1" minCyclomaticComplexity="1" maxCrapScore="2" minCrapScore="2" visitedClasses="0" numClasses="1" visitedMethods="0" numMethods="3" />
          <FullName>Services.EmployeesServices/&lt;&gt;c</FullName>
          <Methods>
            <Method visited="false" cyclomaticComplexity="1" nPathComplexity="0" sequenceCoverage="0" branchCoverage="0" crapScore="2" isConstructor="true" isStatic="true" isGetter="false" isSetter="false">
              <Summary numSequencePoints="0" visitedSequencePoints="0" numBranchPoints="0" visitedBranchPoints="0" sequenceCoverage="0" branchCoverage="0" maxCyclomaticComplexity="1" minCyclomaticComplexity="1" maxCrapScore="2" minCrapScore="2" visitedClasses="0" numClasses="0" visitedMethods="0" numMethods="0" />
              <MetadataToken>100663325</MetadataToken>
              <Name>System.Void Services.EmployeesServices/&lt;&gt;c::.cctor()</Name>
              <SequencePoints />
              <BranchPoints />
              <MethodPoint vc="0" uspid="300" ordinal="0" offset="0" />
            </Method>
            <Method visited="false" cyclomaticComplexity="1" nPathComplexity="0" sequenceCoverage="0" branchCoverage="0" crapScore="2" isConstructor="true" isStatic="false" isGetter="false" isSetter="false">
              <Summary numSequencePoints="0" visitedSequencePoints="0" numBranchPoints="0" visitedBranchPoints="0" sequenceCoverage="0" branchCoverage="0" maxCyclomaticComplexity="1" minCyclomaticComplexity="1" maxCrapScore="2" minCrapScore="2" visitedClasses="0" numClasses="0" visitedMethods="0" numMethods="0" />
              <MetadataToken>100663326</MetadataToken>
              <Name>System.Void Services.EmployeesServices/&lt;&gt;c::.ctor()</Name>
              <SequencePoints />
              <BranchPoints />
              <MethodPoint vc="0" uspid="301" ordinal="0" offset="0" />
            </Method>
            <Method visited="false" cyclomaticComplexity="1" nPathComplexity="0" sequenceCoverage="0" branchCoverage="0" crapScore="2" isConstructor="false" isStatic="false" isGetter="false" isSetter="false">
              <Summary numSequencePoints="1" visitedSequencePoints="0" numBranchPoints="1" visitedBranchPoints="0" sequenceCoverage="0" branchCoverage="0" maxCyclomaticComplexity="1" minCyclomaticComplexity="1" maxCrapScore="2" minCrapScore="2" visitedClasses="0" numClasses="0" visitedMethods="0" numMethods="1" />
              <MetadataToken>100663327</MetadataToken>
              <Name>System.Int32 Services.EmployeesServices/&lt;&gt;c::&lt;GetSortedEmployeesInfo&gt;b__6_0(Entities.Employee,Entities.Employee)</Name>
              <FileRef uid="7" />
              <SequencePoints>
                <SequencePoint vc="0" uspid="302" ordinal="0" offset="0" sl="77" sc="51" el="77" ec="84" bec="0" bev="0" fileid="7" />
              </SequencePoints>
              <BranchPoints />
              <MethodPoint xsi:type="SequencePoint" vc="0" uspid="302" ordinal="0" offset="0" sl="77" sc="51" el="77" ec="84" bec="0" bev="0" fileid="7" />
            </Method>
            <Method visited="false" cyclomaticComplexity="1" nPathComplexity="0" sequenceCoverage="0" branchCoverage="0" crapScore="2" isConstructor="false" isStatic="false" isGetter="false" isSetter="false">
              <Summary numSequencePoints="1" visitedSequencePoints="0" numBranchPoints="1" visitedBranchPoints="0" sequenceCoverage="0" branchCoverage="0" maxCyclomaticComplexity="1" minCyclomaticComplexity="1" maxCrapScore="2" minCrapScore="2" visitedClasses="0" numClasses="0" visitedMethods="0" numMethods="1" />
              <MetadataToken>100663328</MetadataToken>
              <Name>System.Int32 Services.EmployeesServices/&lt;&gt;c::&lt;GetSortedEmployeesInfo&gt;b__6_1(Entities.Employee,Entities.Employee)</Name>
              <FileRef uid="7" />
              <SequencePoints>
                <SequencePoint vc="0" uspid="303" ordinal="0" offset="0" sl="81" sc="51" el="81" ec="92" bec="0" bev="0" fileid="7" />
              </SequencePoints>
              <BranchPoints />
              <MethodPoint xsi:type="SequencePoint" vc="0" uspid="303" ordinal="0" offset="0" sl="81" sc="51" el="81" ec="92" bec="0" bev="0" fileid="7" />
            </Method>
            <Method visited="false" cyclomaticComplexity="1" nPathComplexity="0" sequenceCoverage="0" branchCoverage="0" crapScore="2" isConstructor="false" isStatic="false" isGetter="false" isSetter="false">
              <Summary numSequencePoints="1" visitedSequencePoints="0" numBranchPoints="1" visitedBranchPoints="0" sequenceCoverage="0" branchCoverage="0" maxCyclomaticComplexity="1" minCyclomaticComplexity="1" maxCrapScore="2" minCrapScore="2" visitedClasses="0" numClasses="0" visitedMethods="0" numMethods="1" />
              <MetadataToken>100663329</MetadataToken>
              <Name>System.Int32 Services.EmployeesServices/&lt;&gt;c::&lt;GetSortedEmployeesInfo&gt;b__6_2(Entities.Employee,Entities.Employee)</Name>
              <FileRef uid="7" />
              <SequencePoints>
                <SequencePoint vc="0" uspid="304" ordinal="0" offset="0" sl="85" sc="51" el="85" ec="106" bec="0" bev="0" fileid="7" />
              </SequencePoints>
              <BranchPoints />
              <MethodPoint xsi:type="SequencePoint" vc="0" uspid="304" ordinal="0" offset="0" sl="85" sc="51" el="85" ec="106" bec="0" bev="0" fileid="7" />
            </Method>
          </Methods>
        </Class>
        <Class>
          <Summary numSequencePoints="1" visitedSequencePoints="0" numBranchPoints="1" visitedBranchPoints="0" sequenceCoverage="0" branchCoverage="0" maxCyclomaticComplexity="1" minCyclomaticComplexity="1" maxCrapScore="2" minCrapScore="2" visitedClasses="0" numClasses="1" visitedMethods="0" numMethods="1" />
          <FullName>Services.EmployeesServices/&lt;&gt;c__DisplayClass10_0</FullName>
          <Methods>
            <Method visited="false" cyclomaticComplexity="1" nPathComplexity="0" sequenceCoverage="0" branchCoverage="0" crapScore="2" isConstructor="true" isStatic="false" isGetter="false" isSetter="false">
              <Summary numSequencePoints="0" visitedSequencePoints="0" numBranchPoints="0" visitedBranchPoints="0" sequenceCoverage="0" branchCoverage="0" maxCyclomaticComplexity="1" minCyclomaticComplexity="1" maxCrapScore="2" minCrapScore="2" visitedClasses="0" numClasses="0" visitedMethods="0" numMethods="0" />
              <MetadataToken>100663330</MetadataToken>
              <Name>System.Void Services.EmployeesServices/&lt;&gt;c__DisplayClass10_0::.ctor()</Name>
              <SequencePoints />
              <BranchPoints />
              <MethodPoint vc="0" uspid="305" ordinal="0" offset="0" />
            </Method>
            <Method visited="false" cyclomaticComplexity="1" nPathComplexity="0" sequenceCoverage="0" branchCoverage="0" crapScore="2" isConstructor="false" isStatic="false" isGetter="false" isSetter="false">
              <Summary numSequencePoints="1" visitedSequencePoints="0" numBranchPoints="1" visitedBranchPoints="0" sequenceCoverage="0" branchCoverage="0" maxCyclomaticComplexity="1" minCyclomaticComplexity="1" maxCrapScore="2" minCrapScore="2" visitedClasses="0" numClasses="0" visitedMethods="0" numMethods="1" />
              <MetadataToken>100663331</MetadataToken>
              <Name>System.Boolean Services.EmployeesServices/&lt;&gt;c__DisplayClass10_0::&lt;DeleteEmployee&gt;b__0(Entities.Employee)</Name>
              <FileRef uid="7" />
              <SequencePoints>
                <SequencePoint vc="0" uspid="306" ordinal="0" offset="0" sl="214" sc="72" el="214" ec="113" bec="0" bev="0" fileid="7" />
              </SequencePoints>
              <BranchPoints />
              <MethodPoint xsi:type="SequencePoint" vc="0" uspid="306" ordinal="0" offset="0" sl="214" sc="72" el="214" ec="113" bec="0" bev="0" fileid="7" />
            </Method>
          </Methods>
        </Class>
        <Class>
          <Summary numSequencePoints="1" visitedSequencePoints="0" numBranchPoints="1" visitedBranchPoints="0" sequenceCoverage="0" branchCoverage="0" maxCyclomaticComplexity="1" minCyclomaticComplexity="1" maxCrapScore="2" minCrapScore="2" visitedClasses="0" numClasses="1" visitedMethods="0" numMethods="1" />
          <FullName>Services.EmployeesServices/&lt;&gt;c__DisplayClass11_0</FullName>
          <Methods>
            <Method visited="false" cyclomaticComplexity="1" nPathComplexity="0" sequenceCoverage="0" branchCoverage="0" crapScore="2" isConstructor="true" isStatic="false" isGetter="false" isSetter="false">
              <Summary numSequencePoints="0" visitedSequencePoints="0" numBranchPoints="0" visitedBranchPoints="0" sequenceCoverage="0" branchCoverage="0" maxCyclomaticComplexity="1" minCyclomaticComplexity="1" maxCrapScore="2" minCrapScore="2" visitedClasses="0" numClasses="0" visitedMethods="0" numMethods="0" />
              <MetadataToken>100663332</MetadataToken>
              <Name>System.Void Services.EmployeesServices/&lt;&gt;c__DisplayClass11_0::.ctor()</Name>
              <SequencePoints />
              <BranchPoints />
              <MethodPoint vc="0" uspid="307" ordinal="0" offset="0" />
            </Method>
            <Method visited="false" cyclomaticComplexity="1" nPathComplexity="0" sequenceCoverage="0" branchCoverage="0" crapScore="2" isConstructor="false" isStatic="false" isGetter="false" isSetter="false">
              <Summary numSequencePoints="1" visitedSequencePoints="0" numBranchPoints="1" visitedBranchPoints="0" sequenceCoverage="0" branchCoverage="0" maxCyclomaticComplexity="1" minCyclomaticComplexity="1" maxCrapScore="2" minCrapScore="2" visitedClasses="0" numClasses="0" visitedMethods="0" numMethods="1" />
              <MetadataToken>100663333</MetadataToken>
              <Name>System.Boolean Services.EmployeesServices/&lt;&gt;c__DisplayClass11_0::&lt;AddProject&gt;b__0(Entities.Employee)</Name>
              <FileRef uid="7" />
              <SequencePoints>
                <SequencePoint vc="0" uspid="308" ordinal="0" offset="0" sl="245" sc="62" el="245" ec="109" bec="0" bev="0" fileid="7" />
              </SequencePoints>
              <BranchPoints />
              <MethodPoint xsi:type="SequencePoint" vc="0" uspid="308" ordinal="0" offset="0" sl="245" sc="62" el="245" ec="109" bec="0" bev="0" fileid="7" />
            </Method>
          </Methods>
        </Class>
        <Class>
          <Summary numSequencePoints="1" visitedSequencePoints="1" numBranchPoints="1" visitedBranchPoints="1" sequenceCoverage="100" branchCoverage="100" maxCyclomaticComplexity="1" minCyclomaticComplexity="1" maxCrapScore="2" minCrapScore="1" visitedClasses="1" numClasses="1" visitedMethods="1" numMethods="1" />
          <FullName>Services.EmployeesServices/&lt;&gt;c__DisplayClass12_0</FullName>
          <Methods>
            <Method visited="false" cyclomaticComplexity="1" nPathComplexity="0" sequenceCoverage="0" branchCoverage="0" crapScore="2" isConstructor="true" isStatic="false" isGetter="false" isSetter="false">
              <Summary numSequencePoints="0" visitedSequencePoints="0" numBranchPoints="0" visitedBranchPoints="0" sequenceCoverage="0" branchCoverage="0" maxCyclomaticComplexity="1" minCyclomaticComplexity="1" maxCrapScore="2" minCrapScore="2" visitedClasses="0" numClasses="0" visitedMethods="0" numMethods="0" />
              <MetadataToken>100663334</MetadataToken>
              <Name>System.Void Services.EmployeesServices/&lt;&gt;c__DisplayClass12_0::.ctor()</Name>
              <SequencePoints />
              <BranchPoints />
              <MethodPoint vc="0" uspid="309" ordinal="0" offset="0" />
            </Method>
            <Method visited="true" cyclomaticComplexity="1" nPathComplexity="0" sequenceCoverage="100" branchCoverage="100" crapScore="1" isConstructor="false" isStatic="false" isGetter="false" isSetter="false">
              <Summary numSequencePoints="1" visitedSequencePoints="1" numBranchPoints="1" visitedBranchPoints="1" sequenceCoverage="100" branchCoverage="100" maxCyclomaticComplexity="1" minCyclomaticComplexity="1" maxCrapScore="1" minCrapScore="1" visitedClasses="0" numClasses="0" visitedMethods="1" numMethods="1" />
              <MetadataToken>100663335</MetadataToken>
              <Name>System.Boolean Services.EmployeesServices/&lt;&gt;c__DisplayClass12_0::&lt;GetEmployee&gt;b__0(Entities.Employee)</Name>
              <FileRef uid="7" />
              <SequencePoints>
                <SequencePoint vc="4" uspid="310" ordinal="0" offset="0" sl="279" sc="70" el="279" ec="111" bec="0" bev="0" fileid="7" />
              </SequencePoints>
              <BranchPoints />
              <MethodPoint xsi:type="SequencePoint" vc="4" uspid="310" ordinal="0" offset="0" sl="279" sc="70" el="279" ec="111" bec="0" bev="0" fileid="7" />
            </Method>
          </Methods>
        </Class>
        <Class>
          <Summary numSequencePoints="62" visitedSequencePoints="25" numBranchPoints="26" visitedBranchPoints="10" sequenceCoverage="40.32" branchCoverage="38.46" maxCyclomaticComplexity="7" minCyclomaticComplexity="1" maxCrapScore="22.69" minCrapScore="1" visitedClasses="1" numClasses="1" visitedMethods="3" numMethods="4" />
          <FullName>Services.PositionsServices</FullName>
          <Methods>
            <Method visited="false" cyclomaticComplexity="4" nPathComplexity="4" sequenceCoverage="0" branchCoverage="0" crapScore="20" isConstructor="false" isStatic="false" isGetter="false" isSetter="false">
              <Summary numSequencePoints="22" visitedSequencePoints="0" numBranchPoints="5" visitedBranchPoints="0" sequenceCoverage="0" branchCoverage="0" maxCyclomaticComplexity="4" minCyclomaticComplexity="4" maxCrapScore="20" minCrapScore="20" visitedClasses="0" numClasses="0" visitedMethods="0" numMethods="1" />
              <MetadataToken>100663309</MetadataToken>
              <Name>System.String Services.PositionsServices::AddOrUpdatePosition(System.String,System.Int32,System.Int32)</Name>
              <FileRef uid="12" />
              <SequencePoints>
                <SequencePoint vc="0" uspid="311" ordinal="0" offset="0" sl="18" sc="9" el="18" ec="10" bec="0" bev="0" fileid="12" />
                <SequencePoint vc="0" uspid="312" ordinal="1" offset="1" sl="19" sc="13" el="19" ec="60" bec="0" bev="0" fileid="12" />
                <SequencePoint vc="0" uspid="313" ordinal="2" offset="16" sl="21" sc="13" el="27" ec="15" bec="0" bev="0" fileid="12" />
                <SequencePoint vc="0" uspid="314" ordinal="3" offset="57" sl="29" sc="13" el="29" ec="35" bec="0" bev="0" fileid="12" />
                <SequencePoint vc="0" uspid="315" ordinal="4" offset="59" sl="31" sc="13" el="31" ec="20" bec="0" bev="0" fileid="12" />
                <SequencePoint vc="0" uspid="316" ordinal="5" offset="60" sl="31" sc="40" el="31" ec="49" bec="0" bev="0" fileid="12" />
                <SequencePoint vc="0" uspid="317" ordinal="6" offset="73" sl="31" sc="22" el="31" ec="36" bec="0" bev="0" fileid="12" />
                <SequencePoint vc="0" uspid="318" ordinal="7" offset="81" sl="32" sc="13" el="32" ec="14" bec="0" bev="0" fileid="12" />
                <SequencePoint vc="0" uspid="319" ordinal="8" offset="82" sl="33" sc="17" el="33" ec="54" bec="2" bev="0" fileid="12" />
                <SequencePoint vc="0" uspid="320" ordinal="9" offset="105" sl="34" sc="17" el="34" ec="18" bec="0" bev="0" fileid="12" />
                <SequencePoint vc="0" uspid="321" ordinal="10" offset="106" sl="35" sc="21" el="35" ec="37" bec="0" bev="0" fileid="12" />
                <SequencePoint vc="0" uspid="322" ordinal="11" offset="108" sl="36" sc="17" el="36" ec="18" bec="0" bev="0" fileid="12" />
                <SequencePoint vc="0" uspid="323" ordinal="12" offset="109" sl="37" sc="13" el="37" ec="14" bec="0" bev="0" fileid="12" />
                <SequencePoint vc="0" uspid="324" ordinal="13" offset="110" sl="31" sc="37" el="31" ec="39" bec="0" bev="0" fileid="12" />
                <SequencePoint vc="0" uspid="325" ordinal="14" offset="136" sl="39" sc="13" el="39" ec="34" bec="2" bev="0" fileid="12" />
                <SequencePoint vc="0" uspid="326" ordinal="15" offset="143" sl="40" sc="13" el="40" ec="14" bec="0" bev="0" fileid="12" />
                <SequencePoint vc="0" uspid="327" ordinal="16" offset="144" sl="41" sc="17" el="41" ec="62" bec="0" bev="0" fileid="12" />
[...]
            </Method>
            <Method visited="true" cyclomaticComplexity="1" nPathComplexity="0" sequenceCoverage="100" branchCoverage="100" crapScore="1" isConstructor="false" isStatic="false" isGetter="false" isSetter="true">
              <Summary numSequencePoints="1" visitedSequencePoints="1" numBranchPoints="1" visitedBranchPoints="1" sequenceCoverage="100" branchCoverage="100" maxCyclomaticComplexity="1" minCyclomaticComplexity="1" maxCrapScore="1" minCrapScore="1" visitedClasses="0" numClasses="0" visitedMethods="1" numMethods="1" />
              <MetadataToken>100663329</MetadataToken>
              <Name>System.Void Entities.Position::set_WorkingHours(System.Int32)</Name>
              <FileRef uid="44" />
              <SequencePoints>
                <SequencePoint vc="23" uspid="912" ordinal="0" offset="0" sl="8" sc="40" el="8" ec="44" bec="0" bev="0" fileid="44" />
              </SequencePoints>
              <BranchPoints />
              <MethodPoint xsi:type="SequencePoint" vc="23" uspid="912" ordinal="0" offset="0" sl="8" sc="40" el="8" ec="44" bec="0" bev="0" fileid="44" />
            </Method>
            <Method visited="true" cyclomaticComplexity="1" nPathComplexity="0" sequenceCoverage="100" branchCoverage="100" crapScore="1" isConstructor="false" isStatic="false" isGetter="true" isSetter="false">
              <Summary numSequencePoints="1" visitedSequencePoints="1" numBranchPoints="1" visitedBranchPoints="1" sequenceCoverage="100" branchCoverage="100" maxCyclomaticComplexity="1" minCyclomaticComplexity="1" maxCrapScore="1" minCrapScore="1" visitedClasses="0" numClasses="0" visitedMethods="1" numMethods="1" />
              <MetadataToken>100663330</MetadataToken>
              <Name>System.Double Entities.Position::get_Ratio()</Name>
              <FileRef uid="44" />
              <SequencePoints>
                <SequencePoint vc="16" uspid="913" ordinal="0" offset="0" sl="9" sc="31" el="9" ec="35" bec="0" bev="0" fileid="44" />
              </SequencePoints>
              <BranchPoints />
              <MethodPoint xsi:type="SequencePoint" vc="16" uspid="913" ordinal="0" offset="0" sl="9" sc="31" el="9" ec="35" bec="0" bev="0" fileid="44" />
            </Method>
            <Method visited="true" cyclomaticComplexity="1" nPathComplexity="0" sequenceCoverage="100" branchCoverage="100" crapScore="1" isConstructor="false" isStatic="false" isGetter="false" isSetter="true">
              <Summary numSequencePoints="1" visitedSequencePoints="1" numBranchPoints="1" visitedBranchPoints="1" sequenceCoverage="100" branchCoverage="100" maxCyclomaticComplexity="1" minCyclomaticComplexity="1" maxCrapScore="1" minCrapScore="1" visitedClasses="0" numClasses="0" visitedMethods="1" numMethods="1" />
              <MetadataToken>100663331</MetadataToken>
              <Name>System.Void Entities.Position::set_Ratio(System.Double)</Name>
              <FileRef uid="44" />
              <SequencePoints>
                <SequencePoint vc="23" uspid="914" ordinal="0" offset="0" sl="9" sc="36" el="9" ec="40" bec="0" bev="0" fileid="44" />
              </SequencePoints>
              <BranchPoints />
              <MethodPoint xsi:type="SequencePoint" vc="23" uspid="914" ordinal="0" offset="0" sl="9" sc="36" el="9" ec="40" bec="0" bev="0" fileid="44" />
            </Method>
            <Method visited="false" cyclomaticComplexity="1" nPathComplexity="0" sequenceCoverage="0" branchCoverage="0" crapScore="2" isConstructor="true" isStatic="false" isGetter="false" isSetter="false">
              <Summary numSequencePoints="0" visitedSequencePoints="0" numBranchPoints="0" visitedBranchPoints="0" sequenceCoverage="0" branchCoverage="0" maxCyclomaticComplexity="1" minCyclomaticComplexity="1" maxCrapScore="2" minCrapScore="2" visitedClasses="0" numClasses="0" visitedMethods="0" numMethods="0" />
              <MetadataToken>100663332</MetadataToken>
              <Name>System.Void Entities.Position::.ctor()</Name>
              <SequencePoints />
              <BranchPoints />
              <MethodPoint vc="0" uspid="915" ordinal="0" offset="0" />
            </Method>
          </Methods>
        </Class>
        <Class>
          <Summary numSequencePoints="6" visitedSequencePoints="5" numBranchPoints="6" visitedBranchPoints="5" sequenceCoverage="83.33" branchCoverage="83.33" maxCyclomaticComplexity="1" minCyclomaticComplexity="1" maxCrapScore="2" minCrapScore="1" visitedClasses="1" numClasses="1" visitedMethods="5" numMethods="6" />
          <FullName>Entities.Project</FullName>
          <Methods>
            <Method visited="true" cyclomaticComplexity="1" nPathComplexity="0" sequenceCoverage="100" branchCoverage="100" crapScore="1" isConstructor="false" isStatic="false" isGetter="true" isSetter="false">
              <Summary numSequencePoints="1" visitedSequencePoints="1" numBranchPoints="1" visitedBranchPoints="1" sequenceCoverage="100" branchCoverage="100" maxCyclomaticComplexity="1" minCyclomaticComplexity="1" maxCrapScore="1" minCrapScore="1" visitedClasses="0" numClasses="0" visitedMethods="1" numMethods="1" />
              <MetadataToken>100663333</MetadataToken>
              <Name>System.String Entities.Project::get_Name()</Name>
              <FileRef uid="45" />
              <SequencePoints>
                <SequencePoint vc="2" uspid="916" ordinal="0" offset="0" sl="11" sc="30" el="11" ec="34" bec="0" bev="0" fileid="45" />
              </SequencePoints>
              <BranchPoints />
              <MethodPoint xsi:type="SequencePoint" vc="2" uspid="916" ordinal="0" offset="0" sl="11" sc="30" el="11" ec="34" bec="0" bev="0" fileid="45" />
            </Method>
            <Method visited="true" cyclomaticComplexity="1" nPathComplexity="0" sequenceCoverage="100" branchCoverage="100" crapScore="1" isConstructor="false" isStatic="false" isGetter="false" isSetter="true">
              <Summary numSequencePoints="1" visitedSequencePoints="1" numBranchPoints="1" visitedBranchPoints="1" sequenceCoverage="100" branchCoverage="100" maxCyclomaticComplexity="1" minCyclomaticComplexity="1" maxCrapScore="1" minCrapScore="1" visitedClasses="0" numClasses="0" visitedMethods="1" numMethods="1" />
              <MetadataToken>100663334</MetadataToken>
              <Name>System.Void Entities.Project::set_Name(System.String)</Name>
              <FileRef uid="45" />
              <SequencePoints>
                <SequencePoint vc="26" uspid="917" ordinal="0" offset="0" sl="11" sc="35" el="11" ec="39" bec="0" bev="0" fileid="45" />
              </SequencePoints>
              <BranchPoints />
              <MethodPoint xsi:type="SequencePoint" vc="26" uspid="917" ordinal="0" offset="0" sl="11" sc="35" el="11" ec="39" bec="0" bev="0" fileid="45" />
            </Method>
            <Method visited="false" cyclomaticComplexity="1" nPathComplexity="0" sequenceCoverage="0" branchCoverage="0" crapScore="2" isConstructor="false" isStatic="false" isGetter="true" isSetter="false">
              <Summary numSequencePoints="1" visitedSequencePoints="0" numBranchPoints="1" visitedBranchPoints="0" sequenceCoverage="0" branchCoverage="0" maxCyclomaticComplexity="1" minCyclomaticComplexity="1" maxCrapScore="2" minCrapScore="2" visitedClasses="0" numClasses="0" visitedMethods="0" numMethods="1" />
              <MetadataToken>100663335</MetadataToken>
              <Name>System.String Entities.Project::get_Status()</Name>
              <FileRef uid="45" />
              <SequencePoints>
                <SequencePoint vc="0" uspid="918" ordinal="0" offset="0" sl="12" sc="32" el="12" ec="36" bec="0" bev="0" fileid="45" />
              </SequencePoints>
              <BranchPoints />
              <MethodPoint xsi:type="SequencePoint" vc="0" uspid="918" ordinal="0" offset="0" sl="12" sc="32" el="12" ec="36" bec="0" bev="0" fileid="45" />
            </Method>
            <Method visited="true" cyclomaticComplexity="1" nPathComplexity="0" sequenceCoverage="100" branchCoverage="100" crapScore="1" isConstructor="false" isStatic="false" isGetter="false" isSetter="true">
              <Summary numSequencePoints="1" visitedSequencePoints="1" numBranchPoints="1" visitedBranchPoints="1" sequenceCoverage="100" branchCoverage="100" maxCyclomaticComplexity="1" minCyclomaticComplexity="1" maxCrapScore="1" minCrapScore="1" visitedClasses="0" numClasses="0" visitedMethods="1" numMethods="1" />
              <MetadataToken>100663336</MetadataToken>
              <Name>System.Void Entities.Project::set_Status(System.String)</Name>
              <FileRef uid="45" />
              <SequencePoints>
                <SequencePoint vc="26" uspid="919" ordinal="0" offset="0" sl="12" sc="37" el="12" ec="41" bec="0" bev="0" fileid="45" />
              </SequencePoints>
              <BranchPoints />
              <MethodPoint xsi:type="SequencePoint" vc="26" uspid="919" ordinal="0" offset="0" sl="12" sc="37" el="12" ec="41" bec="0" bev="0" fileid="45" />
            </Method>
            <Method visited="true" cyclomaticComplexity="1" nPathComplexity="0" sequenceCoverage="100" branchCoverage="100" crapScore="1" isConstructor="false" isStatic="false" isGetter="true" isSetter="false">
              <Summary numSequencePoints="1" visitedSequencePoints="1" numBranchPoints="1" visitedBranchPoints="1" sequenceCoverage="100" branchCoverage="100" maxCyclomaticComplexity="1" minCyclomaticComplexity="1" maxCrapScore="1" minCrapScore="1" visitedClasses="0" numClasses="0" visitedMethods="1" numMethods="1" />
              <MetadataToken>100663337</MetadataToken>
              <Name>System.Int32 Entities.Project::get_Budget()</Name>
              <FileRef uid="45" />
              <SequencePoints>
                <SequencePoint vc="2" uspid="920" ordinal="0" offset="0" sl="13" sc="29" el="13" ec="33" bec="0" bev="0" fileid="45" />
              </SequencePoints>
              <BranchPoints />
              <MethodPoint xsi:type="SequencePoint" vc="2" uspid="920" ordinal="0" offset="0" sl="13" sc="29" el="13" ec="33" bec="0" bev="0" fileid="45" />
            </Method>
            <Method visited="true" cyclomaticComplexity="1" nPathComplexity="0" sequenceCoverage="100" branchCoverage="100" crapScore="1" isConstructor="false" isStatic="false" isGetter="false" isSetter="true">
              <Summary numSequencePoints="1" visitedSequencePoints="1" numBranchPoints="1" visitedBranchPoints="1" sequenceCoverage="100" branchCoverage="100" maxCyclomaticComplexity="1" minCyclomaticComplexity="1" maxCrapScore="1" minCrapScore="1" visitedClasses="0" numClasses="0" visitedMethods="1" numMethods="1" />
              <MetadataToken>100663338</MetadataToken>
              <Name>System.Void Entities.Project::set_Budget(System.Int32)</Name>
              <FileRef uid="45" />
              <SequencePoints>
                <SequencePoint vc="26" uspid="921" ordinal="0" offset="0" sl="13" sc="34" el="13" ec="38" bec="0" bev="0" fileid="45" />
              </SequencePoints>
              <BranchPoints />
              <MethodPoint xsi:type="SequencePoint" vc="26" uspid="921" ordinal="0" offset="0" sl="13" sc="34" el="13" ec="38" bec="0" bev="0" fileid="45" />
            </Method>
            <Method visited="false" cyclomaticComplexity="1" nPathComplexity="0" sequenceCoverage="0" branchCoverage="0" crapScore="2" isConstructor="true" isStatic="false" isGetter="false" isSetter="false">
              <Summary numSequencePoints="0" visitedSequencePoints="0" numBranchPoints="0" visitedBranchPoints="0" sequenceCoverage="0" branchCoverage="0" maxCyclomaticComplexity="1" minCyclomaticComplexity="1" maxCrapScore="2" minCrapScore="2" visitedClasses="0" numClasses="0" visitedMethods="0" numMethods="0" />
              <MetadataToken>100663339</MetadataToken>
              <Name>System.Void Entities.Project::.ctor()</Name>
              <SequencePoints />
              <BranchPoints />
              <MethodPoint vc="0" uspid="922" ordinal="0" offset="0" />
            </Method>
          </Methods>
        </Class>
        <Class>
          <Summary numSequencePoints="6" visitedSequencePoints="5" numBranchPoints="6" visitedBranchPoints="5" sequenceCoverage="83.33" branchCoverage="83.33" maxCyclomaticComplexity="1" minCyclomaticComplexity="1" maxCrapScore="2" minCrapScore="1" visitedClasses="1" numClasses="1" visitedMethods="5" numMethods="6" />
          <FullName>Entities.Unit</FullName>
          <Methods>
            <Method visited="false" cyclomaticComplexity="1" nPathComplexity="0" sequenceCoverage="0" branchCoverage="0" crapScore="2" isConstructor="false" isStatic="false" isGetter="true" isSetter="false">
              <Summary numSequencePoints="1" visitedSequencePoints="0" numBranchPoints="1" visitedBranchPoints="0" sequenceCoverage="0" branchCoverage="0" maxCyclomaticComplexity="1" minCyclomaticComplexity="1" maxCrapScore="2" minCrapScore="2" visitedClasses="0" numClasses="0" visitedMethods="0" numMethods="1" />
              <MetadataToken>100663340</MetadataToken>
              <Name>System.Int32 Entities.Unit::get_ID()</Name>
              <FileRef uid="46" />
              <SequencePoints>
                <SequencePoint vc="0" uspid="923" ordinal="0" offset="0" sl="7" sc="25" el="7" ec="29" bec="0" bev="0" fileid="46" />
              </SequencePoints>
              <BranchPoints />
              <MethodPoint xsi:type="SequencePoint" vc="0" uspid="923" ordinal="0" offset="0" sl="7" sc="25" el="7" ec="29" bec="0" bev="0" fileid="46" />
            </Method>
            <Method visited="true" cyclomaticComplexity="1" nPathComplexity="0" sequenceCoverage="100" branchCoverage="100" crapScore="1" isConstructor="false" isStatic="false" isGetter="false" isSetter="true">
              <Summary numSequencePoints="1" visitedSequencePoints="1" numBranchPoints="1" visitedBranchPoints="1" sequenceCoverage="100" branchCoverage="100" maxCyclomaticComplexity="1" minCyclomaticComplexity="1" maxCrapScore="1" minCrapScore="1" visitedClasses="0" numClasses="0" visitedMethods="1" numMethods="1" />
              <MetadataToken>100663341</MetadataToken>
              <Name>System.Void Entities.Unit::set_ID(System.Int32)</Name>
              <FileRef uid="46" />
              <SequencePoints>
                <SequencePoint vc="17" uspid="924" ordinal="0" offset="0" sl="7" sc="30" el="7" ec="34" bec="0" bev="0" fileid="46" />
              </SequencePoints>
              <BranchPoints />
              <MethodPoint xsi:type="SequencePoint" vc="17" uspid="924" ordinal="0" offset="0" sl="7" sc="30" el="7" ec="34" bec="0" bev="0" fileid="46" />
            </Method>
            <Method visited="true" cyclomaticComplexity="1" nPathComplexity="0" sequenceCoverage="100" branchCoverage="100" crapScore="1" isConstructor="false" isStatic="false" isGetter="true" isSetter="false">
              <Summary numSequencePoints="1" visitedSequencePoints="1" numBranchPoints="1" visitedBranchPoints="1" sequenceCoverage="100" branchCoverage="100" maxCyclomaticComplexity="1" minCyclomaticComplexity="1" maxCrapScore="1" minCrapScore="1" visitedClasses="0" numClasses="0" visitedMethods="1" numMethods="1" />
              <MetadataToken>100663342</MetadataToken>
              <Name>System.String Entities.Unit::get_UnitID()</Name>
              <FileRef uid="46" />
              <SequencePoints>
                <SequencePoint vc="3" uspid="925" ordinal="0" offset="0" sl="8" sc="32" el="8" ec="36" bec="0" bev="0" fileid="46" />
              </SequencePoints>
              <BranchPoints />
              <MethodPoint xsi:type="SequencePoint" vc="3" uspid="925" ordinal="0" offset="0" sl="8" sc="32" el="8" ec="36" bec="0" bev="0" fileid="46" />
            </Method>
            <Method visited="true" cyclomaticComplexity="1" nPathComplexity="0" sequenceCoverage="100" branchCoverage="100" crapScore="1" isConstructor="false" isStatic="false" isGetter="false" isSetter="true">
              <Summary numSequencePoints="1" visitedSequencePoints="1" numBranchPoints="1" visitedBranchPoints="1" sequenceCoverage="100" branchCoverage="100" maxCyclomaticComplexity="1" minCyclomaticComplexity="1" maxCrapScore="1" minCrapScore="1" visitedClasses="0" numClasses="0" visitedMethods="1" numMethods="1" />
              <MetadataToken>100663343</MetadataToken>
              <Name>System.Void Entities.Unit::set_UnitID(System.String)</Name>
              <FileRef uid="46" />
              <SequencePoints>
                <SequencePoint vc="17" uspid="926" ordinal="0" offset="0" sl="8" sc="37" el="8" ec="41" bec="0" bev="0" fileid="46" />
              </SequencePoints>
              <BranchPoints />
              <MethodPoint xsi:type="SequencePoint" vc="17" uspid="926" ordinal="0" offset="0" sl="8" sc="37" el="8" ec="41" bec="0" bev="0" fileid="46" />
            </Method>
            <Method visited="true" cyclomaticComplexity="1" nPathComplexity="0" sequenceCoverage="100" branchCoverage="100" crapScore="1" isConstructor="false" isStatic="false" isGetter="true" isSetter="false">
              <Summary numSequencePoints="1" visitedSequencePoints="1" numBranchPoints="1" visitedBranchPoints="1" sequenceCoverage="100" branchCoverage="100" maxCyclomaticComplexity="1" minCyclomaticComplexity="1" maxCrapScore="1" minCrapScore="1" visitedClasses="0" numClasses="0" visitedMethods="1" numMethods="1" />
              <MetadataToken>100663344</MetadataToken>
              <Name>System.String Entities.Unit::get_Name()</Name>
              <FileRef uid="46" />
              <SequencePoints>
                <SequencePoint vc="4" uspid="927" ordinal="0" offset="0" sl="9" sc="30" el="9" ec="34" bec="0" bev="0" fileid="46" />
              </SequencePoints>
              <BranchPoints />
              <MethodPoint xsi:type="SequencePoint" vc="4" uspid="927" ordinal="0" offset="0" sl="9" sc="30" el="9" ec="34" bec="0" bev="0" fileid="46" />
            </Method>
            <Method visited="true" cyclomaticComplexity="1" nPathComplexity="0" sequenceCoverage="100" branchCoverage="100" crapScore="1" isConstructor="false" isStatic="false" isGetter="false" isSetter="true">
              <Summary numSequencePoints="1" visitedSequencePoints="1" numBranchPoints="1" visitedBranchPoints="1" sequenceCoverage="100" branchCoverage="100" maxCyclomaticComplexity="1" minCyclomaticComplexity="1" maxCrapScore="1" minCrapScore="1" visitedClasses="0" numClasses="0" visitedMethods="1" numMethods="1" />
              <MetadataToken>100663345</MetadataToken>
              <Name>System.Void Entities.Unit::set_Name(System.String)</Name>
              <FileRef uid="46" />
              <SequencePoints>
                <SequencePoint vc="17" uspid="928" ordinal="0" offset="0" sl="9" sc="35" el="9" ec="39" bec="0" bev="0" fileid="46" />
              </SequencePoints>
              <BranchPoints />
              <MethodPoint xsi:type="SequencePoint" vc="17" uspid="928" ordinal="0" offset="0" sl="9" sc="35" el="9" ec="39" bec="0" bev="0" fileid="46" />
            </Method>
            <Method visited="false" cyclomaticComplexity="1" nPathComplexity="0" sequenceCoverage="0" branchCoverage="0" crapScore="2" isConstructor="true" isStatic="false" isGetter="false" isSetter="false">
              <Summary numSequencePoints="0" visitedSequencePoints="0" numBranchPoints="0" visitedBranchPoints="0" sequenceCoverage="0" branchCoverage="0" maxCyclomaticComplexity="1" minCyclomaticComplexity="1" maxCrapScore="2" minCrapScore="2" visitedClasses="0" numClasses="0" visitedMethods="0" numMethods="0" />
              <MetadataToken>100663346</MetadataToken>
              <Name>System.Void Entities.Unit::.ctor()</Name>
              <SequencePoints />
              <BranchPoints />
              <MethodPoint vc="0" uspid="929" ordinal="0" offset="0" />
            </Method>
          </Methods>
        </Class>
      </Classes>
    </Module>
  </Modules>
</CoverageSession>