<?xml version="1.0" encoding="utf-8"?>
<CoverageSession xmlns:xsd="http://www.w3.org/2001/XMLSchema" xmlns:xsi="http://www.w3.org/2001/XMLSchema-instance" Version="4.7.922.0">
  <Summary numSequencePoints="196" visitedSequencePoints="68" numBranchPoints="91" visitedBranchPoints="41" sequenceCoverage="34.69" branchCoverage="45.05" maxCyclomaticComplexity="3" minCyclomaticComplexity="1" maxCrapScore="12" minCrapScore="1" visitedClasses="10" numClasses="10" visitedMethods="38" numMethods="67" />
  <Modules>
    <Module hash="B8-47-29-99-F0-0B-AE-DE-5F-6A-E6-DE-61-A9-5C-3D-63-3F-19-08">
      <Summary numSequencePoints="15" visitedSequencePoints="15" numBranchPoints="3" visitedBranchPoints="3" sequenceCoverage="100" branchCoverage="100" maxCyclomaticComplexity="1" minCyclomaticComplexity="1" maxCrapScore="2" minCrapScore="1" visitedClasses="3" numClasses="3" visitedMethods="3" numMethods="3" />
      <ModulePath>C:\Users\admin\source\repos\CourseWorkVar4\DataTests\bin\Debug\fine-code-coverage\build-output\DataTests.dll</ModulePath>
      <ModuleTime>2022-01-06T00:52:13.3244274Z</ModuleTime>
      <ModuleName>DataTests</ModuleName>
      <Files>
        <File uid="1" fullPath="C:\Users\admin\source\repos\CourseWorkVar4\DataTests\Repositories\PositionsRepositoryTests.cs" />
        <File uid="2" fullPath="C:\Users\admin\source\repos\CourseWorkVar4\DataTests\Repositories\UnitsRepositoryTests.cs" />
        <File uid="3" fullPath="C:\Users\admin\source\repos\CourseWorkVar4\DataTests\Repositories\EmployeesRepositoryTests.cs" />
      </Files>
      <Classes>
        <Class>
          <Summary numSequencePoints="5" visitedSequencePoints="5" numBranchPoints="1" visitedBranchPoints="1" sequenceCoverage="100" branchCoverage="100" maxCyclomaticComplexity="1" minCyclomaticComplexity="1" maxCrapScore="2" minCrapScore="1" visitedClasses="1" numClasses="1" visitedMethods="1" numMethods="1" />
          <FullName>Data.Repositories.Tests.PositionsRepositoryTests</FullName>
          <Methods>
            <Method visited="true" cyclomaticComplexity="1" nPathComplexity="0" sequenceCoverage="100" branchCoverage="100" crapScore="1" isConstructor="false" isStatic="false" isGetter="false" isSetter="false">
              <Summary numSequencePoints="5" visitedSequencePoints="5" numBranchPoints="1" visitedBranchPoints="1" sequenceCoverage="100" branchCoverage="100" maxCyclomaticComplexity="1" minCyclomaticComplexity="1" maxCrapScore="1" minCrapScore="1" visitedClasses="0" numClasses="0" visitedMethods="1" numMethods="1" />
              <MetadataToken>100663297</MetadataToken>
              <Name>System.Void Data.Repositories.Tests.PositionsRepositoryTests::GetPositionsTest()</Name>
              <FileRef uid="1" />
              <SequencePoints>
                <SequencePoint vc="1" uspid="1" ordinal="0" offset="0" sl="17" sc="9" el="17" ec="10" bec="0" bev="0" fileid="1" />
                <SequencePoint vc="1" uspid="2" ordinal="1" offset="1" sl="19" sc="13" el="19" ec="81" bec="0" bev="0" fileid="1" />
                <SequencePoint vc="1" uspid="3" ordinal="2" offset="7" sl="23" sc="13" el="23" ec="60" bec="0" bev="0" fileid="1" />
                <SequencePoint vc="1" uspid="4" ordinal="3" offset="14" sl="26" sc="13" el="26" ec="41" bec="0" bev="0" fileid="1" />
                <SequencePoint vc="1" uspid="5" ordinal="4" offset="21" sl="27" sc="9" el="27" ec="10" bec="0" bev="0" fileid="1" />
              </SequencePoints>
              <BranchPoints />
              <MethodPoint xsi:type="SequencePoint" vc="1" uspid="1" ordinal="0" offset="0" sl="17" sc="9" el="17" ec="10" bec="0" bev="0" fileid="1" />
            </Method>
            <Method visited="false" cyclomaticComplexity="1" nPathComplexity="0" sequenceCoverage="0" branchCoverage="0" crapScore="2" isConstructor="true" isStatic="false" isGetter="false" isSetter="false">
              <Summary numSequencePoints="0" visitedSequencePoints="0" numBranchPoints="0" visitedBranchPoints="0" sequenceCoverage="0" branchCoverage="0" maxCyclomaticComplexity="1" minCyclomaticComplexity="1" maxCrapScore="2" minCrapScore="2" visitedClasses="0" numClasses="0" visitedMethods="0" numMethods="0" />
              <MetadataToken>100663298</MetadataToken>
              <Name>System.Void Data.Repositories.Tests.PositionsRepositoryTests::.ctor()</Name>
              <SequencePoints />
              <BranchPoints />
              <MethodPoint vc="0" uspid="6" ordinal="0" offset="0" />
            </Method>
          </Methods>
        </Class>
        <Class>
          <Summary numSequencePoints="5" visitedSequencePoints="5" numBranchPoints="1" visitedBranchPoints="1" sequenceCoverage="100" branchCoverage="100" maxCyclomaticComplexity="1" minCyclomaticComplexity="1" maxCrapScore="2" minCrapScore="1" visitedClasses="1" numClasses="1" visitedMethods="1" numMethods="1" />
          <FullName>Data.Repositories.Tests.UnitsRepositoryTests</FullName>
          <Methods>
            <Method visited="true" cyclomaticComplexity="1" nPathComplexity="0" sequenceCoverage="100" branchCoverage="100" crapScore="1" isConstructor="false" isStatic="false" isGetter="false" isSetter="false">
              <Summary numSequencePoints="5" visitedSequencePoints="5" numBranchPoints="1" visitedBranchPoints="1" sequenceCoverage="100" branchCoverage="100" maxCyclomaticComplexity="1" minCyclomaticComplexity="1" maxCrapScore="1" minCrapScore="1" visitedClasses="0" numClasses="0" visitedMethods="1" numMethods="1" />
              <MetadataToken>100663299</MetadataToken>
              <Name>System.Void Data.Repositories.Tests.UnitsRepositoryTests::GetUnitsTest()</Name>
              <FileRef uid="2" />
              <SequencePoints>
                <SequencePoint vc="1" uspid="7" ordinal="0" offset="0" sl="17" sc="9" el="17" ec="10" bec="0" bev="0" fileid="2" />
                <SequencePoint vc="1" uspid="8" ordinal="1" offset="1" sl="19" sc="13" el="19" ec="69" bec="0" bev="0" fileid="2" />
                <SequencePoint vc="1" uspid="9" ordinal="2" offset="7" sl="23" sc="13" el="23" ec="48" bec="0" bev="0" fileid="2" />
                <SequencePoint vc="1" uspid="10" ordinal="3" offset="14" sl="26" sc="13" el="26" ec="37" bec="0" bev="0" fileid="2" />
                <SequencePoint vc="1" uspid="11" ordinal="4" offset="21" sl="27" sc="9" el="27" ec="10" bec="0" bev="0" fileid="2" />
              </SequencePoints>
              <BranchPoints />
              <MethodPoint xsi:type="SequencePoint" vc="1" uspid="7" ordinal="0" offset="0" sl="17" sc="9" el="17" ec="10" bec="0" bev="0" fileid="2" />
            </Method>
            <Method visited="false" cyclomaticComplexity="1" nPathComplexity="0" sequenceCoverage="0" branchCoverage="0" crapScore="2" isConstructor="true" isStatic="false" isGetter="false" isSetter="false">
              <Summary numSequencePoints="0" visitedSequencePoints="0" numBranchPoints="0" visitedBranchPoints="0" sequenceCoverage="0" branchCoverage="0" maxCyclomaticComplexity="1" minCyclomaticComplexity="1" maxCrapScore="2" minCrapScore="2" visitedClasses="0" numClasses="0" visitedMethods="0" numMethods="0" />
              <MetadataToken>100663300</MetadataToken>
              <Name>System.Void Data.Repositories.Tests.UnitsRepositoryTests::.ctor()</Name>
              <SequencePoints />
              <BranchPoints />
              <MethodPoint vc="0" uspid="12" ordinal="0" offset="0" />
            </Method>
          </Methods>
        </Class>
        <Class>
          <Summary numSequencePoints="5" visitedSequencePoints="5" numBranchPoints="1" visitedBranchPoints="1" sequenceCoverage="100" branchCoverage="100" maxCyclomaticComplexity="1" minCyclomaticComplexity="1" maxCrapScore="2" minCrapScore="1" visitedClasses="1" numClasses="1" visitedMethods="1" numMethods="1" />
          <FullName>Data.Tests.EmployeesRepositoryTests</FullName>
          <Methods>
            <Method visited="true" cyclomaticComplexity="1" nPathComplexity="0" sequenceCoverage="100" branchCoverage="100" crapScore="1" isConstructor="false" isStatic="false" isGetter="false" isSetter="false">
              <Summary numSequencePoints="5" visitedSequencePoints="5" numBranchPoints="1" visitedBranchPoints="1" sequenceCoverage="100" branchCoverage="100" maxCyclomaticComplexity="1" minCyclomaticComplexity="1" maxCrapScore="1" minCrapScore="1" visitedClasses="0" numClasses="0" visitedMethods="1" numMethods="1" />
              <MetadataToken>100663301</MetadataToken>
              <Name>System.Void Data.Tests.EmployeesRepositoryTests::GetEmployeesTest()</Name>
              <FileRef uid="3" />
              <SequencePoints>
                <SequencePoint vc="1" uspid="13" ordinal="0" offset="0" sl="17" sc="9" el="17" ec="10" bec="0" bev="0" fileid="3" />
                <SequencePoint vc="1" uspid="14" ordinal="1" offset="1" sl="19" sc="13" el="19" ec="81" bec="0" bev="0" fileid="3" />
                <SequencePoint vc="1" uspid="15" ordinal="2" offset="7" sl="23" sc="13" el="23" ec="60" bec="0" bev="0" fileid="3" />
                <SequencePoint vc="1" uspid="16" ordinal="3" offset="14" sl="26" sc="13" el="26" ec="41" bec="0" bev="0" fileid="3" />
                <SequencePoint vc="1" uspid="17" ordinal="4" offset="21" sl="27" sc="9" el="27" ec="10" bec="0" bev="0" fileid="3" />
              </SequencePoints>
              <BranchPoints />
              <MethodPoint xsi:type="SequencePoint" vc="1" uspid="13" ordinal="0" offset="0" sl="17" sc="9" el="17" ec="10" bec="0" bev="0" fileid="3" />
            </Method>
            <Method visited="false" cyclomaticComplexity="1" nPathComplexity="0" sequenceCoverage="0" branchCoverage="0" crapScore="2" isConstructor="true" isStatic="false" isGetter="false" isSetter="false">
              <Summary numSequencePoints="0" visitedSequencePoints="0" numBranchPoints="0" visitedBranchPoints="0" sequenceCoverage="0" branchCoverage="0" maxCyclomaticComplexity="1" minCyclomaticComplexity="1" maxCrapScore="2" minCrapScore="2" visitedClasses="0" numClasses="0" visitedMethods="0" numMethods="0" />
              <MetadataToken>100663302</MetadataToken>
              <Name>System.Void Data.Tests.EmployeesRepositoryTests::.ctor()</Name>
              <SequencePoints />
              <BranchPoints />
              <MethodPoint vc="0" uspid="18" ordinal="0" offset="0" />
            </Method>
          </Methods>
        </Class>
      </Classes>
    </Module>
    <Module hash="97-F9-04-19-4C-89-56-15-3F-37-36-0E-27-76-66-69-D6-58-44-37">
      <Summary numSequencePoints="135" visitedSequencePoints="27" numBranchPoints="42" visitedBranchPoints="12" sequenceCoverage="20" branchCoverage="28.57" maxCyclomaticComplexity="3" minCyclomaticComplexity="1" maxCrapScore="12" minCrapScore="1" visitedClasses="3" numClasses="3" visitedMethods="9" numMethods="18" />
      <ModulePath>C:\Users\admin\source\repos\CourseWorkVar4\DataTests\bin\Debug\fine-code-coverage\build-output\Data.dll</ModulePath>
      <ModuleTime>2022-01-04T17:26:19.9959519Z</ModuleTime>
      <ModuleName>Data</ModuleName>
      <Files>
        <File uid="7" fullPath="C:\Users\admin\source\repos\CourseWorkVar4\Data\Repositories\EmployeesRepository.cs" />
        <File uid="8" fullPath="C:\Users\admin\source\repos\CourseWorkVar4\Data\Repositories\PositionsRepository.cs" />
        <File uid="9" fullPath="C:\Users\admin\source\repos\CourseWorkVar4\Data\Repositories\UnitsRepository.cs" />
      </Files>
      <Classes>
        <Class>
          <Summary numSequencePoints="45" visitedSequencePoints="9" numBranchPoints="14" visitedBranchPoints="4" sequenceCoverage="20" branchCoverage="28.57" maxCyclomaticComplexity="3" minCyclomaticComplexity="1" maxCrapScore="12" minCrapScore="1" visitedClasses="1" numClasses="1" visitedMethods="3" numMethods="6" />
          <FullName>Data.EmployeesRepository</FullName>
          <Methods>
            <Method visited="false" cyclomaticComplexity="2" nPathComplexity="2" sequenceCoverage="0" branchCoverage="0" crapScore="6" isConstructor="false" isStatic="false" isGetter="false" isSetter="false">
              <Summary numSequencePoints="14" visitedSequencePoints="0" numBranchPoints="3" visitedBranchPoints="0" sequenceCoverage="0" branchCoverage="0" maxCyclomaticComplexity="2" minCyclomaticComplexity="2" maxCrapScore="6" minCrapScore="6" visitedClasses="0" numClasses="0" visitedMethods="0" numMethods="1" />
              <MetadataToken>100663297</MetadataToken>
              <Name>System.Void Data.EmployeesRepository::AddEmployee(Entities.Employee)</Name>
              <FileRef uid="7" />
              <SequencePoints>
                <SequencePoint vc="0" uspid="19" ordinal="0" offset="0" sl="15" sc="9" el="15" ec="10" bec="0" bev="0" fileid="7" />
                <SequencePoint vc="0" uspid="20" ordinal="1" offset="1" sl="16" sc="13" el="16" ec="43" bec="0" bev="0" fileid="7" />
                <SequencePoint vc="0" uspid="21" ordinal="2" offset="16" sl="17" sc="13" el="17" ec="78" bec="0" bev="0" fileid="7" />
                <SequencePoint vc="0" uspid="22" ordinal="3" offset="32" sl="19" sc="13" el="19" ec="36" bec="2" bev="0" fileid="7" />
                <SequencePoint vc="0" uspid="23" ordinal="4" offset="45" sl="20" sc="13" el="20" ec="14" bec="0" bev="0" fileid="7" />
                <SequencePoint vc="0" uspid="24" ordinal="5" offset="46" sl="21" sc="17" el="21" ec="51" bec="0" bev="0" fileid="7" />
                <SequencePoint vc="0" uspid="25" ordinal="6" offset="57" sl="22" sc="17" el="22" ec="33" bec="0" bev="0" fileid="7" />
                <SequencePoint vc="0" uspid="26" ordinal="7" offset="65" sl="23" sc="13" el="23" ec="14" bec="0" bev="0" fileid="7" />
                <SequencePoint vc="0" uspid="27" ordinal="8" offset="68" sl="25" sc="13" el="25" ec="14" bec="0" bev="0" fileid="7" />
                <SequencePoint vc="0" uspid="28" ordinal="9" offset="69" sl="26" sc="17" el="26" ec="48" bec="0" bev="0" fileid="7" />
                <SequencePoint vc="0" uspid="29" ordinal="10" offset="87" sl="27" sc="13" el="27" ec="14" bec="0" bev="0" fileid="7" />
                <SequencePoint vc="0" uspid="30" ordinal="11" offset="88" sl="29" sc="13" el="29" ec="38" bec="0" bev="0" fileid="7" />
                <SequencePoint vc="0" uspid="31" ordinal="12" offset="101" sl="31" sc="13" el="31" ec="99" bec="0" bev="0" fileid="7" />
                <SequencePoint vc="0" uspid="32" ordinal="13" offset="124" sl="32" sc="9" el="32" ec="10" bec="0" bev="0" fileid="7" />
              </SequencePoints>
              <BranchPoints>
                <BranchPoint vc="0" uspid="33" ordinal="0" offset="43" sl="19" path="0" offsetend="45" fileid="7" />
                <BranchPoint vc="0" uspid="34" ordinal="1" offset="43" sl="19" path="1" offsetend="68" fileid="7" />
              </BranchPoints>
              <MethodPoint xsi:type="SequencePoint" vc="0" uspid="19" ordinal="0" offset="0" sl="15" sc="9" el="15" ec="10" bec="0" bev="0" fileid="7" />
            </Method>
            <Method visited="false" cyclomaticComplexity="3" nPathComplexity="4" sequenceCoverage="0" branchCoverage="0" crapScore="12" isConstructor="false" isStatic="false" isGetter="false" isSetter="false">
              <Summary numSequencePoints="15" visitedSequencePoints="0" numBranchPoints="5" visitedBranchPoints="0" sequenceCoverage="0" branchCoverage="0" maxCyclomaticComplexity="3" minCyclomaticComplexity="3" maxCrapScore="12" minCrapScore="12" visitedClasses="0" numClasses="0" visitedMethods="0" numMethods="1" />
              <MetadataToken>100663298</MetadataToken>
              <Name>System.Void Data.EmployeesRepository::DeleteEmployee(Entities.Employee)</Name>
              <FileRef uid="7" />
              <SequencePoints>
                <SequencePoint vc="0" uspid="35" ordinal="0" offset="0" sl="35" sc="9" el="35" ec="10" bec="0" bev="0" fileid="7" />
                <SequencePoint vc="0" uspid="36" ordinal="1" offset="1" sl="36" sc="13" el="36" ec="43" bec="0" bev="0" fileid="7" />
                <SequencePoint vc="0" uspid="37" ordinal="2" offset="16" sl="37" sc="13" el="37" ec="78" bec="0" bev="0" fileid="7" />
                <SequencePoint vc="0" uspid="38" ordinal="3" offset="32" sl="39" sc="13" el="39" ec="46" bec="0" bev="0" fileid="7" />
                <SequencePoint vc="0" uspid="39" ordinal="4" offset="50" sl="41" sc="18" el="41" ec="27" bec="0" bev="0" fileid="7" />
                <SequencePoint vc="0" uspid="40" ordinal="5" offset="54" sl="42" sc="13" el="42" ec="14" bec="0" bev="0" fileid="7" />
                <SequencePoint vc="0" uspid="41" ordinal="6" offset="55" sl="43" sc="17" el="43" ec="52" bec="2" bev="0" fileid="7" />
                <SequencePoint vc="0" uspid="42" ordinal="7" offset="84" sl="44" sc="17" el="44" ec="18" bec="0" bev="0" fileid="7" />
                <SequencePoint vc="0" uspid="43" ordinal="8" offset="85" sl="45" sc="21" el="45" ec="40" bec="0" bev="0" fileid="7" />
                <SequencePoint vc="0" uspid="44" ordinal="9" offset="113" sl="46" sc="17" el="46" ec="18" bec="0" bev="0" fileid="7" />
                <SequencePoint vc="0" uspid="45" ordinal="10" offset="114" sl="47" sc="13" el="47" ec="14" bec="0" bev="0" fileid="7" />
                <SequencePoint vc="0" uspid="46" ordinal="11" offset="115" sl="41" sc="51" el="41" ec="54" bec="0" bev="0" fileid="7" />
                <SequencePoint vc="0" uspid="47" ordinal="12" offset="119" sl="41" sc="29" el="41" ec="49" bec="2" bev="0" fileid="7" />
                <SequencePoint vc="0" uspid="48" ordinal="13" offset="137" sl="49" sc="13" el="49" ec="99" bec="0" bev="0" fileid="7" />
                <SequencePoint vc="0" uspid="49" ordinal="14" offset="160" sl="50" sc="9" el="50" ec="10" bec="0" bev="0" fileid="7" />
              </SequencePoints>
              <BranchPoints>
                <BranchPoint vc="0" uspid="50" ordinal="0" offset="82" sl="43" path="0" offsetend="84" fileid="7" />
                <BranchPoint vc="0" uspid="51" ordinal="1" offset="82" sl="43" path="1" offsetend="114" fileid="7" />
                <BranchPoint vc="0" uspid="52" ordinal="2" offset="135" sl="41" path="0" offsetend="137" fileid="7" />
                <BranchPoint vc="0" uspid="53" ordinal="3" offset="135" sl="41" path="1" offsetend="54" fileid="7" />
              </BranchPoints>
              <MethodPoint xsi:type="SequencePoint" vc="0" uspid="35" ordinal="0" offset="0" sl="35" sc="9" el="35" ec="10" bec="0" bev="0" fileid="7" />
            </Method>
            <Method visited="true" cyclomaticComplexity="2" nPathComplexity="2" sequenceCoverage="85.71" branchCoverage="66.67" crapScore="2.01" isConstructor="false" isStatic="false" isGetter="false" isSetter="false">
              <Summary numSequencePoints="7" visitedSequencePoints="6" numBranchPoints="3" visitedBranchPoints="2" sequenceCoverage="85.71" branchCoverage="66.67" maxCyclomaticComplexity="2" minCyclomaticComplexity="2" maxCrapScore="2.01" minCrapScore="2.01" visitedClasses="0" numClasses="0" visitedMethods="1" numMethods="1" />
              <MetadataToken>100663299</MetadataToken>
              <Name>System.Collections.Generic.List`1&lt;Entities.Employee&gt; Data.EmployeesRepository::GetEmployees()</Name>
              <FileRef uid="7" />
              <SequencePoints>
                <SequencePoint vc="1" uspid="54" ordinal="0" offset="0" sl="53" sc="9" el="53" ec="10" bec="0" bev="0" fileid="7" />
                <SequencePoint vc="1" uspid="55" ordinal="1" offset="1" sl="54" sc="13" el="54" ec="43" bec="0" bev="0" fileid="7" />
                <SequencePoint vc="1" uspid="56" ordinal="2" offset="16" sl="55" sc="13" el="55" ec="78" bec="0" bev="0" fileid="7" />
                <SequencePoint vc="1" uspid="57" ordinal="3" offset="32" sl="57" sc="13" el="57" ec="36" bec="2" bev="1" fileid="7" />
                <SequencePoint vc="0" uspid="58" ordinal="4" offset="45" sl="58" sc="17" el="58" ec="51" bec="0" bev="0" fileid="7" />
                <SequencePoint vc="1" uspid="59" ordinal="5" offset="56" sl="60" sc="13" el="60" ec="31" bec="0" bev="0" fileid="7" />
                <SequencePoint vc="1" uspid="60" ordinal="6" offset="65" sl="61" sc="9" el="61" ec="10" bec="0" bev="0" fileid="7" />
              </SequencePoints>
              <BranchPoints>
                <BranchPoint vc="0" uspid="61" ordinal="0" offset="43" sl="57" path="0" offsetend="45" fileid="7" />
                <BranchPoint vc="1" uspid="62" ordinal="1" offset="43" sl="57" path="1" offsetend="56" fileid="7" />
              </BranchPoints>
              <MethodPoint xsi:type="SequencePoint" vc="1" uspid="54" ordinal="0" offset="0" sl="53" sc="9" el="53" ec="10" bec="0" bev="0" fileid="7" />
            </Method>
            <Method visited="false" cyclomaticComplexity="1" nPathComplexity="0" sequenceCoverage="0" branchCoverage="0" crapScore="2" isConstructor="false" isStatic="false" isGetter="false" isSetter="false">
              <Summary numSequencePoints="6" visitedSequencePoints="0" numBranchPoints="1" visitedBranchPoints="0" sequenceCoverage="0" branchCoverage="0" maxCyclomaticComplexity="1" minCyclomaticComplexity="1" maxCrapScore="2" minCrapScore="2" visitedClasses="0" numClasses="0" visitedMethods="0" numMethods="1" />
              <MetadataToken>100663300</MetadataToken>
              <Name>System.Void Data.EmployeesRepository::UpdateEmployee(Entities.Employee)</Name>
              <FileRef uid="7" />
              <SequencePoints>
                <SequencePoint vc="0" uspid="63" ordinal="0" offset="0" sl="64" sc="9" el="64" ec="10" bec="0" bev="0" fileid="7" />
                <SequencePoint vc="0" uspid="64" ordinal="1" offset="1" sl="65" sc="13" el="65" ec="43" bec="0" bev="0" fileid="7" />
                <SequencePoint vc="0" uspid="65" ordinal="2" offset="16" sl="66" sc="13" el="66" ec="78" bec="0" bev="0" fileid="7" />
                <SequencePoint vc="0" uspid="66" ordinal="3" offset="32" sl="68" sc="13" el="68" ec="48" bec="0" bev="0" fileid="7" />
                <SequencePoint vc="0" uspid="67" ordinal="4" offset="51" sl="70" sc="13" el="70" ec="99" bec="0" bev="0" fileid="7" />
                <SequencePoint vc="0" uspid="68" ordinal="5" offset="74" sl="71" sc="9" el="71" ec="10" bec="0" bev="0" fileid="7" />
              </SequencePoints>
              <BranchPoints />
              <MethodPoint xsi:type="SequencePoint" vc="0" uspid="63" ordinal="0" offset="0" sl="64" sc="9" el="64" ec="10" bec="0" bev="0" fileid="7" />
            </Method>
            <Method visited="true" cyclomaticComplexity="1" nPathComplexity="0" sequenceCoverage="100" branchCoverage="100" crapScore="1" isConstructor="true" isStatic="false" isGetter="false" isSetter="false">
              <Summary numSequencePoints="1" visitedSequencePoints="1" numBranchPoints="1" visitedBranchPoints="1" sequenceCoverage="100" branchCoverage="100" maxCyclomaticComplexity="1" minCyclomaticComplexity="1" maxCrapScore="1" minCrapScore="1" visitedClasses="0" numClasses="0" visitedMethods="1" numMethods="1" />
              <MetadataToken>100663301</MetadataToken>
              <Name>System.Void Data.EmployeesRepository::.ctor()</Name>
              <FileRef uid="7" />
              <SequencePoints>
                <SequencePoint vc="1" uspid="69" ordinal="0" offset="0" sl="12" sc="9" el="12" ec="66" bec="0" bev="0" fileid="7" />
              </SequencePoints>
              <BranchPoints />
              <MethodPoint xsi:type="SequencePoint" vc="1" uspid="69" ordinal="0" offset="0" sl="12" sc="9" el="12" ec="66" bec="0" bev="0" fileid="7" />
            </Method>
            <Method visited="true" cyclomaticComplexity="1" nPathComplexity="0" sequenceCoverage="100" branchCoverage="100" crapScore="1" isConstructor="true" isStatic="true" isGetter="false" isSetter="false">
              <Summary numSequencePoints="2" visitedSequencePoints="2" numBranchPoints="1" visitedBranchPoints="1" sequenceCoverage="100" branchCoverage="100" maxCyclomaticComplexity="1" minCyclomaticComplexity="1" maxCrapScore="1" minCrapScore="1" visitedClasses="0" numClasses="0" visitedMethods="1" numMethods="1" />
              <MetadataToken>100663302</MetadataToken>
              <Name>System.Void Data.EmployeesRepository::.cctor()</Name>
              <FileRef uid="7" />
              <SequencePoints>
                <SequencePoint vc="1" uspid="70" ordinal="0" offset="0" sl="10" sc="9" el="10" ec="123" bec="0" bev="0" fileid="7" />
                <SequencePoint vc="1" uspid="71" ordinal="1" offset="10" sl="11" sc="9" el="11" ec="61" bec="0" bev="0" fileid="7" />
              </SequencePoints>
              <BranchPoints />
              <MethodPoint xsi:type="SequencePoint" vc="1" uspid="70" ordinal="0" offset="0" sl="10" sc="9" el="10" ec="123" bec="0" bev="0" fileid="7" />
            </Method>
          </Methods>
        </Class>
        <Class>
          <Summary numSequencePoints="45" visitedSequencePoints="9" numBranchPoints="14" visitedBranchPoints="4" sequenceCoverage="20" branchCoverage="28.57" maxCyclomaticComplexity="3" minCyclomaticComplexity="1" maxCrapScore="12" minCrapScore="1" visitedClasses="1" numClasses="1" visitedMethods="3" numMethods="6" />
          <FullName>Data.Repositories.PositionsRepository</FullName>
          <Methods>
            <Method visited="false" cyclomaticComplexity="2" nPathComplexity="2" sequenceCoverage="0" branchCoverage="0" crapScore="6" isConstructor="false" isStatic="false" isGetter="false" isSetter="false">
              <Summary numSequencePoints="14" visitedSequencePoints="0" numBranchPoints="3" visitedBranchPoints="0" sequenceCoverage="0" branchCoverage="0" maxCyclomaticComplexity="2" minCyclomaticComplexity="2" maxCrapScore="6" minCrapScore="6" visitedClasses="0" numClasses="0" visitedMethods="0" numMethods="1" />
              <MetadataToken>100663303</MetadataToken>
              <Name>System.Void Data.Repositories.PositionsRepository::AddPosition(Entities.Position)</Name>
              <FileRef uid="8" />
              <SequencePoints>
                <SequencePoint vc="0" uspid="72" ordinal="0" offset="0" sl="15" sc="9" el="15" ec="10" bec="0" bev="0" fileid="8" />
                <SequencePoint vc="0" uspid="73" ordinal="1" offset="1" sl="16" sc="13" el="16" ec="43" bec="0" bev="0" fileid="8" />
                <SequencePoint vc="0" uspid="74" ordinal="2" offset="16" sl="17" sc="13" el="17" ec="78" bec="0" bev="0" fileid="8" />
                <SequencePoint vc="0" uspid="75" ordinal="3" offset="32" sl="19" sc="13" el="19" ec="36" bec="2" bev="0" fileid="8" />
                <SequencePoint vc="0" uspid="76" ordinal="4" offset="45" sl="20" sc="13" el="20" ec="14" bec="0" bev="0" fileid="8" />
                <SequencePoint vc="0" uspid="77" ordinal="5" offset="46" sl="21" sc="17" el="21" ec="51" bec="0" bev="0" fileid="8" />
                <SequencePoint vc="0" uspid="78" ordinal="6" offset="57" sl="22" sc="17" el="22" ec="33" bec="0" bev="0" fileid="8" />
                <SequencePoint vc="0" uspid="79" ordinal="7" offset="65" sl="23" sc="13" el="23" ec="14" bec="0" bev="0" fileid="8" />
                <SequencePoint vc="0" uspid="80" ordinal="8" offset="68" sl="25" sc="13" el="25" ec="14" bec="0" bev="0" fileid="8" />
                <SequencePoint vc="0" uspid="81" ordinal="9" offset="69" sl="26" sc="17" el="26" ec="48" bec="0" bev="0" fileid="8" />
                <SequencePoint vc="0" uspid="82" ordinal="10" offset="87" sl="27" sc="13" el="27" ec="14" bec="0" bev="0" fileid="8" />
                <SequencePoint vc="0" uspid="83" ordinal="11" offset="88" sl="29" sc="13" el="29" ec="38" bec="0" bev="0" fileid="8" />
                <SequencePoint vc="0" uspid="84" ordinal="12" offset="101" sl="31" sc="13" el="31" ec="99" bec="0" bev="0" fileid="8" />
                <SequencePoint vc="0" uspid="85" ordinal="13" offset="124" sl="32" sc="9" el="32" ec="10" bec="0" bev="0" fileid="8" />
              </SequencePoints>
              <BranchPoints>
                <BranchPoint vc="0" uspid="86" ordinal="0" offset="43" sl="19" path="0" offsetend="45" fileid="8" />
                <BranchPoint vc="0" uspid="87" ordinal="1" offset="43" sl="19" path="1" offsetend="68" fileid="8" />
              </BranchPoints>
              <MethodPoint xsi:type="SequencePoint" vc="0" uspid="72" ordinal="0" offset="0" sl="15" sc="9" el="15" ec="10" bec="0" bev="0" fileid="8" />
            </Method>
            <Method visited="false" cyclomaticComplexity="3" nPathComplexity="4" sequenceCoverage="0" branchCoverage="0" crapScore="12" isConstructor="false" isStatic="false" isGetter="false" isSetter="false">
              <Summary numSequencePoints="15" visitedSequencePoints="0" numBranchPoints="5" visitedBranchPoints="0" sequenceCoverage="0" branchCoverage="0" maxCyclomaticComplexity="3" minCyclomaticComplexity="3" maxCrapScore="12" minCrapScore="12" visitedClasses="0" numClasses="0" visitedMethods="0" numMethods="1" />
              <MetadataToken>100663304</MetadataToken>
              <Name>System.Void Data.Repositories.PositionsRepository::DeletePosition(Entities.Position)</Name>
              <FileRef uid="8" />
              <SequencePoints>
                <SequencePoint vc="0" uspid="88" ordinal="0" offset="0" sl="35" sc="9" el="35" ec="10" bec="0" bev="0" fileid="8" />
                <SequencePoint vc="0" uspid="89" ordinal="1" offset="1" sl="36" sc="13" el="36" ec="43" bec="0" bev="0" fileid="8" />
                <SequencePoint vc="0" uspid="90" ordinal="2" offset="16" sl="37" sc="13" el="37" ec="78" bec="0" bev="0" fileid="8" />
                <SequencePoint vc="0" uspid="91" ordinal="3" offset="32" sl="39" sc="13" el="39" ec="46" bec="0" bev="0" fileid="8" />
                <SequencePoint vc="0" uspid="92" ordinal="4" offset="50" sl="41" sc="18" el="41" ec="27" bec="0" bev="0" fileid="8" />
                <SequencePoint vc="0" uspid="93" ordinal="5" offset="54" sl="42" sc="13" el="42" ec="14" bec="0" bev="0" fileid="8" />
                <SequencePoint vc="0" uspid="94" ordinal="6" offset="55" sl="43" sc="17" el="43" ec="52" bec="2" bev="0" fileid="8" />
                <SequencePoint vc="0" uspid="95" ordinal="7" offset="84" sl="44" sc="17" el="44" ec="18" bec="0" bev="0" fileid="8" />
                <SequencePoint vc="0" uspid="96" ordinal="8" offset="85" sl="45" sc="21" el="45" ec="40" bec="0" bev="0" fileid="8" />
                <SequencePoint vc="0" uspid="97" ordinal="9" offset="113" sl="46" sc="17" el="46" ec="18" bec="0" bev="0" fileid="8" />
                <SequencePoint vc="0" uspid="98" ordinal="10" offset="114" sl="47" sc="13" el="47" ec="14" bec="0" bev="0" fileid="8" />
                <SequencePoint vc="0" uspid="99" ordinal="11" offset="115" sl="41" sc="51" el="41" ec="54" bec="0" bev="0" fileid="8" />
                <SequencePoint vc="0" uspid="100" ordinal="12" offset="119" sl="41" sc="29" el="41" ec="49" bec="2" bev="0" fileid="8" />
                <SequencePoint vc="0" uspid="101" ordinal="13" offset="137" sl="49" sc="13" el="49" ec="99" bec="0" bev="0" fileid="8" />
                <SequencePoint vc="0" uspid="102" ordinal="14" offset="160" sl="50" sc="9" el="50" ec="10" bec="0" bev="0" fileid="8" />
              </SequencePoints>
              <BranchPoints>
                <BranchPoint vc="0" uspid="103" ordinal="0" offset="82" sl="43" path="0" offsetend="84" fileid="8" />
                <BranchPoint vc="0" uspid="104" ordinal="1" offset="82" sl="43" path="1" offsetend="114" fileid="8" />
                <BranchPoint vc="0" uspid="105" ordinal="2" offset="135" sl="41" path="0" offsetend="137" fileid="8" />
                <BranchPoint vc="0" uspid="106" ordinal="3" offset="135" sl="41" path="1" offsetend="54" fileid="8" />
              </BranchPoints>
              <MethodPoint xsi:type="SequencePoint" vc="0" uspid="88" ordinal="0" offset="0" sl="35" sc="9" el="35" ec="10" bec="0" bev="0" fileid="8" />
            </Method>
            <Method visited="true" cyclomaticComplexity="2" nPathComplexity="2" sequenceCoverage="85.71" branchCoverage="66.67" crapScore="2.01" isConstructor="false" isStatic="false" isGetter="false" isSetter="false">
              <Summary numSequencePoints="7" visitedSequencePoints="6" numBranchPoints="3" visitedBranchPoints="2" sequenceCoverage="85.71" branchCoverage="66.67" maxCyclomaticComplexity="2" minCyclomaticComplexity="2" maxCrapScore="2.01" minCrapScore="2.01" visitedClasses="0" numClasses="0" visitedMethods="1" numMethods="1" />
              <MetadataToken>100663305</MetadataToken>
              <Name>System.Collections.Generic.List`1&lt;Entities.Position&gt; Data.Repositories.PositionsRepository::GetPositions()</Name>
              <FileRef uid="8" />
              <SequencePoints>
                <SequencePoint vc="1" uspid="107" ordinal="0" offset="0" sl="53" sc="9" el="53" ec="10" bec="0" bev="0" fileid="8" />
                <SequencePoint vc="1" uspid="108" ordinal="1" offset="1" sl="54" sc="13" el="54" ec="43" bec="0" bev="0" fileid="8" />
                <SequencePoint vc="1" uspid="109" ordinal="2" offset="16" sl="55" sc="13" el="55" ec="78" bec="0" bev="0" fileid="8" />
                <SequencePoint vc="1" uspid="110" ordinal="3" offset="32" sl="57" sc="13" el="57" ec="36" bec="2" bev="1" fileid="8" />
                <SequencePoint vc="0" uspid="111" ordinal="4" offset="45" sl="58" sc="17" el="58" ec="51" bec="0" bev="0" fileid="8" />
                <SequencePoint vc="1" uspid="112" ordinal="5" offset="56" sl="60" sc="13" el="60" ec="31" bec="0" bev="0" fileid="8" />
                <SequencePoint vc="1" uspid="113" ordinal="6" offset="65" sl="61" sc="9" el="61" ec="10" bec="0" bev="0" fileid="8" />
              </SequencePoints>
              <BranchPoints>
                <BranchPoint vc="0" uspid="114" ordinal="0" offset="43" sl="57" path="0" offsetend="45" fileid="8" />
                <BranchPoint vc="1" uspid="115" ordinal="1" offset="43" sl="57" path="1" offsetend="56" fileid="8" />
              </BranchPoints>
              <MethodPoint xsi:type="SequencePoint" vc="1" uspid="107" ordinal="0" offset="0" sl="53" sc="9" el="53" ec="10" bec="0" bev="0" fileid="8" />
            </Method>
            <Method visited="false" cyclomaticComplexity="1" nPathComplexity="0" sequenceCoverage="0" branchCoverage="0" crapScore="2" isConstructor="false" isStatic="false" isGetter="false" isSetter="false">
              <Summary numSequencePoints="6" visitedSequencePoints="0" numBranchPoints="1" visitedBranchPoints="0" sequenceCoverage="0" branchCoverage="0" maxCyclomaticComplexity="1" minCyclomaticComplexity="1" maxCrapScore="2" minCrapScore="2" visitedClasses="0" numClasses="0" visitedMethods="0" numMethods="1" />
              <MetadataToken>100663306</MetadataToken>
              <Name>System.Void Data.Repositories.PositionsRepository::UpdatePosition(Entities.Position)</Name>
              <FileRef uid="8" />
              <SequencePoints>
                <SequencePoint vc="0" uspid="116" ordinal="0" offset="0" sl="64" sc="9" el="64" ec="10" bec="0" bev="0" fileid="8" />
                <SequencePoint vc="0" uspid="117" ordinal="1" offset="1" sl="65" sc="13" el="65" ec="43" bec="0" bev="0" fileid="8" />
                <SequencePoint vc="0" uspid="118" ordinal="2" offset="16" sl="66" sc="13" el="66" ec="78" bec="0" bev="0" fileid="8" />
                <SequencePoint vc="0" uspid="119" ordinal="3" offset="32" sl="68" sc="13" el="68" ec="48" bec="0" bev="0" fileid="8" />
                <SequencePoint vc="0" uspid="120" ordinal="4" offset="51" sl="70" sc="13" el="70" ec="99" bec="0" bev="0" fileid="8" />
                <SequencePoint vc="0" uspid="121" ordinal="5" offset="74" sl="71" sc="9" el="71" ec="10" bec="0" bev="0" fileid="8" />
              </SequencePoints>
              <BranchPoints />
              <MethodPoint xsi:type="SequencePoint" vc="0" uspid="116" ordinal="0" offset="0" sl="64" sc="9" el="64" ec="10" bec="0" bev="0" fileid="8" />
            </Method>
            <Method visited="true" cyclomaticComplexity="1" nPathComplexity="0" sequenceCoverage="100" branchCoverage="100" crapScore="1" isConstructor="true" isStatic="false" isGetter="false" isSetter="false">
              <Summary numSequencePoints="1" visitedSequencePoints="1" numBranchPoints="1" visitedBranchPoints="1" sequenceCoverage="100" branchCoverage="100" maxCyclomaticComplexity="1" minCyclomaticComplexity="1" maxCrapScore="1" minCrapScore="1" visitedClasses="0" numClasses="0" visitedMethods="1" numMethods="1" />
              <MetadataToken>100663307</MetadataToken>
              <Name>System.Void Data.Repositories.PositionsRepository::.ctor()</Name>
              <FileRef uid="8" />
              <SequencePoints>
                <SequencePoint vc="1" uspid="122" ordinal="0" offset="0" sl="12" sc="9" el="12" ec="66" bec="0" bev="0" fileid="8" />
              </SequencePoints>
              <BranchPoints />
              <MethodPoint xsi:type="SequencePoint" vc="1" uspid="122" ordinal="0" offset="0" sl="12" sc="9" el="12" ec="66" bec="0" bev="0" fileid="8" />
            </Method>
            <Method visited="true" cyclomaticComplexity="1" nPathComplexity="0" sequenceCoverage="100" branchCoverage="100" crapScore="1" isConstructor="true" isStatic="true" isGetter="false" isSetter="false">
              <Summary numSequencePoints="2" visitedSequencePoints="2" numBranchPoints="1" visitedBranchPoints="1" sequenceCoverage="100" branchCoverage="100" maxCyclomaticComplexity="1" minCyclomaticComplexity="1" maxCrapScore="1" minCrapScore="1" visitedClasses="0" numClasses="0" visitedMethods="1" numMethods="1" />
              <MetadataToken>100663308</MetadataToken>
              <Name>System.Void Data.Repositories.PositionsRepository::.cctor()</Name>
              <FileRef uid="8" />
              <SequencePoints>
                <SequencePoint vc="1" uspid="123" ordinal="0" offset="0" sl="10" sc="9" el="10" ec="123" bec="0" bev="0" fileid="8" />
                <SequencePoint vc="1" uspid="124" ordinal="1" offset="10" sl="11" sc="9" el="11" ec="61" bec="0" bev="0" fileid="8" />
              </SequencePoints>
              <BranchPoints />
              <MethodPoint xsi:type="SequencePoint" vc="1" uspid="123" ordinal="0" offset="0" sl="10" sc="9" el="10" ec="123" bec="0" bev="0" fileid="8" />
            </Method>
          </Methods>
        </Class>
        <Class>
          <Summary numSequencePoints="45" visitedSequencePoints="9" numBranchPoints="14" visitedBranchPoints="4" sequenceCoverage="20" branchCoverage="28.57" maxCyclomaticComplexity="3" minCyclomaticComplexity="1" maxCrapScore="12" minCrapScore="1" visitedClasses="1" numClasses="1" visitedMethods="3" numMethods="6" />
          <FullName>Data.Repositories.UnitsRepository</FullName>
          <Methods>
            <Method visited="false" cyclomaticComplexity="2" nPathComplexity="2" sequenceCoverage="0" branchCoverage="0" crapScore="6" isConstructor="false" isStatic="false" isGetter="false" isSetter="false">
              <Summary numSequencePoints="14" visitedSequencePoints="0" numBranchPoints="3" visitedBranchPoints="0" sequenceCoverage="0" branchCoverage="0" maxCyclomaticComplexity="2" minCyclomaticComplexity="2" maxCrapScore="6" minCrapScore="6" visitedClasses="0" numClasses="0" visitedMethods="0" numMethods="1" />
              <MetadataToken>100663309</MetadataToken>
              <Name>System.Void Data.Repositories.UnitsRepository::AddUnit(Entities.Unit)</Name>
              <FileRef uid="9" />
              <SequencePoints>
                <SequencePoint vc="0" uspid="125" ordinal="0" offset="0" sl="15" sc="9" el="15" ec="10" bec="0" bev="0" fileid="9" />
                <SequencePoint vc="0" uspid="126" ordinal="1" offset="1" sl="16" sc="13" el="16" ec="43" bec="0" bev="0" fileid="9" />
                <SequencePoint vc="0" uspid="127" ordinal="2" offset="16" sl="17" sc="13" el="17" ec="70" bec="0" bev="0" fileid="9" />
                <SequencePoint vc="0" uspid="128" ordinal="3" offset="32" sl="19" sc="13" el="19" ec="32" bec="2" bev="0" fileid="9" />
                <SequencePoint vc="0" uspid="129" ordinal="4" offset="45" sl="20" sc="13" el="20" ec="14" bec="0" bev="0" fileid="9" />
                <SequencePoint vc="0" uspid="130" ordinal="5" offset="46" sl="21" sc="17" el="21" ec="43" bec="0" bev="0" fileid="9" />
                <SequencePoint vc="0" uspid="131" ordinal="6" offset="57" sl="22" sc="17" el="22" ec="29" bec="0" bev="0" fileid="9" />
                <SequencePoint vc="0" uspid="132" ordinal="7" offset="65" sl="23" sc="13" el="23" ec="14" bec="0" bev="0" fileid="9" />
                <SequencePoint vc="0" uspid="133" ordinal="8" offset="68" sl="25" sc="13" el="25" ec="14" bec="0" bev="0" fileid="9" />
                <SequencePoint vc="0" uspid="134" ordinal="9" offset="69" sl="26" sc="17" el="26" ec="40" bec="0" bev="0" fileid="9" />
                <SequencePoint vc="0" uspid="135" ordinal="10" offset="87" sl="27" sc="13" el="27" ec="14" bec="0" bev="0" fileid="9" />
                <SequencePoint vc="0" uspid="136" ordinal="11" offset="88" sl="29" sc="13" el="29" ec="30" bec="0" bev="0" fileid="9" />
                <SequencePoint vc="0" uspid="137" ordinal="12" offset="101" sl="31" sc="13" el="31" ec="95" bec="0" bev="0" fileid="9" />
                <SequencePoint vc="0" uspid="138" ordinal="13" offset="124" sl="32" sc="9" el="32" ec="10" bec="0" bev="0" fileid="9" />
              </SequencePoints>
              <BranchPoints>
                <BranchPoint vc="0" uspid="139" ordinal="0" offset="43" sl="19" path="0" offsetend="45" fileid="9" />
                <BranchPoint vc="0" uspid="140" ordinal="1" offset="43" sl="19" path="1" offsetend="68" fileid="9" />
              </BranchPoints>
              <MethodPoint xsi:type="SequencePoint" vc="0" uspid="125" ordinal="0" offset="0" sl="15" sc="9" el="15" ec="10" bec="0" bev="0" fileid="9" />
            </Method>
            <Method visited="false" cyclomaticComplexity="3" nPathComplexity="4" sequenceCoverage="0" branchCoverage="0" crapScore="12" isConstructor="false" isStatic="false" isGetter="false" isSetter="false">
              <Summary numSequencePoints="15" visitedSequencePoints="0" numBranchPoints="5" visitedBranchPoints="0" sequenceCoverage="0" branchCoverage="0" maxCyclomaticComplexity="3" minCyclomaticComplexity="3" maxCrapScore="12" minCrapScore="12" visitedClasses="0" numClasses="0" visitedMethods="0" numMethods="1" />
              <MetadataToken>100663310</MetadataToken>
              <Name>System.Void Data.Repositories.UnitsRepository::DeleteUnit(Entities.Unit)</Name>
              <FileRef uid="9" />
              <SequencePoints>
                <SequencePoint vc="0" uspid="141" ordinal="0" offset="0" sl="35" sc="9" el="35" ec="10" bec="0" bev="0" fileid="9" />
                <SequencePoint vc="0" uspid="142" ordinal="1" offset="1" sl="36" sc="13" el="36" ec="43" bec="0" bev="0" fileid="9" />
                <SequencePoint vc="0" uspid="143" ordinal="2" offset="16" sl="37" sc="13" el="37" ec="70" bec="0" bev="0" fileid="9" />
                <SequencePoint vc="0" uspid="144" ordinal="3" offset="32" sl="39" sc="13" el="39" ec="38" bec="0" bev="0" fileid="9" />
                <SequencePoint vc="0" uspid="145" ordinal="4" offset="50" sl="41" sc="18" el="41" ec="27" bec="0" bev="0" fileid="9" />
                <SequencePoint vc="0" uspid="146" ordinal="5" offset="54" sl="42" sc="13" el="42" ec="14" bec="0" bev="0" fileid="9" />
                <SequencePoint vc="0" uspid="147" ordinal="6" offset="55" sl="43" sc="17" el="43" ec="44" bec="2" bev="0" fileid="9" />
                <SequencePoint vc="0" uspid="148" ordinal="7" offset="84" sl="44" sc="17" el="44" ec="18" bec="0" bev="0" fileid="9" />
                <SequencePoint vc="0" uspid="149" ordinal="8" offset="85" sl="45" sc="21" el="45" ec="36" bec="0" bev="0" fileid="9" />
                <SequencePoint vc="0" uspid="150" ordinal="9" offset="113" sl="46" sc="17" el="46" ec="18" bec="0" bev="0" fileid="9" />
                <SequencePoint vc="0" uspid="151" ordinal="10" offset="114" sl="47" sc="13" el="47" ec="14" bec="0" bev="0" fileid="9" />
                <SequencePoint vc="0" uspid="152" ordinal="11" offset="115" sl="41" sc="47" el="41" ec="50" bec="0" bev="0" fileid="9" />
                <SequencePoint vc="0" uspid="153" ordinal="12" offset="119" sl="41" sc="29" el="41" ec="45" bec="2" bev="0" fileid="9" />
                <SequencePoint vc="0" uspid="154" ordinal="13" offset="137" sl="49" sc="13" el="49" ec="95" bec="0" bev="0" fileid="9" />
                <SequencePoint vc="0" uspid="155" ordinal="14" offset="160" sl="50" sc="9" el="50" ec="10" bec="0" bev="0" fileid="9" />
              </SequencePoints>
              <BranchPoints>
                <BranchPoint vc="0" uspid="156" ordinal="0" offset="82" sl="43" path="0" offsetend="84" fileid="9" />
                <BranchPoint vc="0" uspid="157" ordinal="1" offset="82" sl="43" path="1" offsetend="114" fileid="9" />
                <BranchPoint vc="0" uspid="158" ordinal="2" offset="135" sl="41" path="0" offsetend="137" fileid="9" />
                <BranchPoint vc="0" uspid="159" ordinal="3" offset="135" sl="41" path="1" offsetend="54" fileid="9" />
              </BranchPoints>
              <MethodPoint xsi:type="SequencePoint" vc="0" uspid="141" ordinal="0" offset="0" sl="35" sc="9" el="35" ec="10" bec="0" bev="0" fileid="9" />
            </Method>
            <Method visited="true" cyclomaticComplexity="2" nPathComplexity="2" sequenceCoverage="85.71" branchCoverage="66.67" crapScore="2.01" isConstructor="false" isStatic="false" isGetter="false" isSetter="false">
              <Summary numSequencePoints="7" visitedSequencePoints="6" numBranchPoints="3" visitedBranchPoints="2" sequenceCoverage="85.71" branchCoverage="66.67" maxCyclomaticComplexity="2" minCyclomaticComplexity="2" maxCrapScore="2.01" minCrapScore="2.01" visitedClasses="0" numClasses="0" visitedMethods="1" numMethods="1" />
              <MetadataToken>100663311</MetadataToken>
              <Name>System.Collections.Generic.List`1&lt;Entities.Unit&gt; Data.Repositories.UnitsRepository::GetUnits()</Name>
              <FileRef uid="9" />
              <SequencePoints>
                <SequencePoint vc="1" uspid="160" ordinal="0" offset="0" sl="53" sc="9" el="53" ec="10" bec="0" bev="0" fileid="9" />
                <SequencePoint vc="1" uspid="161" ordinal="1" offset="1" sl="54" sc="13" el="54" ec="43" bec="0" bev="0" fileid="9" />
                <SequencePoint vc="1" uspid="162" ordinal="2" offset="16" sl="55" sc="13" el="55" ec="70" bec="0" bev="0" fileid="9" />
                <SequencePoint vc="1" uspid="163" ordinal="3" offset="32" sl="57" sc="13" el="57" ec="32" bec="2" bev="1" fileid="9" />
                <SequencePoint vc="0" uspid="164" ordinal="4" offset="45" sl="58" sc="17" el="58" ec="43" bec="0" bev="0" fileid="9" />
                <SequencePoint vc="1" uspid="165" ordinal="5" offset="56" sl="60" sc="13" el="60" ec="27" bec="0" bev="0" fileid="9" />
                <SequencePoint vc="1" uspid="166" ordinal="6" offset="65" sl="61" sc="9" el="61" ec="10" bec="0" bev="0" fileid="9" />
              </SequencePoints>
              <BranchPoints>
                <BranchPoint vc="0" uspid="167" ordinal="0" offset="43" sl="57" path="0" offsetend="45" fileid="9" />
                <BranchPoint vc="1" uspid="168" ordinal="1" offset="43" sl="57" path="1" offsetend="56" fileid="9" />
              </BranchPoints>
              <MethodPoint xsi:type="SequencePoint" vc="1" uspid="160" ordinal="0" offset="0" sl="53" sc="9" el="53" ec="10" bec="0" bev="0" fileid="9" />
            </Method>
            <Method visited="false" cyclomaticComplexity="1" nPathComplexity="0" sequenceCoverage="0" branchCoverage="0" crapScore="2" isConstructor="false" isStatic="false" isGetter="false" isSetter="false">
              <Summary numSequencePoints="6" visitedSequencePoints="0" numBranchPoints="1" visitedBranchPoints="0" sequenceCoverage="0" branchCoverage="0" maxCyclomaticComplexity="1" minCyclomaticComplexity="1" maxCrapScore="2" minCrapScore="2" visitedClasses="0" numClasses="0" visitedMethods="0" numMethods="1" />
              <MetadataToken>100663312</MetadataToken>
              <Name>System.Void Data.Repositories.UnitsRepository::UpdateUnit(Entities.Unit)</Name>
              <FileRef uid="9" />
              <SequencePoints>
                <SequencePoint vc="0" uspid="169" ordinal="0" offset="0" sl="64" sc="9" el="64" ec="10" bec="0" bev="0" fileid="9" />
                <SequencePoint vc="0" uspid="170" ordinal="1" offset="1" sl="65" sc="13" el="65" ec="43" bec="0" bev="0" fileid="9" />
                <SequencePoint vc="0" uspid="171" ordinal="2" offset="16" sl="66" sc="13" el="66" ec="70" bec="0" bev="0" fileid="9" />
                <SequencePoint vc="0" uspid="172" ordinal="3" offset="32" sl="68" sc="13" el="68" ec="36" bec="0" bev="0" fileid="9" />
                <SequencePoint vc="0" uspid="173" ordinal="4" offset="51" sl="70" sc="13" el="70" ec="95" bec="0" bev="0" fileid="9" />
                <SequencePoint vc="0" uspid="174" ordinal="5" offset="74" sl="71" sc="9" el="71" ec="10" bec="0" bev="0" fileid="9" />
              </SequencePoints>
              <BranchPoints />
              <MethodPoint xsi:type="SequencePoint" vc="0" uspid="169" ordinal="0" offset="0" sl="64" sc="9" el="64" ec="10" bec="0" bev="0" fileid="9" />
            </Method>
            <Method visited="true" cyclomaticComplexity="1" nPathComplexity="0" sequenceCoverage="100" branchCoverage="100" crapScore="1" isConstructor="true" isStatic="false" isGetter="false" isSetter="false">
              <Summary numSequencePoints="1" visitedSequencePoints="1" numBranchPoints="1" visitedBranchPoints="1" sequenceCoverage="100" branchCoverage="100" maxCyclomaticComplexity="1" minCyclomaticComplexity="1" maxCrapScore="1" minCrapScore="1" visitedClasses="0" numClasses="0" visitedMethods="1" numMethods="1" />
              <MetadataToken>100663313</MetadataToken>
              <Name>System.Void Data.Repositories.UnitsRepository::.ctor()</Name>
              <FileRef uid="9" />
              <SequencePoints>
                <SequencePoint vc="1" uspid="175" ordinal="0" offset="0" sl="12" sc="9" el="12" ec="54" bec="0" bev="0" fileid="9" />
              </SequencePoints>
              <BranchPoints />
              <MethodPoint xsi:type="SequencePoint" vc="1" uspid="175" ordinal="0" offset="0" sl="12" sc="9" el="12" ec="54" bec="0" bev="0" fileid="9" />
            </Method>
            <Method visited="true" cyclomaticComplexity="1" nPathComplexity="0" sequenceCoverage="100" branchCoverage="100" crapScore="1" isConstructor="true" isStatic="true" isGetter="false" isSetter="false">
              <Summary numSequencePoints="2" visitedSequencePoints="2" numBranchPoints="1" visitedBranchPoints="1" sequenceCoverage="100" branchCoverage="100" maxCyclomaticComplexity="1" minCyclomaticComplexity="1" maxCrapScore="1" minCrapScore="1" visitedClasses="0" numClasses="0" visitedMethods="1" numMethods="1" />
              <MetadataToken>100663314</MetadataToken>
              <Name>System.Void Data.Repositories.UnitsRepository::.cctor()</Name>
              <FileRef uid="9" />
              <SequencePoints>
                <SequencePoint vc="1" uspid="176" ordinal="0" offset="0" sl="10" sc="9" el="10" ec="119" bec="0" bev="0" fileid="9" />
                <SequencePoint vc="1" uspid="177" ordinal="1" offset="10" sl="11" sc="9" el="11" ec="61" bec="0" bev="0" fileid="9" />
              </SequencePoints>
              <BranchPoints />
              <MethodPoint xsi:type="SequencePoint" vc="1" uspid="176" ordinal="0" offset="0" sl="10" sc="9" el="10" ec="119" bec="0" bev="0" fileid="9" />
            </Method>
          </Methods>
        </Class>
      </Classes>
    </Module>
    <Module hash="65-E3-1B-C5-C2-F7-F3-A0-28-6F-B8-D9-E5-42-BD-48-D4-AF-8B-7F">
      <Summary numSequencePoints="46" visitedSequencePoints="26" numBranchPoints="46" visitedBranchPoints="26" sequenceCoverage="56.52" branchCoverage="56.52" maxCyclomaticComplexity="1" minCyclomaticComplexity="1" maxCrapScore="2" minCrapScore="1" visitedClasses="4" numClasses="4" visitedMethods="26" numMethods="46" />
      <ModulePath>C:\Users\admin\source\repos\CourseWorkVar4\DataTests\bin\Debug\fine-code-coverage\build-output\Entities.dll</ModulePath>
      <ModuleTime>2022-01-04T17:26:17.742394Z</ModuleTime>
      <ModuleName>Entities</ModuleName>
      <Files>
        <File uid="13" fullPath="C:\Users\admin\source\repos\CourseWorkVar4\Entities\Employee.cs" />
        <File uid="14" fullPath="C:\Users\admin\source\repos\CourseWorkVar4\Entities\Position.cs" />
        <File uid="15" fullPath="C:\Users\admin\source\repos\CourseWorkVar4\Entities\Project.cs" />
        <File uid="16" fullPath="C:\Users\admin\source\repos\CourseWorkVar4\Entities\Unit.cs" />
      </Files>
      <Classes>
        <Class>
          <Summary numSequencePoints="24" visitedSequencePoints="15" numBranchPoints="24" visitedBranchPoints="15" sequenceCoverage="62.5" branchCoverage="62.5" maxCyclomaticComplexity="1" minCyclomaticComplexity="1" maxCrapScore="2" minCrapScore="1" visitedClasses="1" numClasses="1" visitedMethods="15" numMethods="24" />
          <FullName>Entities.Employee</FullName>
          <Methods>
            <Method visited="false" cyclomaticComplexity="1" nPathComplexity="0" sequenceCoverage="0" branchCoverage="0" crapScore="2" isConstructor="false" isStatic="false" isGetter="true" isSetter="false">
              <Summary numSequencePoints="1" visitedSequencePoints="0" numBranchPoints="1" visitedBranchPoints="0" sequenceCoverage="0" branchCoverage="0" maxCyclomaticComplexity="1" minCyclomaticComplexity="1" maxCrapScore="2" minCrapScore="2" visitedClasses="0" numClasses="0" visitedMethods="0" numMethods="1" />
              <MetadataToken>100663297</MetadataToken>
              <Name>System.Int32 Entities.Employee::get_ID()</Name>
              <FileRef uid="13" />
              <SequencePoints>
                <SequencePoint vc="0" uspid="178" ordinal="0" offset="0" sl="7" sc="25" el="7" ec="29" bec="0" bev="0" fileid="13" />
              </SequencePoints>
              <BranchPoints />
              <MethodPoint xsi:type="SequencePoint" vc="0" uspid="178" ordinal="0" offset="0" sl="7" sc="25" el="7" ec="29" bec="0" bev="0" fileid="13" />
            </Method>
            <Method visited="true" cyclomaticComplexity="1" nPathComplexity="0" sequenceCoverage="100" branchCoverage="100" crapScore="1" isConstructor="false" isStatic="false" isGetter="false" isSetter="true">
              <Summary numSequencePoints="1" visitedSequencePoints="1" numBranchPoints="1" visitedBranchPoints="1" sequenceCoverage="100" branchCoverage="100" maxCyclomaticComplexity="1" minCyclomaticComplexity="1" maxCrapScore="1" minCrapScore="1" visitedClasses="0" numClasses="0" visitedMethods="1" numMethods="1" />
              <MetadataToken>100663298</MetadataToken>
              <Name>System.Void Entities.Employee::set_ID(System.Int32)</Name>
              <FileRef uid="13" />
              <SequencePoints>
                <SequencePoint vc="1" uspid="179" ordinal="0" offset="0" sl="7" sc="30" el="7" ec="34" bec="0" bev="0" fileid="13" />
              </SequencePoints>
              <BranchPoints />
              <MethodPoint xsi:type="SequencePoint" vc="1" uspid="179" ordinal="0" offset="0" sl="7" sc="30" el="7" ec="34" bec="0" bev="0" fileid="13" />
            </Method>
            <Method visited="false" cyclomaticComplexity="1" nPathComplexity="0" sequenceCoverage="0" branchCoverage="0" crapScore="2" isConstructor="false" isStatic="false" isGetter="true" isSetter="false">
              <Summary numSequencePoints="1" visitedSequencePoints="0" numBranchPoints="1" visitedBranchPoints="0" sequenceCoverage="0" branchCoverage="0" maxCyclomaticComplexity="1" minCyclomaticComplexity="1" maxCrapScore="2" minCrapScore="2" visitedClasses="0" numClasses="0" visitedMethods="0" numMethods="1" />
              <MetadataToken>100663299</MetadataToken>
              <Name>System.String Entities.Employee::get_Name()</Name>
              <FileRef uid="13" />
              <SequencePoints>
                <SequencePoint vc="0" uspid="180" ordinal="0" offset="0" sl="8" sc="30" el="8" ec="34" bec="0" bev="0" fileid="13" />
              </SequencePoints>
              <BranchPoints />
              <MethodPoint xsi:type="SequencePoint" vc="0" uspid="180" ordinal="0" offset="0" sl="8" sc="30" el="8" ec="34" bec="0" bev="0" fileid="13" />
            </Method>
            <Method visited="true" cyclomaticComplexity="1" nPathComplexity="0" sequenceCoverage="100" branchCoverage="100" crapScore="1" isConstructor="false" isStatic="false" isGetter="false" isSetter="true">
              <Summary numSequencePoints="1" visitedSequencePoints="1" numBranchPoints="1" visitedBranchPoints="1" sequenceCoverage="100" branchCoverage="100" maxCyclomaticComplexity="1" minCyclomaticComplexity="1" maxCrapScore="1" minCrapScore="1" visitedClasses="0" numClasses="0" visitedMethods="1" numMethods="1" />
              <MetadataToken>100663300</MetadataToken>
              <Name>System.Void Entities.Employee::set_Name(System.String)</Name>
              <FileRef uid="13" />
              <SequencePoints>
                <SequencePoint vc="1" uspid="181" ordinal="0" offset="0" sl="8" sc="35" el="8" ec="39" bec="0" bev="0" fileid="13" />
              </SequencePoints>
              <BranchPoints />
              <MethodPoint xsi:type="SequencePoint" vc="1" uspid="181" ordinal="0" offset="0" sl="8" sc="35" el="8" ec="39" bec="0" bev="0" fileid="13" />
            </Method>
            <Method visited="false" cyclomaticComplexity="1" nPathComplexity="0" sequenceCoverage="0" branchCoverage="0" crapScore="2" isConstructor="false" isStatic="false" isGetter="true" isSetter="false">
              <Summary numSequencePoints="1" visitedSequencePoints="0" numBranchPoints="1" visitedBranchPoints="0" sequenceCoverage="0" branchCoverage="0" maxCyclomaticComplexity="1" minCyclomaticComplexity="1" maxCrapScore="2" minCrapScore="2" visitedClasses="0" numClasses="0" visitedMethods="0" numMethods="1" />
              <MetadataToken>100663301</MetadataToken>
              <Name>System.String Entities.Employee::get_LastName()</Name>
              <FileRef uid="13" />
              <SequencePoints>
                <SequencePoint vc="0" uspid="182" ordinal="0" offset="0" sl="9" sc="34" el="9" ec="38" bec="0" bev="0" fileid="13" />
              </SequencePoints>
              <BranchPoints />
              <MethodPoint xsi:type="SequencePoint" vc="0" uspid="182" ordinal="0" offset="0" sl="9" sc="34" el="9" ec="38" bec="0" bev="0" fileid="13" />
            </Method>
            <Method visited="true" cyclomaticComplexity="1" nPathComplexity="0" sequenceCoverage="100" branchCoverage="100" crapScore="1" isConstructor="false" isStatic="false" isGetter="false" isSetter="true">
              <Summary numSequencePoints="1" visitedSequencePoints="1" numBranchPoints="1" visitedBranchPoints="1" sequenceCoverage="100" branchCoverage="100" maxCyclomaticComplexity="1" minCyclomaticComplexity="1" maxCrapScore="1" minCrapScore="1" visitedClasses="0" numClasses="0" visitedMethods="1" numMethods="1" />
              <MetadataToken>100663302</MetadataToken>
              <Name>System.Void Entities.Employee::set_LastName(System.String)</Name>
              <FileRef uid="13" />
              <SequencePoints>
                <SequencePoint vc="1" uspid="183" ordinal="0" offset="0" sl="9" sc="39" el="9" ec="43" bec="0" bev="0" fileid="13" />
              </SequencePoints>
              <BranchPoints />
              <MethodPoint xsi:type="SequencePoint" vc="1" uspid="183" ordinal="0" offset="0" sl="9" sc="39" el="9" ec="43" bec="0" bev="0" fileid="13" />
            </Method>
            <Method visited="false" cyclomaticComplexity="1" nPathComplexity="0" sequenceCoverage="0" branchCoverage="0" crapScore="2" isConstructor="false" isStatic="false" isGetter="true" isSetter="false">
              <Summary numSequencePoints="1" visitedSequencePoints="0" numBranchPoints="1" visitedBranchPoints="0" sequenceCoverage="0" branchCoverage="0" maxCyclomaticComplexity="1" minCyclomaticComplexity="1" maxCrapScore="2" minCrapScore="2" visitedClasses="0" numClasses="0" visitedMethods="0" numMethods="1" />
              <MetadataToken>100663303</MetadataToken>
              <Name>System.Int32 Entities.Employee::get_Age()</Name>
              <FileRef uid="13" />
              <SequencePoints>
                <SequencePoint vc="0" uspid="184" ordinal="0" offset="0" sl="10" sc="26" el="10" ec="30" bec="0" bev="0" fileid="13" />
              </SequencePoints>
              <BranchPoints />
              <MethodPoint xsi:type="SequencePoint" vc="0" uspid="184" ordinal="0" offset="0" sl="10" sc="26" el="10" ec="30" bec="0" bev="0" fileid="13" />
            </Method>
            <Method visited="true" cyclomaticComplexity="1" nPathComplexity="0" sequenceCoverage="100" branchCoverage="100" crapScore="1" isConstructor="false" isStatic="false" isGetter="false" isSetter="true">
              <Summary numSequencePoints="1" visitedSequencePoints="1" numBranchPoints="1" visitedBranchPoints="1" sequenceCoverage="100" branchCoverage="100" maxCyclomaticComplexity="1" minCyclomaticComplexity="1" maxCrapScore="1" minCrapScore="1" visitedClasses="0" numClasses="0" visitedMethods="1" numMethods="1" />
              <MetadataToken>100663304</MetadataToken>
              <Name>System.Void Entities.Employee::set_Age(System.Int32)</Name>
              <FileRef uid="13" />
              <SequencePoints>
                <SequencePoint vc="1" uspid="185" ordinal="0" offset="0" sl="10" sc="31" el="10" ec="35" bec="0" bev="0" fileid="13" />
              </SequencePoints>
              <BranchPoints />
              <MethodPoint xsi:type="SequencePoint" vc="1" uspid="185" ordinal="0" offset="0" sl="10" sc="31" el="10" ec="35" bec="0" bev="0" fileid="13" />
            </Method>
            <Method visited="false" cyclomaticComplexity="1" nPathComplexity="0" sequenceCoverage="0" branchCoverage="0" crapScore="2" isConstructor="false" isStatic="false" isGetter="true" isSetter="false">
              <Summary numSequencePoints="1" visitedSequencePoints="0" numBranchPoints="1" visitedBranchPoints="0" sequenceCoverage="0" branchCoverage="0" maxCyclomaticComplexity="1" minCyclomaticComplexity="1" maxCrapScore="2" minCrapScore="2" visitedClasses="0" numClasses="0" visitedMethods="0" numMethods="1" />
              <MetadataToken>100663305</MetadataToken>
              <Name>System.String Entities.Employee::get_Email()</Name>
              <FileRef uid="13" />
              <SequencePoints>
                <SequencePoint vc="0" uspid="186" ordinal="0" offset="0" sl="11" sc="31" el="11" ec="35" bec="0" bev="0" fileid="13" />
              </SequencePoints>
              <BranchPoints />
              <MethodPoint xsi:type="SequencePoint" vc="0" uspid="186" ordinal="0" offset="0" sl="11" sc="31" el="11" ec="35" bec="0" bev="0" fileid="13" />
            </Method>
            <Method visited="true" cyclomaticComplexity="1" nPathComplexity="0" sequenceCoverage="100" branchCoverage="100" crapScore="1" isConstructor="false" isStatic="false" isGetter="false" isSetter="true">
              <Summary numSequencePoints="1" visitedSequencePoints="1" numBranchPoints="1" visitedBranchPoints="1" sequenceCoverage="100" branchCoverage="100" maxCyclomaticComplexity="1" minCyclomaticComplexity="1" maxCrapScore="1" minCrapScore="1" visitedClasses="0" numClasses="0" visitedMethods="1" numMethods="1" />
              <MetadataToken>100663306</MetadataToken>
              <Name>System.Void Entities.Employee::set_Email(System.String)</Name>
              <FileRef uid="13" />
              <SequencePoints>
                <SequencePoint vc="1" uspid="187" ordinal="0" offset="0" sl="11" sc="36" el="11" ec="40" bec="0" bev="0" fileid="13" />
              </SequencePoints>
              <BranchPoints />
              <MethodPoint xsi:type="SequencePoint" vc="1" uspid="187" ordinal="0" offset="0" sl="11" sc="36" el="11" ec="40" bec="0" bev="0" fileid="13" />
            </Method>
            <Method visited="false" cyclomaticComplexity="1" nPathComplexity="0" sequenceCoverage="0" branchCoverage="0" crapScore="2" isConstructor="false" isStatic="false" isGetter="true" isSetter="false">
              <Summary numSequencePoints="1" visitedSequencePoints="0" numBranchPoints="1" visitedBranchPoints="0" sequenceCoverage="0" branchCoverage="0" maxCyclomaticComplexity="1" minCyclomaticComplexity="1" maxCrapScore="2" minCrapScore="2" visitedClasses="0" numClasses="0" visitedMethods="0" numMethods="1" />
              <MetadataToken>100663307</MetadataToken>
              <Name>System.String Entities.Employee::get_IdentificationCode()</Name>
              <FileRef uid="13" />
              <SequencePoints>
                <SequencePoint vc="0" uspid="188" ordinal="0" offset="0" sl="12" sc="44" el="12" ec="48" bec="0" bev="0" fileid="13" />
              </SequencePoints>
              <BranchPoints />
              <MethodPoint xsi:type="SequencePoint" vc="0" uspid="188" ordinal="0" offset="0" sl="12" sc="44" el="12" ec="48" bec="0" bev="0" fileid="13" />
            </Method>
            <Method visited="true" cyclomaticComplexity="1" nPathComplexity="0" sequenceCoverage="100" branchCoverage="100" crapScore="1" isConstructor="false" isStatic="false" isGetter="false" isSetter="true">
              <Summary numSequencePoints="1" visitedSequencePoints="1" numBranchPoints="1" visitedBranchPoints="1" sequenceCoverage="100" branchCoverage="100" maxCyclomaticComplexity="1" minCyclomaticComplexity="1" maxCrapScore="1" minCrapScore="1" visitedClasses="0" numClasses="0" visitedMethods="1" numMethods="1" />
              <MetadataToken>100663308</MetadataToken>
              <Name>System.Void Entities.Employee::set_IdentificationCode(System.String)</Name>
              <FileRef uid="13" />
              <SequencePoints>
                <SequencePoint vc="1" uspid="189" ordinal="0" offset="0" sl="12" sc="49" el="12" ec="53" bec="0" bev="0" fileid="13" />
              </SequencePoints>
              <BranchPoints />
              <MethodPoint xsi:type="SequencePoint" vc="1" uspid="189" ordinal="0" offset="0" sl="12" sc="49" el="12" ec="53" bec="0" bev="0" fileid="13" />
            </Method>
            <Method visited="false" cyclomaticComplexity="1" nPathComplexity="0" sequenceCoverage="0" branchCoverage="0" crapScore="2" isConstructor="false" isStatic="false" isGetter="true" isSetter="false">
              <Summary numSequencePoints="1" visitedSequencePoints="0" numBranchPoints="1" visitedBranchPoints="0" sequenceCoverage="0" branchCoverage="0" maxCyclomaticComplexity="1" minCyclomaticComplexity="1" maxCrapScore="2" minCrapScore="2" visitedClasses="0" numClasses="0" visitedMethods="0" numMethods="1" />
              <MetadataToken>100663309</MetadataToken>
              <Name>System.Int32 Entities.Employee::get_Experience()</Name>
              <FileRef uid="13" />
              <SequencePoints>
                <SequencePoint vc="0" uspid="190" ordinal="0" offset="0" sl="13" sc="33" el="13" ec="37" bec="0" bev="0" fileid="13" />
              </SequencePoints>
              <BranchPoints />
              <MethodPoint xsi:type="SequencePoint" vc="0" uspid="190" ordinal="0" offset="0" sl="13" sc="33" el="13" ec="37" bec="0" bev="0" fileid="13" />
            </Method>
            <Method visited="true" cyclomaticComplexity="1" nPathComplexity="0" sequenceCoverage="100" branchCoverage="100" crapScore="1" isConstructor="false" isStatic="false" isGetter="false" isSetter="true">
              <Summary numSequencePoints="1" visitedSequencePoints="1" numBranchPoints="1" visitedBranchPoints="1" sequenceCoverage="100" branchCoverage="100" maxCyclomaticComplexity="1" minCyclomaticComplexity="1" maxCrapScore="1" minCrapScore="1" visitedClasses="0" numClasses="0" visitedMethods="1" numMethods="1" />
              <MetadataToken>100663310</MetadataToken>
              <Name>System.Void Entities.Employee::set_Experience(System.Int32)</Name>
              <FileRef uid="13" />
              <SequencePoints>
                <SequencePoint vc="1" uspid="191" ordinal="0" offset="0" sl="13" sc="38" el="13" ec="42" bec="0" bev="0" fileid="13" />
              </SequencePoints>
              <BranchPoints />
              <MethodPoint xsi:type="SequencePoint" vc="1" uspid="191" ordinal="0" offset="0" sl="13" sc="38" el="13" ec="42" bec="0" bev="0" fileid="13" />
            </Method>
            <Method visited="false" cyclomaticComplexity="1" nPathComplexity="0" sequenceCoverage="0" branchCoverage="0" crapScore="2" isConstructor="false" isStatic="false" isGetter="true" isSetter="false">
              <Summary numSequencePoints="1" visitedSequencePoints="0" numBranchPoints="1" visitedBranchPoints="0" sequenceCoverage="0" branchCoverage="0" maxCyclomaticComplexity="1" minCyclomaticComplexity="1" maxCrapScore="2" minCrapScore="2" visitedClasses="0" numClasses="0" visitedMethods="0" numMethods="1" />
              <MetadataToken>100663311</MetadataToken>
              <Name>System.String Entities.Employee::get_SalaryAccountNumber()</Name>
              <FileRef uid="13" />
              <SequencePoints>
                <SequencePoint vc="0" uspid="192" ordinal="0" offset="0" sl="14" sc="45" el="14" ec="49" bec="0" bev="0" fileid="13" />
              </SequencePoints>
              <BranchPoints />
              <MethodPoint xsi:type="SequencePoint" vc="0" uspid="192" ordinal="0" offset="0" sl="14" sc="45" el="14" ec="49" bec="0" bev="0" fileid="13" />
            </Method>
            <Method visited="true" cyclomaticComplexity="1" nPathComplexity="0" sequenceCoverage="100" branchCoverage="100" crapScore="1" isConstructor="false" isStatic="false" isGetter="false" isSetter="true">
              <Summary numSequencePoints="1" visitedSequencePoints="1" numBranchPoints="1" visitedBranchPoints="1" sequenceCoverage="100" branchCoverage="100" maxCyclomaticComplexity="1" minCyclomaticComplexity="1" maxCrapScore="1" minCrapScore="1" visitedClasses="0" numClasses="0" visitedMethods="1" numMethods="1" />
              <MetadataToken>100663312</MetadataToken>
              <Name>System.Void Entities.Employee::set_SalaryAccountNumber(System.String)</Name>
              <FileRef uid="13" />
              <SequencePoints>
                <SequencePoint vc="1" uspid="193" ordinal="0" offset="0" sl="14" sc="50" el="14" ec="54" bec="0" bev="0" fileid="13" />
              </SequencePoints>
              <BranchPoints />
              <MethodPoint xsi:type="SequencePoint" vc="1" uspid="193" ordinal="0" offset="0" sl="14" sc="50" el="14" ec="54" bec="0" bev="0" fileid="13" />
            </Method>
            <Method visited="true" cyclomaticComplexity="1" nPathComplexity="0" sequenceCoverage="100" branchCoverage="100" crapScore="1" isConstructor="false" isStatic="false" isGetter="true" isSetter="false">
              <Summary numSequencePoints="1" visitedSequencePoints="1" numBranchPoints="1" visitedBranchPoints="1" sequenceCoverage="100" branchCoverage="100" maxCyclomaticComplexity="1" minCyclomaticComplexity="1" maxCrapScore="1" minCrapScore="1" visitedClasses="0" numClasses="0" visitedMethods="1" numMethods="1" />
              <MetadataToken>100663313</MetadataToken>
              <Name>Entities.Unit Entities.Employee::get_Unit()</Name>
              <FileRef uid="13" />
              <SequencePoints>
                <SequencePoint vc="1" uspid="194" ordinal="0" offset="0" sl="15" sc="28" el="15" ec="32" bec="0" bev="0" fileid="13" />
              </SequencePoints>
              <BranchPoints />
              <MethodPoint xsi:type="SequencePoint" vc="1" uspid="194" ordinal="0" offset="0" sl="15" sc="28" el="15" ec="32" bec="0" bev="0" fileid="13" />
            </Method>
            <Method visited="true" cyclomaticComplexity="1" nPathComplexity="0" sequenceCoverage="100" branchCoverage="100" crapScore="1" isConstructor="false" isStatic="false" isGetter="false" isSetter="true">
              <Summary numSequencePoints="1" visitedSequencePoints="1" numBranchPoints="1" visitedBranchPoints="1" sequenceCoverage="100" branchCoverage="100" maxCyclomaticComplexity="1" minCyclomaticComplexity="1" maxCrapScore="1" minCrapScore="1" visitedClasses="0" numClasses="0" visitedMethods="1" numMethods="1" />
              <MetadataToken>100663314</MetadataToken>
              <Name>System.Void Entities.Employee::set_Unit(Entities.Unit)</Name>
              <FileRef uid="13" />
              <SequencePoints>
                <SequencePoint vc="1" uspid="195" ordinal="0" offset="0" sl="15" sc="33" el="15" ec="37" bec="0" bev="0" fileid="13" />
              </SequencePoints>
              <BranchPoints />
              <MethodPoint xsi:type="SequencePoint" vc="1" uspid="195" ordinal="0" offset="0" sl="15" sc="33" el="15" ec="37" bec="0" bev="0" fileid="13" />
            </Method>
            <Method visited="true" cyclomaticComplexity="1" nPathComplexity="0" sequenceCoverage="100" branchCoverage="100" crapScore="1" isConstructor="false" isStatic="false" isGetter="true" isSetter="false">
              <Summary numSequencePoints="1" visitedSequencePoints="1" numBranchPoints="1" visitedBranchPoints="1" sequenceCoverage="100" branchCoverage="100" maxCyclomaticComplexity="1" minCyclomaticComplexity="1" maxCrapScore="1" minCrapScore="1" visitedClasses="0" numClasses="0" visitedMethods="1" numMethods="1" />
              <MetadataToken>100663315</MetadataToken>
              <Name>Entities.Position Entities.Employee::get_Position()</Name>
              <FileRef uid="13" />
              <SequencePoints>
                <SequencePoint vc="1" uspid="196" ordinal="0" offset="0" sl="16" sc="36" el="16" ec="40" bec="0" bev="0" fileid="13" />
              </SequencePoints>
              <BranchPoints />
              <MethodPoint xsi:type="SequencePoint" vc="1" uspid="196" ordinal="0" offset="0" sl="16" sc="36" el="16" ec="40" bec="0" bev="0" fileid="13" />
            </Method>
            <Method visited="true" cyclomaticComplexity="1" nPathComplexity="0" sequenceCoverage="100" branchCoverage="100" crapScore="1" isConstructor="false" isStatic="false" isGetter="false" isSetter="true">
              <Summary numSequencePoints="1" visitedSequencePoints="1" numBranchPoints="1" visitedBranchPoints="1" sequenceCoverage="100" branchCoverage="100" maxCyclomaticComplexity="1" minCyclomaticComplexity="1" maxCrapScore="1" minCrapScore="1" visitedClasses="0" numClasses="0" visitedMethods="1" numMethods="1" />
              <MetadataToken>100663316</MetadataToken>
              <Name>System.Void Entities.Employee::set_Position(Entities.Position)</Name>
              <FileRef uid="13" />
              <SequencePoints>
                <SequencePoint vc="1" uspid="197" ordinal="0" offset="0" sl="16" sc="41" el="16" ec="45" bec="0" bev="0" fileid="13" />
              </SequencePoints>
              <BranchPoints />
              <MethodPoint xsi:type="SequencePoint" vc="1" uspid="197" ordinal="0" offset="0" sl="16" sc="41" el="16" ec="45" bec="0" bev="0" fileid="13" />
            </Method>
            <Method visited="true" cyclomaticComplexity="1" nPathComplexity="0" sequenceCoverage="100" branchCoverage="100" crapScore="1" isConstructor="false" isStatic="false" isGetter="true" isSetter="false">
              <Summary numSequencePoints="1" visitedSequencePoints="1" numBranchPoints="1" visitedBranchPoints="1" sequenceCoverage="100" branchCoverage="100" maxCyclomaticComplexity="1" minCyclomaticComplexity="1" maxCrapScore="1" minCrapScore="1" visitedClasses="0" numClasses="0" visitedMethods="1" numMethods="1" />
              <MetadataToken>100663317</MetadataToken>
              <Name>System.Collections.Generic.List`1&lt;Entities.Project&gt; Entities.Employee::get_Projects()</Name>
              <FileRef uid="13" />
              <SequencePoints>
                <SequencePoint vc="1" uspid="198" ordinal="0" offset="0" sl="17" sc="41" el="17" ec="45" bec="0" bev="0" fileid="13" />
              </SequencePoints>
              <BranchPoints />
              <MethodPoint xsi:type="SequencePoint" vc="1" uspid="198" ordinal="0" offset="0" sl="17" sc="41" el="17" ec="45" bec="0" bev="0" fileid="13" />
            </Method>
            <Method visited="true" cyclomaticComplexity="1" nPathComplexity="0" sequenceCoverage="100" branchCoverage="100" crapScore="1" isConstructor="false" isStatic="false" isGetter="false" isSetter="true">
              <Summary numSequencePoints="1" visitedSequencePoints="1" numBranchPoints="1" visitedBranchPoints="1" sequenceCoverage="100" branchCoverage="100" maxCyclomaticComplexity="1" minCyclomaticComplexity="1" maxCrapScore="1" minCrapScore="1" visitedClasses="0" numClasses="0" visitedMethods="1" numMethods="1" />
              <MetadataToken>100663318</MetadataToken>
              <Name>System.Void Entities.Employee::set_Projects(System.Collections.Generic.List`1&lt;Entities.Project&gt;)</Name>
              <FileRef uid="13" />
              <SequencePoints>
                <SequencePoint vc="1" uspid="199" ordinal="0" offset="0" sl="17" sc="46" el="17" ec="50" bec="0" bev="0" fileid="13" />
              </SequencePoints>
              <BranchPoints />
              <MethodPoint xsi:type="SequencePoint" vc="1" uspid="199" ordinal="0" offset="0" sl="17" sc="46" el="17" ec="50" bec="0" bev="0" fileid="13" />
            </Method>
            <Method visited="false" cyclomaticComplexity="1" nPathComplexity="0" sequenceCoverage="0" branchCoverage="0" crapScore="2" isConstructor="false" isStatic="false" isGetter="true" isSetter="false">
              <Summary numSequencePoints="1" visitedSequencePoints="0" numBranchPoints="1" visitedBranchPoints="0" sequenceCoverage="0" branchCoverage="0" maxCyclomaticComplexity="1" minCyclomaticComplexity="1" maxCrapScore="2" minCrapScore="2" visitedClasses="0" numClasses="0" visitedMethods="0" numMethods="1" />
              <MetadataToken>100663319</MetadataToken>
              <Name>System.Int32 Entities.Employee::get_ProjectsBudgetSum()</Name>
              <FileRef uid="13" />
              <SequencePoints>
                <SequencePoint vc="0" uspid="200" ordinal="0" offset="0" sl="18" sc="40" el="18" ec="44" bec="0" bev="0" fileid="13" />
              </SequencePoints>
              <BranchPoints />
              <MethodPoint xsi:type="SequencePoint" vc="0" uspid="200" ordinal="0" offset="0" sl="18" sc="40" el="18" ec="44" bec="0" bev="0" fileid="13" />
            </Method>
            <Method visited="true" cyclomaticComplexity="1" nPathComplexity="0" sequenceCoverage="100" branchCoverage="100" crapScore="1" isConstructor="false" isStatic="false" isGetter="false" isSetter="true">
              <Summary numSequencePoints="1" visitedSequencePoints="1" numBranchPoints="1" visitedBranchPoints="1" sequenceCoverage="100" branchCoverage="100" maxCyclomaticComplexity="1" minCyclomaticComplexity="1" maxCrapScore="1" minCrapScore="1" visitedClasses="0" numClasses="0" visitedMethods="1" numMethods="1" />
              <MetadataToken>100663320</MetadataToken>
              <Name>System.Void Entities.Employee::set_ProjectsBudgetSum(System.Int32)</Name>
              <FileRef uid="13" />
              <SequencePoints>
[...]
            </Method>
            <Method visited="true" cyclomaticComplexity="1" nPathComplexity="0" sequenceCoverage="100" branchCoverage="100" crapScore="1" isConstructor="false" isStatic="false" isGetter="false" isSetter="true">
              <Summary numSequencePoints="1" visitedSequencePoints="1" numBranchPoints="1" visitedBranchPoints="1" sequenceCoverage="100" branchCoverage="100" maxCyclomaticComplexity="1" minCyclomaticComplexity="1" maxCrapScore="1" minCrapScore="1" visitedClasses="0" numClasses="0" visitedMethods="1" numMethods="1" />
              <MetadataToken>100663329</MetadataToken>
              <Name>System.Void Entities.Position::set_WorkingHours(System.Int32)</Name>
              <FileRef uid="14" />
              <SequencePoints>
                <SequencePoint vc="6" uspid="210" ordinal="0" offset="0" sl="8" sc="40" el="8" ec="44" bec="0" bev="0" fileid="14" />
              </SequencePoints>
              <BranchPoints />
              <MethodPoint xsi:type="SequencePoint" vc="6" uspid="210" ordinal="0" offset="0" sl="8" sc="40" el="8" ec="44" bec="0" bev="0" fileid="14" />
            </Method>
            <Method visited="false" cyclomaticComplexity="1" nPathComplexity="0" sequenceCoverage="0" branchCoverage="0" crapScore="2" isConstructor="false" isStatic="false" isGetter="true" isSetter="false">
              <Summary numSequencePoints="1" visitedSequencePoints="0" numBranchPoints="1" visitedBranchPoints="0" sequenceCoverage="0" branchCoverage="0" maxCyclomaticComplexity="1" minCyclomaticComplexity="1" maxCrapScore="2" minCrapScore="2" visitedClasses="0" numClasses="0" visitedMethods="0" numMethods="1" />
              <MetadataToken>100663330</MetadataToken>
              <Name>System.Double Entities.Position::get_Ratio()</Name>
              <FileRef uid="14" />
              <SequencePoints>
                <SequencePoint vc="0" uspid="211" ordinal="0" offset="0" sl="9" sc="31" el="9" ec="35" bec="0" bev="0" fileid="14" />
              </SequencePoints>
              <BranchPoints />
              <MethodPoint xsi:type="SequencePoint" vc="0" uspid="211" ordinal="0" offset="0" sl="9" sc="31" el="9" ec="35" bec="0" bev="0" fileid="14" />
            </Method>
            <Method visited="true" cyclomaticComplexity="1" nPathComplexity="0" sequenceCoverage="100" branchCoverage="100" crapScore="1" isConstructor="false" isStatic="false" isGetter="false" isSetter="true">
              <Summary numSequencePoints="1" visitedSequencePoints="1" numBranchPoints="1" visitedBranchPoints="1" sequenceCoverage="100" branchCoverage="100" maxCyclomaticComplexity="1" minCyclomaticComplexity="1" maxCrapScore="1" minCrapScore="1" visitedClasses="0" numClasses="0" visitedMethods="1" numMethods="1" />
              <MetadataToken>100663331</MetadataToken>
              <Name>System.Void Entities.Position::set_Ratio(System.Double)</Name>
              <FileRef uid="14" />
              <SequencePoints>
                <SequencePoint vc="6" uspid="212" ordinal="0" offset="0" sl="9" sc="36" el="9" ec="40" bec="0" bev="0" fileid="14" />
              </SequencePoints>
              <BranchPoints />
              <MethodPoint xsi:type="SequencePoint" vc="6" uspid="212" ordinal="0" offset="0" sl="9" sc="36" el="9" ec="40" bec="0" bev="0" fileid="14" />
            </Method>
            <Method visited="false" cyclomaticComplexity="1" nPathComplexity="0" sequenceCoverage="0" branchCoverage="0" crapScore="2" isConstructor="true" isStatic="false" isGetter="false" isSetter="false">
              <Summary numSequencePoints="0" visitedSequencePoints="0" numBranchPoints="0" visitedBranchPoints="0" sequenceCoverage="0" branchCoverage="0" maxCyclomaticComplexity="1" minCyclomaticComplexity="1" maxCrapScore="2" minCrapScore="2" visitedClasses="0" numClasses="0" visitedMethods="0" numMethods="0" />
              <MetadataToken>100663332</MetadataToken>
              <Name>System.Void Entities.Position::.ctor()</Name>
              <SequencePoints />
              <BranchPoints />
              <MethodPoint vc="0" uspid="213" ordinal="0" offset="0" />
            </Method>
          </Methods>
        </Class>
        <Class>
          <Summary numSequencePoints="6" visitedSequencePoints="3" numBranchPoints="6" visitedBranchPoints="3" sequenceCoverage="50" branchCoverage="50" maxCyclomaticComplexity="1" minCyclomaticComplexity="1" maxCrapScore="2" minCrapScore="1" visitedClasses="1" numClasses="1" visitedMethods="3" numMethods="6" />
          <FullName>Entities.Project</FullName>
          <Methods>
            <Method visited="false" cyclomaticComplexity="1" nPathComplexity="0" sequenceCoverage="0" branchCoverage="0" crapScore="2" isConstructor="false" isStatic="false" isGetter="true" isSetter="false">
              <Summary numSequencePoints="1" visitedSequencePoints="0" numBranchPoints="1" visitedBranchPoints="0" sequenceCoverage="0" branchCoverage="0" maxCyclomaticComplexity="1" minCyclomaticComplexity="1" maxCrapScore="2" minCrapScore="2" visitedClasses="0" numClasses="0" visitedMethods="0" numMethods="1" />
              <MetadataToken>100663333</MetadataToken>
              <Name>System.String Entities.Project::get_Name()</Name>
              <FileRef uid="15" />
              <SequencePoints>
                <SequencePoint vc="0" uspid="214" ordinal="0" offset="0" sl="11" sc="30" el="11" ec="34" bec="0" bev="0" fileid="15" />
              </SequencePoints>
              <BranchPoints />
              <MethodPoint xsi:type="SequencePoint" vc="0" uspid="214" ordinal="0" offset="0" sl="11" sc="30" el="11" ec="34" bec="0" bev="0" fileid="15" />
            </Method>
            <Method visited="true" cyclomaticComplexity="1" nPathComplexity="0" sequenceCoverage="100" branchCoverage="100" crapScore="1" isConstructor="false" isStatic="false" isGetter="false" isSetter="true">
              <Summary numSequencePoints="1" visitedSequencePoints="1" numBranchPoints="1" visitedBranchPoints="1" sequenceCoverage="100" branchCoverage="100" maxCyclomaticComplexity="1" minCyclomaticComplexity="1" maxCrapScore="1" minCrapScore="1" visitedClasses="0" numClasses="0" visitedMethods="1" numMethods="1" />
              <MetadataToken>100663334</MetadataToken>
              <Name>System.Void Entities.Project::set_Name(System.String)</Name>
              <FileRef uid="15" />
              <SequencePoints>
                <SequencePoint vc="2" uspid="215" ordinal="0" offset="0" sl="11" sc="35" el="11" ec="39" bec="0" bev="0" fileid="15" />
              </SequencePoints>
              <BranchPoints />
              <MethodPoint xsi:type="SequencePoint" vc="2" uspid="215" ordinal="0" offset="0" sl="11" sc="35" el="11" ec="39" bec="0" bev="0" fileid="15" />
            </Method>
            <Method visited="false" cyclomaticComplexity="1" nPathComplexity="0" sequenceCoverage="0" branchCoverage="0" crapScore="2" isConstructor="false" isStatic="false" isGetter="true" isSetter="false">
              <Summary numSequencePoints="1" visitedSequencePoints="0" numBranchPoints="1" visitedBranchPoints="0" sequenceCoverage="0" branchCoverage="0" maxCyclomaticComplexity="1" minCyclomaticComplexity="1" maxCrapScore="2" minCrapScore="2" visitedClasses="0" numClasses="0" visitedMethods="0" numMethods="1" />
              <MetadataToken>100663335</MetadataToken>
              <Name>System.String Entities.Project::get_Status()</Name>
              <FileRef uid="15" />
              <SequencePoints>
                <SequencePoint vc="0" uspid="216" ordinal="0" offset="0" sl="12" sc="32" el="12" ec="36" bec="0" bev="0" fileid="15" />
              </SequencePoints>
              <BranchPoints />
              <MethodPoint xsi:type="SequencePoint" vc="0" uspid="216" ordinal="0" offset="0" sl="12" sc="32" el="12" ec="36" bec="0" bev="0" fileid="15" />
            </Method>
            <Method visited="true" cyclomaticComplexity="1" nPathComplexity="0" sequenceCoverage="100" branchCoverage="100" crapScore="1" isConstructor="false" isStatic="false" isGetter="false" isSetter="true">
              <Summary numSequencePoints="1" visitedSequencePoints="1" numBranchPoints="1" visitedBranchPoints="1" sequenceCoverage="100" branchCoverage="100" maxCyclomaticComplexity="1" minCyclomaticComplexity="1" maxCrapScore="1" minCrapScore="1" visitedClasses="0" numClasses="0" visitedMethods="1" numMethods="1" />
              <MetadataToken>100663336</MetadataToken>
              <Name>System.Void Entities.Project::set_Status(System.String)</Name>
              <FileRef uid="15" />
              <SequencePoints>
                <SequencePoint vc="2" uspid="217" ordinal="0" offset="0" sl="12" sc="37" el="12" ec="41" bec="0" bev="0" fileid="15" />
              </SequencePoints>
              <BranchPoints />
              <MethodPoint xsi:type="SequencePoint" vc="2" uspid="217" ordinal="0" offset="0" sl="12" sc="37" el="12" ec="41" bec="0" bev="0" fileid="15" />
            </Method>
            <Method visited="false" cyclomaticComplexity="1" nPathComplexity="0" sequenceCoverage="0" branchCoverage="0" crapScore="2" isConstructor="false" isStatic="false" isGetter="true" isSetter="false">
              <Summary numSequencePoints="1" visitedSequencePoints="0" numBranchPoints="1" visitedBranchPoints="0" sequenceCoverage="0" branchCoverage="0" maxCyclomaticComplexity="1" minCyclomaticComplexity="1" maxCrapScore="2" minCrapScore="2" visitedClasses="0" numClasses="0" visitedMethods="0" numMethods="1" />
              <MetadataToken>100663337</MetadataToken>
              <Name>System.Int32 Entities.Project::get_Budget()</Name>
              <FileRef uid="15" />
              <SequencePoints>
                <SequencePoint vc="0" uspid="218" ordinal="0" offset="0" sl="13" sc="29" el="13" ec="33" bec="0" bev="0" fileid="15" />
              </SequencePoints>
              <BranchPoints />
              <MethodPoint xsi:type="SequencePoint" vc="0" uspid="218" ordinal="0" offset="0" sl="13" sc="29" el="13" ec="33" bec="0" bev="0" fileid="15" />
            </Method>
            <Method visited="true" cyclomaticComplexity="1" nPathComplexity="0" sequenceCoverage="100" branchCoverage="100" crapScore="1" isConstructor="false" isStatic="false" isGetter="false" isSetter="true">
              <Summary numSequencePoints="1" visitedSequencePoints="1" numBranchPoints="1" visitedBranchPoints="1" sequenceCoverage="100" branchCoverage="100" maxCyclomaticComplexity="1" minCyclomaticComplexity="1" maxCrapScore="1" minCrapScore="1" visitedClasses="0" numClasses="0" visitedMethods="1" numMethods="1" />
              <MetadataToken>100663338</MetadataToken>
              <Name>System.Void Entities.Project::set_Budget(System.Int32)</Name>
              <FileRef uid="15" />
              <SequencePoints>
                <SequencePoint vc="2" uspid="219" ordinal="0" offset="0" sl="13" sc="34" el="13" ec="38" bec="0" bev="0" fileid="15" />
              </SequencePoints>
              <BranchPoints />
              <MethodPoint xsi:type="SequencePoint" vc="2" uspid="219" ordinal="0" offset="0" sl="13" sc="34" el="13" ec="38" bec="0" bev="0" fileid="15" />
            </Method>
            <Method visited="false" cyclomaticComplexity="1" nPathComplexity="0" sequenceCoverage="0" branchCoverage="0" crapScore="2" isConstructor="true" isStatic="false" isGetter="false" isSetter="false">
              <Summary numSequencePoints="0" visitedSequencePoints="0" numBranchPoints="0" visitedBranchPoints="0" sequenceCoverage="0" branchCoverage="0" maxCyclomaticComplexity="1" minCyclomaticComplexity="1" maxCrapScore="2" minCrapScore="2" visitedClasses="0" numClasses="0" visitedMethods="0" numMethods="0" />
              <MetadataToken>100663339</MetadataToken>
              <Name>System.Void Entities.Project::.ctor()</Name>
              <SequencePoints />
              <BranchPoints />
              <MethodPoint vc="0" uspid="220" ordinal="0" offset="0" />
            </Method>
          </Methods>
        </Class>
        <Class>
          <Summary numSequencePoints="6" visitedSequencePoints="3" numBranchPoints="6" visitedBranchPoints="3" sequenceCoverage="50" branchCoverage="50" maxCyclomaticComplexity="1" minCyclomaticComplexity="1" maxCrapScore="2" minCrapScore="1" visitedClasses="1" numClasses="1" visitedMethods="3" numMethods="6" />
          <FullName>Entities.Unit</FullName>
          <Methods>
            <Method visited="false" cyclomaticComplexity="1" nPathComplexity="0" sequenceCoverage="0" branchCoverage="0" crapScore="2" isConstructor="false" isStatic="false" isGetter="true" isSetter="false">
              <Summary numSequencePoints="1" visitedSequencePoints="0" numBranchPoints="1" visitedBranchPoints="0" sequenceCoverage="0" branchCoverage="0" maxCyclomaticComplexity="1" minCyclomaticComplexity="1" maxCrapScore="2" minCrapScore="2" visitedClasses="0" numClasses="0" visitedMethods="0" numMethods="1" />
              <MetadataToken>100663340</MetadataToken>
              <Name>System.Int32 Entities.Unit::get_ID()</Name>
              <FileRef uid="16" />
              <SequencePoints>
                <SequencePoint vc="0" uspid="221" ordinal="0" offset="0" sl="7" sc="25" el="7" ec="29" bec="0" bev="0" fileid="16" />
              </SequencePoints>
              <BranchPoints />
              <MethodPoint xsi:type="SequencePoint" vc="0" uspid="221" ordinal="0" offset="0" sl="7" sc="25" el="7" ec="29" bec="0" bev="0" fileid="16" />
            </Method>
            <Method visited="true" cyclomaticComplexity="1" nPathComplexity="0" sequenceCoverage="100" branchCoverage="100" crapScore="1" isConstructor="false" isStatic="false" isGetter="false" isSetter="true">
              <Summary numSequencePoints="1" visitedSequencePoints="1" numBranchPoints="1" visitedBranchPoints="1" sequenceCoverage="100" branchCoverage="100" maxCyclomaticComplexity="1" minCyclomaticComplexity="1" maxCrapScore="1" minCrapScore="1" visitedClasses="0" numClasses="0" visitedMethods="1" numMethods="1" />
              <MetadataToken>100663341</MetadataToken>
              <Name>System.Void Entities.Unit::set_ID(System.Int32)</Name>
              <FileRef uid="16" />
              <SequencePoints>
                <SequencePoint vc="3" uspid="222" ordinal="0" offset="0" sl="7" sc="30" el="7" ec="34" bec="0" bev="0" fileid="16" />
              </SequencePoints>
              <BranchPoints />
              <MethodPoint xsi:type="SequencePoint" vc="3" uspid="222" ordinal="0" offset="0" sl="7" sc="30" el="7" ec="34" bec="0" bev="0" fileid="16" />
            </Method>
            <Method visited="false" cyclomaticComplexity="1" nPathComplexity="0" sequenceCoverage="0" branchCoverage="0" crapScore="2" isConstructor="false" isStatic="false" isGetter="true" isSetter="false">
              <Summary numSequencePoints="1" visitedSequencePoints="0" numBranchPoints="1" visitedBranchPoints="0" sequenceCoverage="0" branchCoverage="0" maxCyclomaticComplexity="1" minCyclomaticComplexity="1" maxCrapScore="2" minCrapScore="2" visitedClasses="0" numClasses="0" visitedMethods="0" numMethods="1" />
              <MetadataToken>100663342</MetadataToken>
              <Name>System.String Entities.Unit::get_UnitID()</Name>
              <FileRef uid="16" />
              <SequencePoints>
                <SequencePoint vc="0" uspid="223" ordinal="0" offset="0" sl="8" sc="32" el="8" ec="36" bec="0" bev="0" fileid="16" />
              </SequencePoints>
              <BranchPoints />
              <MethodPoint xsi:type="SequencePoint" vc="0" uspid="223" ordinal="0" offset="0" sl="8" sc="32" el="8" ec="36" bec="0" bev="0" fileid="16" />
            </Method>
            <Method visited="true" cyclomaticComplexity="1" nPathComplexity="0" sequenceCoverage="100" branchCoverage="100" crapScore="1" isConstructor="false" isStatic="false" isGetter="false" isSetter="true">
              <Summary numSequencePoints="1" visitedSequencePoints="1" numBranchPoints="1" visitedBranchPoints="1" sequenceCoverage="100" branchCoverage="100" maxCyclomaticComplexity="1" minCyclomaticComplexity="1" maxCrapScore="1" minCrapScore="1" visitedClasses="0" numClasses="0" visitedMethods="1" numMethods="1" />
              <MetadataToken>100663343</MetadataToken>
              <Name>System.Void Entities.Unit::set_UnitID(System.String)</Name>
              <FileRef uid="16" />
              <SequencePoints>
                <SequencePoint vc="3" uspid="224" ordinal="0" offset="0" sl="8" sc="37" el="8" ec="41" bec="0" bev="0" fileid="16" />
              </SequencePoints>
              <BranchPoints />
              <MethodPoint xsi:type="SequencePoint" vc="3" uspid="224" ordinal="0" offset="0" sl="8" sc="37" el="8" ec="41" bec="0" bev="0" fileid="16" />
            </Method>
            <Method visited="false" cyclomaticComplexity="1" nPathComplexity="0" sequenceCoverage="0" branchCoverage="0" crapScore="2" isConstructor="false" isStatic="false" isGetter="true" isSetter="false">
              <Summary numSequencePoints="1" visitedSequencePoints="0" numBranchPoints="1" visitedBranchPoints="0" sequenceCoverage="0" branchCoverage="0" maxCyclomaticComplexity="1" minCyclomaticComplexity="1" maxCrapScore="2" minCrapScore="2" visitedClasses="0" numClasses="0" visitedMethods="0" numMethods="1" />
              <MetadataToken>100663344</MetadataToken>
              <Name>System.String Entities.Unit::get_Name()</Name>
              <FileRef uid="16" />
              <SequencePoints>
                <SequencePoint vc="0" uspid="225" ordinal="0" offset="0" sl="9" sc="30" el="9" ec="34" bec="0" bev="0" fileid="16" />
              </SequencePoints>
              <BranchPoints />
              <MethodPoint xsi:type="SequencePoint" vc="0" uspid="225" ordinal="0" offset="0" sl="9" sc="30" el="9" ec="34" bec="0" bev="0" fileid="16" />
            </Method>
            <Method visited="true" cyclomaticComplexity="1" nPathComplexity="0" sequenceCoverage="100" branchCoverage="100" crapScore="1" isConstructor="false" isStatic="false" isGetter="false" isSetter="true">
              <Summary numSequencePoints="1" visitedSequencePoints="1" numBranchPoints="1" visitedBranchPoints="1" sequenceCoverage="100" branchCoverage="100" maxCyclomaticComplexity="1" minCyclomaticComplexity="1" maxCrapScore="1" minCrapScore="1" visitedClasses="0" numClasses="0" visitedMethods="1" numMethods="1" />
              <MetadataToken>100663345</MetadataToken>
              <Name>System.Void Entities.Unit::set_Name(System.String)</Name>
              <FileRef uid="16" />
              <SequencePoints>
                <SequencePoint vc="3" uspid="226" ordinal="0" offset="0" sl="9" sc="35" el="9" ec="39" bec="0" bev="0" fileid="16" />
              </SequencePoints>
              <BranchPoints />
              <MethodPoint xsi:type="SequencePoint" vc="3" uspid="226" ordinal="0" offset="0" sl="9" sc="35" el="9" ec="39" bec="0" bev="0" fileid="16" />
            </Method>
            <Method visited="false" cyclomaticComplexity="1" nPathComplexity="0" sequenceCoverage="0" branchCoverage="0" crapScore="2" isConstructor="true" isStatic="false" isGetter="false" isSetter="false">
              <Summary numSequencePoints="0" visitedSequencePoints="0" numBranchPoints="0" visitedBranchPoints="0" sequenceCoverage="0" branchCoverage="0" maxCyclomaticComplexity="1" minCyclomaticComplexity="1" maxCrapScore="2" minCrapScore="2" visitedClasses="0" numClasses="0" visitedMethods="0" numMethods="0" />
              <MetadataToken>100663346</MetadataToken>
              <Name>System.Void Entities.Unit::.ctor()</Name>
              <SequencePoints />
              <BranchPoints />
              <MethodPoint vc="0" uspid="227" ordinal="0" offset="0" />
            </Method>
          </Methods>
        </Class>
      </Classes>
    </Module>
  </Modules>
</CoverageSession>