<?xml version="1.0" encoding="utf-8"?>
<CoverageSession xmlns:xsd="http://www.w3.org/2001/XMLSchema" xmlns:xsi="http://www.w3.org/2001/XMLSchema-instance" Version="4.7.922.0">
  <Summary numSequencePoints="135" visitedSequencePoints="0" numBranchPoints="42" visitedBranchPoints="0" sequenceCoverage="0" branchCoverage="0" maxCyclomaticComplexity="3" minCyclomaticComplexity="1" maxCrapScore="12" minCrapScore="2" visitedClasses="0" numClasses="3" visitedMethods="0" numMethods="18" />
  <Modules>
    <Module hash="97-F9-04-19-4C-89-56-15-3F-37-36-0E-27-76-66-69-D6-58-44-37">
      <Summary numSequencePoints="135" visitedSequencePoints="0" numBranchPoints="42" visitedBranchPoints="0" sequenceCoverage="0" branchCoverage="0" maxCyclomaticComplexity="3" minCyclomaticComplexity="1" maxCrapScore="12" minCrapScore="2" visitedClasses="0" numClasses="3" visitedMethods="0" numMethods="18" />
      <ModulePath>C:\Users\admin\source\repos\CourseWorkVar4\Data\bin\Debug\fine-code-coverage\build-output\Data.dll</ModulePath>
      <ModuleTime>2022-01-04T17:26:19.9959519Z</ModuleTime>
      <ModuleName>Data</ModuleName>
      <Files>
        <File uid="1" fullPath="C:\Users\admin\source\repos\CourseWorkVar4\Data\Repositories\EmployeesRepository.cs" />
        <File uid="2" fullPath="C:\Users\admin\source\repos\CourseWorkVar4\Data\Repositories\PositionsRepository.cs" />
        <File uid="3" fullPath="C:\Users\admin\source\repos\CourseWorkVar4\Data\Repositories\UnitsRepository.cs" />
      </Files>
      <Classes>
        <Class>
          <Summary numSequencePoints="45" visitedSequencePoints="0" numBranchPoints="14" visitedBranchPoints="0" sequenceCoverage="0" branchCoverage="0" maxCyclomaticComplexity="3" minCyclomaticComplexity="1" maxCrapScore="12" minCrapScore="2" visitedClasses="0" numClasses="1" visitedMethods="0" numMethods="6" />
          <FullName>Data.EmployeesRepository</FullName>
          <Methods>
            <Method visited="false" cyclomaticComplexity="2" nPathComplexity="2" sequenceCoverage="0" branchCoverage="0" crapScore="6" isConstructor="false" isStatic="false" isGetter="false" isSetter="false">
              <Summary numSequencePoints="14" visitedSequencePoints="0" numBranchPoints="3" visitedBranchPoints="0" sequenceCoverage="0" branchCoverage="0" maxCyclomaticComplexity="2" minCyclomaticComplexity="2" maxCrapScore="6" minCrapScore="6" visitedClasses="0" numClasses="0" visitedMethods="0" numMethods="1" />
              <MetadataToken>100663297</MetadataToken>
              <Name>System.Void Data.EmployeesRepository::AddEmployee(Entities.Employee)</Name>
              <FileRef uid="1" />
              <SequencePoints>
                <SequencePoint vc="0" uspid="1" ordinal="0" offset="0" sl="15" sc="9" el="15" ec="10" bec="0" bev="0" fileid="1" />
                <SequencePoint vc="0" uspid="2" ordinal="1" offset="1" sl="16" sc="13" el="16" ec="43" bec="0" bev="0" fileid="1" />
                <SequencePoint vc="0" uspid="3" ordinal="2" offset="16" sl="17" sc="13" el="17" ec="78" bec="0" bev="0" fileid="1" />
                <SequencePoint vc="0" uspid="4" ordinal="3" offset="32" sl="19" sc="13" el="19" ec="36" bec="2" bev="0" fileid="1" />
                <SequencePoint vc="0" uspid="5" ordinal="4" offset="45" sl="20" sc="13" el="20" ec="14" bec="0" bev="0" fileid="1" />
                <SequencePoint vc="0" uspid="6" ordinal="5" offset="46" sl="21" sc="17" el="21" ec="51" bec="0" bev="0" fileid="1" />
                <SequencePoint vc="0" uspid="7" ordinal="6" offset="57" sl="22" sc="17" el="22" ec="33" bec="0" bev="0" fileid="1" />
                <SequencePoint vc="0" uspid="8" ordinal="7" offset="65" sl="23" sc="13" el="23" ec="14" bec="0" bev="0" fileid="1" />
                <SequencePoint vc="0" uspid="9" ordinal="8" offset="68" sl="25" sc="13" el="25" ec="14" bec="0" bev="0" fileid="1" />
                <SequencePoint vc="0" uspid="10" ordinal="9" offset="69" sl="26" sc="17" el="26" ec="48" bec="0" bev="0" fileid="1" />
                <SequencePoint vc="0" uspid="11" ordinal="10" offset="87" sl="27" sc="13" el="27" ec="14" bec="0" bev="0" fileid="1" />
                <SequencePoint vc="0" uspid="12" ordinal="11" offset="88" sl="29" sc="13" el="29" ec="38" bec="0" bev="0" fileid="1" />
                <SequencePoint vc="0" uspid="13" ordinal="12" offset="101" sl="31" sc="13" el="31" ec="99" bec="0" bev="0" fileid="1" />
                <SequencePoint vc="0" uspid="14" ordinal="13" offset="124" sl="32" sc="9" el="32" ec="10" bec="0" bev="0" fileid="1" />
              </SequencePoints>
              <BranchPoints>
                <BranchPoint vc="0" uspid="15" ordinal="0" offset="43" sl="19" path="0" offsetend="45" fileid="1" />
                <BranchPoint vc="0" uspid="16" ordinal="1" offset="43" sl="19" path="1" offsetend="68" fileid="1" />
              </BranchPoints>
              <MethodPoint xsi:type="SequencePoint" vc="0" uspid="1" ordinal="0" offset="0" sl="15" sc="9" el="15" ec="10" bec="0" bev="0" fileid="1" />
            </Method>
            <Method visited="false" cyclomaticComplexity="3" nPathComplexity="4" sequenceCoverage="0" branchCoverage="0" crapScore="12" isConstructor="false" isStatic="false" isGetter="false" isSetter="false">
              <Summary numSequencePoints="15" visitedSequencePoints="0" numBranchPoints="5" visitedBranchPoints="0" sequenceCoverage="0" branchCoverage="0" maxCyclomaticComplexity="3" minCyclomaticComplexity="3" maxCrapScore="12" minCrapScore="12" visitedClasses="0" numClasses="0" visitedMethods="0" numMethods="1" />
              <MetadataToken>100663298</MetadataToken>
              <Name>System.Void Data.EmployeesRepository::DeleteEmployee(Entities.Employee)</Name>
              <FileRef uid="1" />
              <SequencePoints>
                <SequencePoint vc="0" uspid="17" ordinal="0" offset="0" sl="35" sc="9" el="35" ec="10" bec="0" bev="0" fileid="1" />
                <SequencePoint vc="0" uspid="18" ordinal="1" offset="1" sl="36" sc="13" el="36" ec="43" bec="0" bev="0" fileid="1" />
                <SequencePoint vc="0" uspid="19" ordinal="2" offset="16" sl="37" sc="13" el="37" ec="78" bec="0" bev="0" fileid="1" />
                <SequencePoint vc="0" uspid="20" ordinal="3" offset="32" sl="39" sc="13" el="39" ec="46" bec="0" bev="0" fileid="1" />
                <SequencePoint vc="0" uspid="21" ordinal="4" offset="50" sl="41" sc="18" el="41" ec="27" bec="0" bev="0" fileid="1" />
                <SequencePoint vc="0" uspid="22" ordinal="5" offset="54" sl="42" sc="13" el="42" ec="14" bec="0" bev="0" fileid="1" />
                <SequencePoint vc="0" uspid="23" ordinal="6" offset="55" sl="43" sc="17" el="43" ec="52" bec="2" bev="0" fileid="1" />
                <SequencePoint vc="0" uspid="24" ordinal="7" offset="84" sl="44" sc="17" el="44" ec="18" bec="0" bev="0" fileid="1" />
                <SequencePoint vc="0" uspid="25" ordinal="8" offset="85" sl="45" sc="21" el="45" ec="40" bec="0" bev="0" fileid="1" />
                <SequencePoint vc="0" uspid="26" ordinal="9" offset="113" sl="46" sc="17" el="46" ec="18" bec="0" bev="0" fileid="1" />
                <SequencePoint vc="0" uspid="27" ordinal="10" offset="114" sl="47" sc="13" el="47" ec="14" bec="0" bev="0" fileid="1" />
                <SequencePoint vc="0" uspid="28" ordinal="11" offset="115" sl="41" sc="51" el="41" ec="54" bec="0" bev="0" fileid="1" />
                <SequencePoint vc="0" uspid="29" ordinal="12" offset="119" sl="41" sc="29" el="41" ec="49" bec="2" bev="0" fileid="1" />
                <SequencePoint vc="0" uspid="30" ordinal="13" offset="137" sl="49" sc="13" el="49" ec="99" bec="0" bev="0" fileid="1" />
                <SequencePoint vc="0" uspid="31" ordinal="14" offset="160" sl="50" sc="9" el="50" ec="10" bec="0" bev="0" fileid="1" />
              </SequencePoints>
              <BranchPoints>
                <BranchPoint vc="0" uspid="32" ordinal="0" offset="82" sl="43" path="0" offsetend="84" fileid="1" />
                <BranchPoint vc="0" uspid="33" ordinal="1" offset="82" sl="43" path="1" offsetend="114" fileid="1" />
                <BranchPoint vc="0" uspid="34" ordinal="2" offset="135" sl="41" path="0" offsetend="137" fileid="1" />
                <BranchPoint vc="0" uspid="35" ordinal="3" offset="135" sl="41" path="1" offsetend="54" fileid="1" />
              </BranchPoints>
              <MethodPoint xsi:type="SequencePoint" vc="0" uspid="17" ordinal="0" offset="0" sl="35" sc="9" el="35" ec="10" bec="0" bev="0" fileid="1" />
            </Method>
            <Method visited="false" cyclomaticComplexity="2" nPathComplexity="2" sequenceCoverage="0" branchCoverage="0" crapScore="6" isConstructor="false" isStatic="false" isGetter="false" isSetter="false">
              <Summary numSequencePoints="7" visitedSequencePoints="0" numBranchPoints="3" visitedBranchPoints="0" sequenceCoverage="0" branchCoverage="0" maxCyclomaticComplexity="2" minCyclomaticComplexity="2" maxCrapScore="6" minCrapScore="6" visitedClasses="0" numClasses="0" visitedMethods="0" numMethods="1" />
              <MetadataToken>100663299</MetadataToken>
              <Name>System.Collections.Generic.List`1&lt;Entities.Employee&gt; Data.EmployeesRepository::GetEmployees()</Name>
              <FileRef uid="1" />
              <SequencePoints>
                <SequencePoint vc="0" uspid="36" ordinal="0" offset="0" sl="53" sc="9" el="53" ec="10" bec="0" bev="0" fileid="1" />
                <SequencePoint vc="0" uspid="37" ordinal="1" offset="1" sl="54" sc="13" el="54" ec="43" bec="0" bev="0" fileid="1" />
                <SequencePoint vc="0" uspid="38" ordinal="2" offset="16" sl="55" sc="13" el="55" ec="78" bec="0" bev="0" fileid="1" />
                <SequencePoint vc="0" uspid="39" ordinal="3" offset="32" sl="57" sc="13" el="57" ec="36" bec="2" bev="0" fileid="1" />
                <SequencePoint vc="0" uspid="40" ordinal="4" offset="45" sl="58" sc="17" el="58" ec="51" bec="0" bev="0" fileid="1" />
                <SequencePoint vc="0" uspid="41" ordinal="5" offset="56" sl="60" sc="13" el="60" ec="31" bec="0" bev="0" fileid="1" />
                <SequencePoint vc="0" uspid="42" ordinal="6" offset="65" sl="61" sc="9" el="61" ec="10" bec="0" bev="0" fileid="1" />
              </SequencePoints>
              <BranchPoints>
                <BranchPoint vc="0" uspid="43" ordinal="0" offset="43" sl="57" path="0" offsetend="45" fileid="1" />
                <BranchPoint vc="0" uspid="44" ordinal="1" offset="43" sl="57" path="1" offsetend="56" fileid="1" />
              </BranchPoints>
              <MethodPoint xsi:type="SequencePoint" vc="0" uspid="36" ordinal="0" offset="0" sl="53" sc="9" el="53" ec="10" bec="0" bev="0" fileid="1" />
            </Method>
            <Method visited="false" cyclomaticComplexity="1" nPathComplexity="0" sequenceCoverage="0" branchCoverage="0" crapScore="2" isConstructor="false" isStatic="false" isGetter="false" isSetter="false">
              <Summary numSequencePoints="6" visitedSequencePoints="0" numBranchPoints="1" visitedBranchPoints="0" sequenceCoverage="0" branchCoverage="0" maxCyclomaticComplexity="1" minCyclomaticComplexity="1" maxCrapScore="2" minCrapScore="2" visitedClasses="0" numClasses="0" visitedMethods="0" numMethods="1" />
              <MetadataToken>100663300</MetadataToken>
              <Name>System.Void Data.EmployeesRepository::UpdateEmployee(Entities.Employee)</Name>
              <FileRef uid="1" />
              <SequencePoints>
                <SequencePoint vc="0" uspid="45" ordinal="0" offset="0" sl="64" sc="9" el="64" ec="10" bec="0" bev="0" fileid="1" />
                <SequencePoint vc="0" uspid="46" ordinal="1" offset="1" sl="65" sc="13" el="65" ec="43" bec="0" bev="0" fileid="1" />
                <SequencePoint vc="0" uspid="47" ordinal="2" offset="16" sl="66" sc="13" el="66" ec="78" bec="0" bev="0" fileid="1" />
                <SequencePoint vc="0" uspid="48" ordinal="3" offset="32" sl="68" sc="13" el="68" ec="48" bec="0" bev="0" fileid="1" />
                <SequencePoint vc="0" uspid="49" ordinal="4" offset="51" sl="70" sc="13" el="70" ec="99" bec="0" bev="0" fileid="1" />
                <SequencePoint vc="0" uspid="50" ordinal="5" offset="74" sl="71" sc="9" el="71" ec="10" bec="0" bev="0" fileid="1" />
              </SequencePoints>
              <BranchPoints />
              <MethodPoint xsi:type="SequencePoint" vc="0" uspid="45" ordinal="0" offset="0" sl="64" sc="9" el="64" ec="10" bec="0" bev="0" fileid="1" />
            </Method>
            <Method visited="false" cyclomaticComplexity="1" nPathComplexity="0" sequenceCoverage="0" branchCoverage="0" crapScore="2" isConstructor="true" isStatic="false" isGetter="false" isSetter="false">
              <Summary numSequencePoints="1" visitedSequencePoints="0" numBranchPoints="1" visitedBranchPoints="0" sequenceCoverage="0" branchCoverage="0" maxCyclomaticComplexity="1" minCyclomaticComplexity="1" maxCrapScore="2" minCrapScore="2" visitedClasses="0" numClasses="0" visitedMethods="0" numMethods="1" />
              <MetadataToken>100663301</MetadataToken>
              <Name>System.Void Data.EmployeesRepository::.ctor()</Name>
              <FileRef uid="1" />
              <SequencePoints>
                <SequencePoint vc="0" uspid="51" ordinal="0" offset="0" sl="12" sc="9" el="12" ec="66" bec="0" bev="0" fileid="1" />
              </SequencePoints>
              <BranchPoints />
              <MethodPoint xsi:type="SequencePoint" vc="0" uspid="51" ordinal="0" offset="0" sl="12" sc="9" el="12" ec="66" bec="0" bev="0" fileid="1" />
            </Method>
            <Method visited="false" cyclomaticComplexity="1" nPathComplexity="0" sequenceCoverage="0" branchCoverage="0" crapScore="2" isConstructor="true" isStatic="true" isGetter="false" isSetter="false">
              <Summary numSequencePoints="2" visitedSequencePoints="0" numBranchPoints="1" visitedBranchPoints="0" sequenceCoverage="0" branchCoverage="0" maxCyclomaticComplexity="1" minCyclomaticComplexity="1" maxCrapScore="2" minCrapScore="2" visitedClasses="0" numClasses="0" visitedMethods="0" numMethods="1" />
              <MetadataToken>100663302</MetadataToken>
              <Name>System.Void Data.EmployeesRepository::.cctor()</Name>
              <FileRef uid="1" />
              <SequencePoints>
                <SequencePoint vc="0" uspid="52" ordinal="0" offset="0" sl="10" sc="9" el="10" ec="123" bec="0" bev="0" fileid="1" />
                <SequencePoint vc="0" uspid="53" ordinal="1" offset="10" sl="11" sc="9" el="11" ec="61" bec="0" bev="0" fileid="1" />
              </SequencePoints>
              <BranchPoints />
              <MethodPoint xsi:type="SequencePoint" vc="0" uspid="52" ordinal="0" offset="0" sl="10" sc="9" el="10" ec="123" bec="0" bev="0" fileid="1" />
            </Method>
          </Methods>
        </Class>
        <Class>
          <Summary numSequencePoints="45" visitedSequencePoints="0" numBranchPoints="14" visitedBranchPoints="0" sequenceCoverage="0" branchCoverage="0" maxCyclomaticComplexity="3" minCyclomaticComplexity="1" maxCrapScore="12" minCrapScore="2" visitedClasses="0" numClasses="1" visitedMethods="0" numMethods="6" />
          <FullName>Data.Repositories.PositionsRepository</FullName>
          <Methods>
            <Method visited="false" cyclomaticComplexity="2" nPathComplexity="2" sequenceCoverage="0" branchCoverage="0" crapScore="6" isConstructor="false" isStatic="false" isGetter="false" isSetter="false">
              <Summary numSequencePoints="14" visitedSequencePoints="0" numBranchPoints="3" visitedBranchPoints="0" sequenceCoverage="0" branchCoverage="0" maxCyclomaticComplexity="2" minCyclomaticComplexity="2" maxCrapScore="6" minCrapScore="6" visitedClasses="0" numClasses="0" visitedMethods="0" numMethods="1" />
              <MetadataToken>100663303</MetadataToken>
              <Name>System.Void Data.Repositories.PositionsRepository::AddPosition(Entities.Position)</Name>
              <FileRef uid="2" />
              <SequencePoints>
                <SequencePoint vc="0" uspid="54" ordinal="0" offset="0" sl="15" sc="9" el="15" ec="10" bec="0" bev="0" fileid="2" />
                <SequencePoint vc="0" uspid="55" ordinal="1" offset="1" sl="16" sc="13" el="16" ec="43" bec="0" bev="0" fileid="2" />
                <SequencePoint vc="0" uspid="56" ordinal="2" offset="16" sl="17" sc="13" el="17" ec="78" bec="0" bev="0" fileid="2" />
                <SequencePoint vc="0" uspid="57" ordinal="3" offset="32" sl="19" sc="13" el="19" ec="36" bec="2" bev="0" fileid="2" />
                <SequencePoint vc="0" uspid="58" ordinal="4" offset="45" sl="20" sc="13" el="20" ec="14" bec="0" bev="0" fileid="2" />
                <SequencePoint vc="0" uspid="59" ordinal="5" offset="46" sl="21" sc="17" el="21" ec="51" bec="0" bev="0" fileid="2" />
                <SequencePoint vc="0" uspid="60" ordinal="6" offset="57" sl="22" sc="17" el="22" ec="33" bec="0" bev="0" fileid="2" />
                <SequencePoint vc="0" uspid="61" ordinal="7" offset="65" sl="23" sc="13" el="23" ec="14" bec="0" bev="0" fileid="2" />
                <SequencePoint vc="0" uspid="62" ordinal="8" offset="68" sl="25" sc="13" el="25" ec="14" bec="0" bev="0" fileid="2" />
                <SequencePoint vc="0" uspid="63" ordinal="9" offset="69" sl="26" sc="17" el="26" ec="48" bec="0" bev="0" fileid="2" />
                <SequencePoint vc="0" uspid="64" ordinal="10" offset="87" sl="27" sc="13" el="27" ec="14" bec="0" bev="0" fileid="2" />
                <SequencePoint vc="0" uspid="65" ordinal="11" offset="88" sl="29" sc="13" el="29" ec="38" bec="0" bev="0" fileid="2" />
                <SequencePoint vc="0" uspid="66" ordinal="12" offset="101" sl="31" sc="13" el="31" ec="99" bec="0" bev="0" fileid="2" />
                <SequencePoint vc="0" uspid="67" ordinal="13" offset="124" sl="32" sc="9" el="32" ec="10" bec="0" bev="0" fileid="2" />
              </SequencePoints>
              <BranchPoints>
                <BranchPoint vc="0" uspid="68" ordinal="0" offset="43" sl="19" path="0" offsetend="45" fileid="2" />
                <BranchPoint vc="0" uspid="69" ordinal="1" offset="43" sl="19" path="1" offsetend="68" fileid="2" />
              </BranchPoints>
              <MethodPoint xsi:type="SequencePoint" vc="0" uspid="54" ordinal="0" offset="0" sl="15" sc="9" el="15" ec="10" bec="0" bev="0" fileid="2" />
            </Method>
            <Method visited="false" cyclomaticComplexity="3" nPathComplexity="4" sequenceCoverage="0" branchCoverage="0" crapScore="12" isConstructor="false" isStatic="false" isGetter="false" isSetter="false">
              <Summary numSequencePoints="15" visitedSequencePoints="0" numBranchPoints="5" visitedBranchPoints="0" sequenceCoverage="0" branchCoverage="0" maxCyclomaticComplexity="3" minCyclomaticComplexity="3" maxCrapScore="12" minCrapScore="12" visitedClasses="0" numClasses="0" visitedMethods="0" numMethods="1" />
              <MetadataToken>100663304</MetadataToken>
              <Name>System.Void Data.Repositories.PositionsRepository::DeletePosition(Entities.Position)</Name>
              <FileRef uid="2" />
              <SequencePoints>
                <SequencePoint vc="0" uspid="70" ordinal="0" offset="0" sl="35" sc="9" el="35" ec="10" bec="0" bev="0" fileid="2" />
                <SequencePoint vc="0" uspid="71" ordinal="1" offset="1" sl="36" sc="13" el="36" ec="43" bec="0" bev="0" fileid="2" />
                <SequencePoint vc="0" uspid="72" ordinal="2" offset="16" sl="37" sc="13" el="37" ec="78" bec="0" bev="0" fileid="2" />
                <SequencePoint vc="0" uspid="73" ordinal="3" offset="32" sl="39" sc="13" el="39" ec="46" bec="0" bev="0" fileid="2" />
                <SequencePoint vc="0" uspid="74" ordinal="4" offset="50" sl="41" sc="18" el="41" ec="27" bec="0" bev="0" fileid="2" />
                <SequencePoint vc="0" uspid="75" ordinal="5" offset="54" sl="42" sc="13" el="42" ec="14" bec="0" bev="0" fileid="2" />
                <SequencePoint vc="0" uspid="76" ordinal="6" offset="55" sl="43" sc="17" el="43" ec="52" bec="2" bev="0" fileid="2" />
                <SequencePoint vc="0" uspid="77" ordinal="7" offset="84" sl="44" sc="17" el="44" ec="18" bec="0" bev="0" fileid="2" />
                <SequencePoint vc="0" uspid="78" ordinal="8" offset="85" sl="45" sc="21" el="45" ec="40" bec="0" bev="0" fileid="2" />
                <SequencePoint vc="0" uspid="79" ordinal="9" offset="113" sl="46" sc="17" el="46" ec="18" bec="0" bev="0" fileid="2" />
                <SequencePoint vc="0" uspid="80" ordinal="10" offset="114" sl="47" sc="13" el="47" ec="14" bec="0" bev="0" fileid="2" />
                <SequencePoint vc="0" uspid="81" ordinal="11" offset="115" sl="41" sc="51" el="41" ec="54" bec="0" bev="0" fileid="2" />
                <SequencePoint vc="0" uspid="82" ordinal="12" offset="119" sl="41" sc="29" el="41" ec="49" bec="2" bev="0" fileid="2" />
                <SequencePoint vc="0" uspid="83" ordinal="13" offset="137" sl="49" sc="13" el="49" ec="99" bec="0" bev="0" fileid="2" />
                <SequencePoint vc="0" uspid="84" ordinal="14" offset="160" sl="50" sc="9" el="50" ec="10" bec="0" bev="0" fileid="2" />
              </SequencePoints>
              <BranchPoints>
                <BranchPoint vc="0" uspid="85" ordinal="0" offset="82" sl="43" path="0" offsetend="84" fileid="2" />
                <BranchPoint vc="0" uspid="86" ordinal="1" offset="82" sl="43" path="1" offsetend="114" fileid="2" />
                <BranchPoint vc="0" uspid="87" ordinal="2" offset="135" sl="41" path="0" offsetend="137" fileid="2" />
                <BranchPoint vc="0" uspid="88" ordinal="3" offset="135" sl="41" path="1" offsetend="54" fileid="2" />
              </BranchPoints>
              <MethodPoint xsi:type="SequencePoint" vc="0" uspid="70" ordinal="0" offset="0" sl="35" sc="9" el="35" ec="10" bec="0" bev="0" fileid="2" />
            </Method>
            <Method visited="false" cyclomaticComplexity="2" nPathComplexity="2" sequenceCoverage="0" branchCoverage="0" crapScore="6" isConstructor="false" isStatic="false" isGetter="false" isSetter="false">
              <Summary numSequencePoints="7" visitedSequencePoints="0" numBranchPoints="3" visitedBranchPoints="0" sequenceCoverage="0" branchCoverage="0" maxCyclomaticComplexity="2" minCyclomaticComplexity="2" maxCrapScore="6" minCrapScore="6" visitedClasses="0" numClasses="0" visitedMethods="0" numMethods="1" />
              <MetadataToken>100663305</MetadataToken>
              <Name>System.Collections.Generic.List`1&lt;Entities.Position&gt; Data.Repositories.PositionsRepository::GetPositions()</Name>
              <FileRef uid="2" />
              <SequencePoints>
                <SequencePoint vc="0" uspid="89" ordinal="0" offset="0" sl="53" sc="9" el="53" ec="10" bec="0" bev="0" fileid="2" />
                <SequencePoint vc="0" uspid="90" ordinal="1" offset="1" sl="54" sc="13" el="54" ec="43" bec="0" bev="0" fileid="2" />
                <SequencePoint vc="0" uspid="91" ordinal="2" offset="16" sl="55" sc="13" el="55" ec="78" bec="0" bev="0" fileid="2" />
                <SequencePoint vc="0" uspid="92" ordinal="3" offset="32" sl="57" sc="13" el="57" ec="36" bec="2" bev="0" fileid="2" />
                <SequencePoint vc="0" uspid="93" ordinal="4" offset="45" sl="58" sc="17" el="58" ec="51" bec="0" bev="0" fileid="2" />
                <SequencePoint vc="0" uspid="94" ordinal="5" offset="56" sl="60" sc="13" el="60" ec="31" bec="0" bev="0" fileid="2" />
                <SequencePoint vc="0" uspid="95" ordinal="6" offset="65" sl="61" sc="9" el="61" ec="10" bec="0" bev="0" fileid="2" />
              </SequencePoints>
              <BranchPoints>
                <BranchPoint vc="0" uspid="96" ordinal="0" offset="43" sl="57" path="0" offsetend="45" fileid="2" />
                <BranchPoint vc="0" uspid="97" ordinal="1" offset="43" sl="57" path="1" offsetend="56" fileid="2" />
              </BranchPoints>
              <MethodPoint xsi:type="SequencePoint" vc="0" uspid="89" ordinal="0" offset="0" sl="53" sc="9" el="53" ec="10" bec="0" bev="0" fileid="2" />
            </Method>
            <Method visited="false" cyclomaticComplexity="1" nPathComplexity="0" sequenceCoverage="0" branchCoverage="0" crapScore="2" isConstructor="false" isStatic="false" isGetter="false" isSetter="false">
              <Summary numSequencePoints="6" visitedSequencePoints="0" numBranchPoints="1" visitedBranchPoints="0" sequenceCoverage="0" branchCoverage="0" maxCyclomaticComplexity="1" minCyclomaticComplexity="1" maxCrapScore="2" minCrapScore="2" visitedClasses="0" numClasses="0" visitedMethods="0" numMethods="1" />
              <MetadataToken>100663306</MetadataToken>
              <Name>System.Void Data.Repositories.PositionsRepository::UpdatePosition(Entities.Position)</Name>
              <FileRef uid="2" />
              <SequencePoints>
                <SequencePoint vc="0" uspid="98" ordinal="0" offset="0" sl="64" sc="9" el="64" ec="10" bec="0" bev="0" fileid="2" />
                <SequencePoint vc="0" uspid="99" ordinal="1" offset="1" sl="65" sc="13" el="65" ec="43" bec="0" bev="0" fileid="2" />
                <SequencePoint vc="0" uspid="100" ordinal="2" offset="16" sl="66" sc="13" el="66" ec="78" bec="0" bev="0" fileid="2" />
                <SequencePoint vc="0" uspid="101" ordinal="3" offset="32" sl="68" sc="13" el="68" ec="48" bec="0" bev="0" fileid="2" />
                <SequencePoint vc="0" uspid="102" ordinal="4" offset="51" sl="70" sc="13" el="70" ec="99" bec="0" bev="0" fileid="2" />
                <SequencePoint vc="0" uspid="103" ordinal="5" offset="74" sl="71" sc="9" el="71" ec="10" bec="0" bev="0" fileid="2" />
              </SequencePoints>
              <BranchPoints />
              <MethodPoint xsi:type="SequencePoint" vc="0" uspid="98" ordinal="0" offset="0" sl="64" sc="9" el="64" ec="10" bec="0" bev="0" fileid="2" />
            </Method>
            <Method visited="false" cyclomaticComplexity="1" nPathComplexity="0" sequenceCoverage="0" branchCoverage="0" crapScore="2" isConstructor="true" isStatic="false" isGetter="false" isSetter="false">
              <Summary numSequencePoints="1" visitedSequencePoints="0" numBranchPoints="1" visitedBranchPoints="0" sequenceCoverage="0" branchCoverage="0" maxCyclomaticComplexity="1" minCyclomaticComplexity="1" maxCrapScore="2" minCrapScore="2" visitedClasses="0" numClasses="0" visitedMethods="0" numMethods="1" />
              <MetadataToken>100663307</MetadataToken>
              <Name>System.Void Data.Repositories.PositionsRepository::.ctor()</Name>
              <FileRef uid="2" />
              <SequencePoints>
                <SequencePoint vc="0" uspid="104" ordinal="0" offset="0" sl="12" sc="9" el="12" ec="66" bec="0" bev="0" fileid="2" />
              </SequencePoints>
              <BranchPoints />
              <MethodPoint xsi:type="SequencePoint" vc="0" uspid="104" ordinal="0" offset="0" sl="12" sc="9" el="12" ec="66" bec="0" bev="0" fileid="2" />
            </Method>
            <Method visited="false" cyclomaticComplexity="1" nPathComplexity="0" sequenceCoverage="0" branchCoverage="0" crapScore="2" isConstructor="true" isStatic="true" isGetter="false" isSetter="false">
              <Summary numSequencePoints="2" visitedSequencePoints="0" numBranchPoints="1" visitedBranchPoints="0" sequenceCoverage="0" branchCoverage="0" maxCyclomaticComplexity="1" minCyclomaticComplexity="1" maxCrapScore="2" minCrapScore="2" visitedClasses="0" numClasses="0" visitedMethods="0" numMethods="1" />
              <MetadataToken>100663308</MetadataToken>
              <Name>System.Void Data.Repositories.PositionsRepository::.cctor()</Name>
              <FileRef uid="2" />
              <SequencePoints>
                <SequencePoint vc="0" uspid="105" ordinal="0" offset="0" sl="10" sc="9" el="10" ec="123" bec="0" bev="0" fileid="2" />
                <SequencePoint vc="0" uspid="106" ordinal="1" offset="10" sl="11" sc="9" el="11" ec="61" bec="0" bev="0" fileid="2" />
              </SequencePoints>
              <BranchPoints />
              <MethodPoint xsi:type="SequencePoint" vc="0" uspid="105" ordinal="0" offset="0" sl="10" sc="9" el="10" ec="123" bec="0" bev="0" fileid="2" />
            </Method>
          </Methods>
        </Class>
        <Class>
          <Summary numSequencePoints="45" visitedSequencePoints="0" numBranchPoints="14" visitedBranchPoints="0" sequenceCoverage="0" branchCoverage="0" maxCyclomaticComplexity="3" minCyclomaticComplexity="1" maxCrapScore="12" minCrapScore="2" visitedClasses="0" numClasses="1" visitedMethods="0" numMethods="6" />
          <FullName>Data.Repositories.UnitsRepository</FullName>
          <Methods>
            <Method visited="false" cyclomaticComplexity="2" nPathComplexity="2" sequenceCoverage="0" branchCoverage="0" crapScore="6" isConstructor="false" isStatic="false" isGetter="false" isSetter="false">
              <Summary numSequencePoints="14" visitedSequencePoints="0" numBranchPoints="3" visitedBranchPoints="0" sequenceCoverage="0" branchCoverage="0" maxCyclomaticComplexity="2" minCyclomaticComplexity="2" maxCrapScore="6" minCrapScore="6" visitedClasses="0" numClasses="0" visitedMethods="0" numMethods="1" />
              <MetadataToken>100663309</MetadataToken>
              <Name>System.Void Data.Repositories.UnitsRepository::AddUnit(Entities.Unit)</Name>
              <FileRef uid="3" />
              <SequencePoints>
                <SequencePoint vc="0" uspid="107" ordinal="0" offset="0" sl="15" sc="9" el="15" ec="10" bec="0" bev="0" fileid="3" />
                <SequencePoint vc="0" uspid="108" ordinal="1" offset="1" sl="16" sc="13" el="16" ec="43" bec="0" bev="0" fileid="3" />
                <SequencePoint vc="0" uspid="109" ordinal="2" offset="16" sl="17" sc="13" el="17" ec="70" bec="0" bev="0" fileid="3" />
                <SequencePoint vc="0" uspid="110" ordinal="3" offset="32" sl="19" sc="13" el="19" ec="32" bec="2" bev="0" fileid="3" />
                <SequencePoint vc="0" uspid="111" ordinal="4" offset="45" sl="20" sc="13" el="20" ec="14" bec="0" bev="0" fileid="3" />
                <SequencePoint vc="0" uspid="112" ordinal="5" offset="46" sl="21" sc="17" el="21" ec="43" bec="0" bev="0" fileid="3" />
                <SequencePoint vc="0" uspid="113" ordinal="6" offset="57" sl="22" sc="17" el="22" ec="29" bec="0" bev="0" fileid="3" />
                <SequencePoint vc="0" uspid="114" ordinal="7" offset="65" sl="23" sc="13" el="23" ec="14" bec="0" bev="0" fileid="3" />
                <SequencePoint vc="0" uspid="115" ordinal="8" offset="68" sl="25" sc="13" el="25" ec="14" bec="0" bev="0" fileid="3" />
                <SequencePoint vc="0" uspid="116" ordinal="9" offset="69" sl="26" sc="17" el="26" ec="40" bec="0" bev="0" fileid="3" />
                <SequencePoint vc="0" uspid="117" ordinal="10" offset="87" sl="27" sc="13" el="27" ec="14" bec="0" bev="0" fileid="3" />
                <SequencePoint vc="0" uspid="118" ordinal="11" offset="88" sl="29" sc="13" el="29" ec="30" bec="0" bev="0" fileid="3" />
                <SequencePoint vc="0" uspid="119" ordinal="12" offset="101" sl="31" sc="13" el="31" ec="95" bec="0" bev="0" fileid="3" />
                <SequencePoint vc="0" uspid="120" ordinal="13" offset="124" sl="32" sc="9" el="32" ec="10" bec="0" bev="0" fileid="3" />
              </SequencePoints>
              <BranchPoints>
                <BranchPoint vc="0" uspid="121" ordinal="0" offset="43" sl="19" path="0" offsetend="45" fileid="3" />
                <BranchPoint vc="0" uspid="122" ordinal="1" offset="43" sl="19" path="1" offsetend="68" fileid="3" />
              </BranchPoints>
              <MethodPoint xsi:type="SequencePoint" vc="0" uspid="107" ordinal="0" offset="0" sl="15" sc="9" el="15" ec="10" bec="0" bev="0" fileid="3" />
            </Method>
            <Method visited="false" cyclomaticComplexity="3" nPathComplexity="4" sequenceCoverage="0" branchCoverage="0" crapScore="12" isConstructor="false" isStatic="false" isGetter="false" isSetter="false">
              <Summary numSequencePoints="15" visitedSequencePoints="0" numBranchPoints="5" visitedBranchPoints="0" sequenceCoverage="0" branchCoverage="0" maxCyclomaticComplexity="3" minCyclomaticComplexity="3" maxCrapScore="12" minCrapScore="12" visitedClasses="0" numClasses="0" visitedMethods="0" numMethods="1" />
              <MetadataToken>100663310</MetadataToken>
              <Name>System.Void Data.Repositories.UnitsRepository::DeleteUnit(Entities.Unit)</Name>
              <FileRef uid="3" />
              <SequencePoints>
                <SequencePoint vc="0" uspid="123" ordinal="0" offset="0" sl="35" sc="9" el="35" ec="10" bec="0" bev="0" fileid="3" />
                <SequencePoint vc="0" uspid="124" ordinal="1" offset="1" sl="36" sc="13" el="36" ec="43" bec="0" bev="0" fileid="3" />
                <SequencePoint vc="0" uspid="125" ordinal="2" offset="16" sl="37" sc="13" el="37" ec="70" bec="0" bev="0" fileid="3" />
                <SequencePoint vc="0" uspid="126" ordinal="3" offset="32" sl="39" sc="13" el="39" ec="38" bec="0" bev="0" fileid="3" />
                <SequencePoint vc="0" uspid="127" ordinal="4" offset="50" sl="41" sc="18" el="41" ec="27" bec="0" bev="0" fileid="3" />
                <SequencePoint vc="0" uspid="128" ordinal="5" offset="54" sl="42" sc="13" el="42" ec="14" bec="0" bev="0" fileid="3" />
                <SequencePoint vc="0" uspid="129" ordinal="6" offset="55" sl="43" sc="17" el="43" ec="44" bec="2" bev="0" fileid="3" />
                <SequencePoint vc="0" uspid="130" ordinal="7" offset="84" sl="44" sc="17" el="44" ec="18" bec="0" bev="0" fileid="3" />
                <SequencePoint vc="0" uspid="131" ordinal="8" offset="85" sl="45" sc="21" el="45" ec="36" bec="0" bev="0" fileid="3" />
                <SequencePoint vc="0" uspid="132" ordinal="9" offset="113" sl="46" sc="17" el="46" ec="18" bec="0" bev="0" fileid="3" />
                <SequencePoint vc="0" uspid="133" ordinal="10" offset="114" sl="47" sc="13" el="47" ec="14" bec="0" bev="0" fileid="3" />
                <SequencePoint vc="0" uspid="134" ordinal="11" offset="115" sl="41" sc="47" el="41" ec="50" bec="0" bev="0" fileid="3" />
                <SequencePoint vc="0" uspid="135" ordinal="12" offset="119" sl="41" sc="29" el="41" ec="45" bec="2" bev="0" fileid="3" />
                <SequencePoint vc="0" uspid="136" ordinal="13" offset="137" sl="49" sc="13" el="49" ec="95" bec="0" bev="0" fileid="3" />
                <SequencePoint vc="0" uspid="137" ordinal="14" offset="160" sl="50" sc="9" el="50" ec="10" bec="0" bev="0" fileid="3" />
              </SequencePoints>
              <BranchPoints>
                <BranchPoint vc="0" uspid="138" ordinal="0" offset="82" sl="43" path="0" offsetend="84" fileid="3" />
                <BranchPoint vc="0" uspid="139" ordinal="1" offset="82" sl="43" path="1" offsetend="114" fileid="3" />
                <BranchPoint vc="0" uspid="140" ordinal="2" offset="135" sl="41" path="0" offsetend="137" fileid="3" />
                <BranchPoint vc="0" uspid="141" ordinal="3" offset="135" sl="41" path="1" offsetend="54" fileid="3" />
              </BranchPoints>
              <MethodPoint xsi:type="SequencePoint" vc="0" uspid="123" ordinal="0" offset="0" sl="35" sc="9" el="35" ec="10" bec="0" bev="0" fileid="3" />
            </Method>
            <Method visited="false" cyclomaticComplexity="2" nPathComplexity="2" sequenceCoverage="0" branchCoverage="0" crapScore="6" isConstructor="false" isStatic="false" isGetter="false" isSetter="false">
              <Summary numSequencePoints="7" visitedSequencePoints="0" numBranchPoints="3" visitedBranchPoints="0" sequenceCoverage="0" branchCoverage="0" maxCyclomaticComplexity="2" minCyclomaticComplexity="2" maxCrapScore="6" minCrapScore="6" visitedClasses="0" numClasses="0" visitedMethods="0" numMethods="1" />
              <MetadataToken>100663311</MetadataToken>
              <Name>System.Collections.Generic.List`1&lt;Entities.Unit&gt; Data.Repositories.UnitsRepository::GetUnits()</Name>
              <FileRef uid="3" />
              <SequencePoints>
                <SequencePoint vc="0" uspid="142" ordinal="0" offset="0" sl="53" sc="9" el="53" ec="10" bec="0" bev="0" fileid="3" />
                <SequencePoint vc="0" uspid="143" ordinal="1" offset="1" sl="54" sc="13" el="54" ec="43" bec="0" bev="0" fileid="3" />
                <SequencePoint vc="0" uspid="144" ordinal="2" offset="16" sl="55" sc="13" el="55" ec="70" bec="0" bev="0" fileid="3" />
                <SequencePoint vc="0" uspid="145" ordinal="3" offset="32" sl="57" sc="13" el="57" ec="32" bec="2" bev="0" fileid="3" />
                <SequencePoint vc="0" uspid="146" ordinal="4" offset="45" sl="58" sc="17" el="58" ec="43" bec="0" bev="0" fileid="3" />
                <SequencePoint vc="0" uspid="147" ordinal="5" offset="56" sl="60" sc="13" el="60" ec="27" bec="0" bev="0" fileid="3" />
                <SequencePoint vc="0" uspid="148" ordinal="6" offset="65" sl="61" sc="9" el="61" ec="10" bec="0" bev="0" fileid="3" />
              </SequencePoints>
              <BranchPoints>
                <BranchPoint vc="0" uspid="149" ordinal="0" offset="43" sl="57" path="0" offsetend="45" fileid="3" />
                <BranchPoint vc="0" uspid="150" ordinal="1" offset="43" sl="57" path="1" offsetend="56" fileid="3" />
              </BranchPoints>
              <MethodPoint xsi:type="SequencePoint" vc="0" uspid="142" ordinal="0" offset="0" sl="53" sc="9" el="53" ec="10" bec="0" bev="0" fileid="3" />
            </Method>
            <Method visited="false" cyclomaticComplexity="1" nPathComplexity="0" sequenceCoverage="0" branchCoverage="0" crapScore="2" isConstructor="false" isStatic="false" isGetter="false" isSetter="false">
              <Summary numSequencePoints="6" visitedSequencePoints="0" numBranchPoints="1" visitedBranchPoints="0" sequenceCoverage="0" branchCoverage="0" maxCyclomaticComplexity="1" minCyclomaticComplexity="1" maxCrapScore="2" minCrapScore="2" visitedClasses="0" numClasses="0" visitedMethods="0" numMethods="1" />
              <MetadataToken>100663312</MetadataToken>
              <Name>System.Void Data.Repositories.UnitsRepository::UpdateUnit(Entities.Unit)</Name>
              <FileRef uid="3" />
              <SequencePoints>
                <SequencePoint vc="0" uspid="151" ordinal="0" offset="0" sl="64" sc="9" el="64" ec="10" bec="0" bev="0" fileid="3" />
                <SequencePoint vc="0" uspid="152" ordinal="1" offset="1" sl="65" sc="13" el="65" ec="43" bec="0" bev="0" fileid="3" />
                <SequencePoint vc="0" uspid="153" ordinal="2" offset="16" sl="66" sc="13" el="66" ec="70" bec="0" bev="0" fileid="3" />
                <SequencePoint vc="0" uspid="154" ordinal="3" offset="32" sl="68" sc="13" el="68" ec="36" bec="0" bev="0" fileid="3" />
                <SequencePoint vc="0" uspid="155" ordinal="4" offset="51" sl="70" sc="13" el="70" ec="95" bec="0" bev="0" fileid="3" />
                <SequencePoint vc="0" uspid="156" ordinal="5" offset="74" sl="71" sc="9" el="71" ec="10" bec="0" bev="0" fileid="3" />
              </SequencePoints>
              <BranchPoints />
              <MethodPoint xsi:type="SequencePoint" vc="0" uspid="151" ordinal="0" offset="0" sl="64" sc="9" el="64" ec="10" bec="0" bev="0" fileid="3" />
            </Method>
            <Method visited="false" cyclomaticComplexity="1" nPathComplexity="0" sequenceCoverage="0" branchCoverage="0" crapScore="2" isConstructor="true" isStatic="false" isGetter="false" isSetter="false">
              <Summary numSequencePoints="1" visitedSequencePoints="0" numBranchPoints="1" visitedBranchPoints="0" sequenceCoverage="0" branchCoverage="0" maxCyclomaticComplexity="1" minCyclomaticComplexity="1" maxCrapScore="2" minCrapScore="2" visitedClasses="0" numClasses="0" visitedMethods="0" numMethods="1" />
              <MetadataToken>100663313</MetadataToken>
              <Name>System.Void Data.Repositories.UnitsRepository::.ctor()</Name>
              <FileRef uid="3" />
              <SequencePoints>
                <SequencePoint vc="0" uspid="157" ordinal="0" offset="0" sl="12" sc="9" el="12" ec="54" bec="0" bev="0" fileid="3" />
              </SequencePoints>
              <BranchPoints />
              <MethodPoint xsi:type="SequencePoint" vc="0" uspid="157" ordinal="0" offset="0" sl="12" sc="9" el="12" ec="54" bec="0" bev="0" fileid="3" />
            </Method>
            <Method visited="false" cyclomaticComplexity="1" nPathComplexity="0" sequenceCoverage="0" branchCoverage="0" crapScore="2" isConstructor="true" isStatic="true" isGetter="false" isSetter="false">
              <Summary numSequencePoints="2" visitedSequencePoints="0" numBranchPoints="1" visitedBranchPoints="0" sequenceCoverage="0" branchCoverage="0" maxCyclomaticComplexity="1" minCyclomaticComplexity="1" maxCrapScore="2" minCrapScore="2" visitedClasses="0" numClasses="0" visitedMethods="0" numMethods="1" />
              <MetadataToken>100663314</MetadataToken>
              <Name>System.Void Data.Repositories.UnitsRepository::.cctor()</Name>
              <FileRef uid="3" />
              <SequencePoints>
                <SequencePoint vc="0" uspid="158" ordinal="0" offset="0" sl="10" sc="9" el="10" ec="119" bec="0" bev="0" fileid="3" />
                <SequencePoint vc="0" uspid="159" ordinal="1" offset="10" sl="11" sc="9" el="11" ec="61" bec="0" bev="0" fileid="3" />
              </SequencePoints>
              <BranchPoints />
              <MethodPoint xsi:type="SequencePoint" vc="0" uspid="158" ordinal="0" offset="0" sl="10" sc="9" el="10" ec="119" bec="0" bev="0" fileid="3" />
            </Method>
          </Methods>
        </Class>
      </Classes>
    </Module>
  </Modules>
</CoverageSession>